[debug] [2019-12-08T04:26:23.860Z] ----------------------------------------------------------------------
[debug] [2019-12-08T04:26:23.862Z] Command:       /usr/local/bin/node /usr/local/bin/firebase deploy --only functions
[debug] [2019-12-08T04:26:23.863Z] CLI Version:   7.7.0
[debug] [2019-12-08T04:26:23.863Z] Platform:      darwin
[debug] [2019-12-08T04:26:23.863Z] Node Version:  v10.15.3
[debug] [2019-12-08T04:26:23.864Z] Time:          Sat Dec 07 2019 23:26:23 GMT-0500 (Eastern Standard Time)
[debug] [2019-12-08T04:26:23.864Z] ----------------------------------------------------------------------
[debug] [2019-12-08T04:26:23.864Z] 
[debug] [2019-12-08T04:26:23.876Z] > command requires scopes: ["email","openid","https://www.googleapis.com/auth/cloudplatformprojects.readonly","https://www.googleapis.com/auth/firebase","https://www.googleapis.com/auth/cloud-platform"]
[debug] [2019-12-08T04:26:23.877Z] > authorizing via signed-in user
[debug] [2019-12-08T04:26:23.877Z] [iam] checking project skylar-social-17190 for permissions ["cloudfunctions.functions.create","cloudfunctions.functions.delete","cloudfunctions.functions.get","cloudfunctions.functions.list","cloudfunctions.functions.update","cloudfunctions.operations.get","firebase.projects.get"]
[debug] [2019-12-08T04:26:23.879Z] >>> HTTP REQUEST POST https://cloudresourcemanager.googleapis.com/v1/projects/skylar-social-17190:testIamPermissions  

[debug] [2019-12-08T04:26:24.442Z] <<< HTTP RESPONSE 200
[info] 
[info] === Deploying to 'skylar-social-17190'...
[info] 
[info] i  deploying functions
[debug] [2019-12-08T04:26:27.300Z] > [functions] package.json contents: {
  "name": "functions",
  "description": "Cloud Functions for Firebase",
  "scripts": {
    "serve": "firebase serve --only functions",
    "shell": "firebase functions:shell",
    "start": "npm run shell",
    "deploy": "firebase deploy --only functions",
    "logs": "firebase functions:log"
  },
  "engines": {
    "node": "8"
  },
  "dependencies": {
    "firebase-admin": "^8.6.0",
    "firebase-functions": "^3.3.0"
  },
  "devDependencies": {
    "firebase-functions-test": "^0.1.6"
  },
  "private": true
}
[info] i  functions: ensuring necessary APIs are enabled...
[debug] [2019-12-08T04:26:27.302Z] >>> HTTP REQUEST GET https://serviceusage.googleapis.com/v1/projects/skylar-social-17190/services/cloudfunctions.googleapis.com  
 
[debug] [2019-12-08T04:26:27.304Z] >>> HTTP REQUEST GET https://serviceusage.googleapis.com/v1/projects/skylar-social-17190/services/runtimeconfig.googleapis.com  
 
[debug] [2019-12-08T04:26:27.752Z] <<< HTTP RESPONSE 200
[debug] [2019-12-08T04:26:27.784Z] <<< HTTP RESPONSE 200
[info] ✔  functions: all necessary APIs are enabled
[debug] [2019-12-08T04:26:27.785Z] >>> HTTP REQUEST GET https://firebase.googleapis.com/v1beta1/projects/skylar-social-17190/adminSdkConfig  
 
[debug] [2019-12-08T04:26:28.059Z] <<< HTTP RESPONSE 200
[info] i  functions: preparing functions directory for uploading...
[debug] [2019-12-08T04:26:28.092Z] >>> HTTP REQUEST GET https://runtimeconfig.googleapis.com/v1beta1/projects/skylar-social-17190/configs  
 
[debug] [2019-12-08T04:26:28.757Z] <<< HTTP RESPONSE 200
[info] i  functions: packaged functions (25.83 KB) for uploading
[debug] [2019-12-08T04:26:29.234Z] >>> HTTP REQUEST POST https://cloudfunctions.googleapis.com/v1/projects/skylar-social-17190/locations/us-central1/functions:generateUploadUrl  
 
[debug] [2019-12-08T04:26:29.866Z] <<< HTTP RESPONSE 200
[debug] [2019-12-08T04:26:29.869Z] >>> HTTP REQUEST PUT https://storage.googleapis.com/gcf-upload-us-central1-13fad88a-a511-4d5c-aa1d-168b38ed74fd/79ff74ab-8012-480b-96bc-401bb4b32361.zip?GoogleAccessId=service-861778122764@gcf-admin-robot.iam.gserviceaccount.com&Expires=1575780956&Signature=rueCEMWu3y679BNXI8NHHp8ir9sew62zmuCQYF4ipetR9fSiLoyVYZ5PoPXmfwQy9zi6qA94NJRzSwWi9YN2a2kFRkYpGXLl8N7EiDIRF6qS%2BRPdcUXcT4%2FpR4QqarZOlRGhb1G7DlFOlgbfFqm5frPH4shKqWdynta%2BWyFFQZ4nGFeoRpA0EH2gRK%2F%2BCCSisRAMeGApXHYS3yPJdZEEkZ61e1gLlrD6Lk%2Bm0RuJ5XysRAWwwjvjM85Q5oKbb078FA8l%2BMgoa3TucBT12I%2F63MKYCPgj51k0PXUPlJ5aS661u80%2FxRCbiiXIIUef2gxLlXTRqawSMuyOyiOl5atRKw%3D%3D  
 <request body omitted>
[debug] [2019-12-08T04:26:30.239Z] <<< HTTP RESPONSE 200
[info] ✔  functions: functions folder uploaded successfully
[debug] [2019-12-08T04:26:30.243Z] >>> HTTP REQUEST GET https://cloudfunctions.googleapis.com/v1/projects/skylar-social-17190/locations/-/functions  
 
[debug] [2019-12-08T04:26:30.851Z] <<< HTTP RESPONSE 200
[info] i  functions: updating Node.js 8 function readMonths(us-central1)...
[debug] [2019-12-08T04:26:30.855Z] Trigger is:  {"httpsTrigger":{}}
[info] i  functions: updating Node.js 8 function readMonthsAdmin(us-central1)...
[debug] [2019-12-08T04:26:30.856Z] Trigger is:  {"httpsTrigger":{}}
[info] i  functions: updating Node.js 8 function clearClientMessages(us-central1)...
[debug] [2019-12-08T04:26:30.856Z] Trigger is:  {"httpsTrigger":{}}
[info] i  functions: updating Node.js 8 function createAdmin(us-central1)...
[debug] [2019-12-08T04:26:30.856Z] Trigger is:  {"httpsTrigger":{}}
[info] i  functions: updating Node.js 8 function getUid(us-central1)...
[debug] [2019-12-08T04:26:30.857Z] Trigger is:  {"httpsTrigger":{}}
[info] 
The following functions are found in your project but do not exist in your local source code:
	countUnread(us-central1)
	updateClientMessages(us-central1)
	updateClientNotification(us-central1)
	updateHomeClientMessages(us-central1)

If you are renaming a function or changing its region, it is recommended that you create the new function first before deleting the old one to prevent event loss. For more info, visit https://firebase.google.com/docs/functions/manage-functions#modify

