[debug] [2019-12-08T04:22:11.350Z] ----------------------------------------------------------------------
[debug] [2019-12-08T04:22:11.552Z] Command:       /usr/local/bin/node /usr/local/bin/firebase deploy --only functions
[debug] [2019-12-08T04:22:11.560Z] CLI Version:   7.7.0
[debug] [2019-12-08T04:22:11.560Z] Platform:      darwin
[debug] [2019-12-08T04:22:11.560Z] Node Version:  v10.15.3
[debug] [2019-12-08T04:22:11.617Z] Time:          Sat Dec 07 2019 23:22:11 GMT-0500 (Eastern Standard Time)
[debug] [2019-12-08T04:22:11.617Z] ----------------------------------------------------------------------
[debug] [2019-12-08T04:22:11.617Z] 
[debug] [2019-12-08T04:22:11.667Z] > command requires scopes: ["email","openid","https://www.googleapis.com/auth/cloudplatformprojects.readonly","https://www.googleapis.com/auth/firebase","https://www.googleapis.com/auth/cloud-platform"]
[debug] [2019-12-08T04:22:11.667Z] > authorizing via signed-in user
[debug] [2019-12-08T04:22:11.668Z] [iam] checking project skylar-social-17190 for permissions ["cloudfunctions.functions.create","cloudfunctions.functions.delete","cloudfunctions.functions.get","cloudfunctions.functions.list","cloudfunctions.functions.update","cloudfunctions.operations.get","firebase.projects.get"]
[debug] [2019-12-08T04:22:11.675Z] >>> HTTP REQUEST POST https://cloudresourcemanager.googleapis.com/v1/projects/skylar-social-17190:testIamPermissions  

[debug] [2019-12-08T04:22:12.527Z] <<< HTTP RESPONSE 200
[info] 
[info] === Deploying to 'skylar-social-17190'...
[info] 
[info] i  deploying functions
[debug] [2019-12-08T04:22:20.871Z] > [functions] package.json contents: {
  "name": "functions",
  "description": "Cloud Functions for Firebase",
  "scripts": {
    "serve": "firebase serve --only functions",
    "shell": "firebase functions:shell",
    "start": "npm run shell",
    "deploy": "firebase deploy --only functions",
    "logs": "firebase functions:log"
  },
  "engines": {
    "node": "8"
  },
  "dependencies": {
    "firebase-admin": "^8.6.0",
    "firebase-functions": "^3.3.0"
  },
  "devDependencies": {
    "firebase-functions-test": "^0.1.6"
  },
  "private": true
}
[info] i  functions: ensuring necessary APIs are enabled...
[debug] [2019-12-08T04:22:20.873Z] >>> HTTP REQUEST GET https://serviceusage.googleapis.com/v1/projects/skylar-social-17190/services/cloudfunctions.googleapis.com  
 
[debug] [2019-12-08T04:22:20.875Z] >>> HTTP REQUEST GET https://serviceusage.googleapis.com/v1/projects/skylar-social-17190/services/runtimeconfig.googleapis.com  
 
[debug] [2019-12-08T04:22:21.252Z] <<< HTTP RESPONSE 200
[debug] [2019-12-08T04:22:21.265Z] <<< HTTP RESPONSE 200
[info] ✔  functions: all necessary APIs are enabled
[debug] [2019-12-08T04:22:21.267Z] >>> HTTP REQUEST GET https://firebase.googleapis.com/v1beta1/projects/skylar-social-17190/adminSdkConfig  
 
[debug] [2019-12-08T04:22:21.535Z] <<< HTTP RESPONSE 200
[info] i  functions: preparing functions directory for uploading...
[debug] [2019-12-08T04:22:21.541Z] >>> HTTP REQUEST GET https://runtimeconfig.googleapis.com/v1beta1/projects/skylar-social-17190/configs  
 
[debug] [2019-12-08T04:22:21.819Z] <<< HTTP RESPONSE 200
[info] i  functions: packaged functions (25.79 KB) for uploading
[debug] [2019-12-08T04:22:22.782Z] >>> HTTP REQUEST POST https://cloudfunctions.googleapis.com/v1/projects/skylar-social-17190/locations/us-central1/functions:generateUploadUrl  
 
[debug] [2019-12-08T04:22:23.377Z] <<< HTTP RESPONSE 200
[debug] [2019-12-08T04:22:23.379Z] >>> HTTP REQUEST PUT https://storage.googleapis.com/gcf-upload-us-central1-13fad88a-a511-4d5c-aa1d-168b38ed74fd/840616cf-51f7-4003-b2b4-bc7e1d5aa48a.zip?GoogleAccessId=service-861778122764@gcf-admin-robot.iam.gserviceaccount.com&Expires=1575780709&Signature=EnnytoGv5MpgGH8ZGxsrjgjW41dWSDFL6Jf%2BoY3kDIYoHgAqR7GhAXbvrfTchBEdSrWaolFctsyZhyVgizWxiOa4HI4m5ppQiVUBF0sDrKwiXpCM9pjqmQkxo7am6ehRj2x7mi8YsGtmQR8Pn7wQaMhb4X8xEiY02hIDCXpWmIQIHwn6d2DjN48hhhUHkT6K25antRDJ6bVnunGCaTxZEd5G7IuMVRNA0WfEXRAk7GR38Bb%2FszC9UbNX4rvpm4yLrS8p2J4gEKaT%2Bz%2FsP1ZSOhlWeVDPY6RGGjlgkzoba0wwZpT0q8z%2BIWR%2BAAg94SZACTf6AFh5YOKCbvAOW%2FFWcQ%3D%3D  
 <request body omitted>
[debug] [2019-12-08T04:22:23.816Z] <<< HTTP RESPONSE 200
[info] ✔  functions: functions folder uploaded successfully
[debug] [2019-12-08T04:22:23.820Z] >>> HTTP REQUEST GET https://cloudfunctions.googleapis.com/v1/projects/skylar-social-17190/locations/-/functions  
 
[debug] [2019-12-08T04:22:24.185Z] <<< HTTP RESPONSE 200
[info] i  functions: updating Node.js 8 function readMonths(us-central1)...
[debug] [2019-12-08T04:22:24.187Z] Trigger is:  {"httpsTrigger":{}}
[info] i  functions: updating Node.js 8 function readMonthsAdmin(us-central1)...
[debug] [2019-12-08T04:22:24.188Z] Trigger is:  {"httpsTrigger":{}}
[info] i  functions: updating Node.js 8 function clearClientMessages(us-central1)...
[debug] [2019-12-08T04:22:24.189Z] Trigger is:  {"httpsTrigger":{}}
[info] i  functions: updating Node.js 8 function createAdmin(us-central1)...
[debug] [2019-12-08T04:22:24.189Z] Trigger is:  {"httpsTrigger":{}}
[info] i  functions: updating Node.js 8 function getUid(us-central1)...
[debug] [2019-12-08T04:22:24.189Z] Trigger is:  {"httpsTrigger":{}}
[info] 
The following functions are found in your project but do not exist in your local source code:
	countUnread(us-central1)
	updateClientMessages(us-central1)
	updateClientNotification(us-central1)
	updateHomeClientMessages(us-central1)

If you are renaming a function or changing its region, it is recommended that you create the new function first before deleting the old one to prevent event loss. For more info, visit https://firebase.google.com/docs/functions/manage-functions#modify

