[debug] [2019-11-22T15:07:36.766Z] ----------------------------------------------------------------------
[debug] [2019-11-22T15:07:36.767Z] Command:       /usr/local/bin/node /usr/local/bin/firebase deploy --only functions
[debug] [2019-11-22T15:07:36.768Z] CLI Version:   7.7.0
[debug] [2019-11-22T15:07:36.768Z] Platform:      darwin
[debug] [2019-11-22T15:07:36.768Z] Node Version:  v10.15.3
[debug] [2019-11-22T15:07:36.769Z] Time:          Fri Nov 22 2019 10:07:36 GMT-0500 (Eastern Standard Time)
[debug] [2019-11-22T15:07:36.769Z] ----------------------------------------------------------------------
[debug] [2019-11-22T15:07:36.769Z] 
[debug] [2019-11-22T15:07:36.779Z] > command requires scopes: ["email","openid","https://www.googleapis.com/auth/cloudplatformprojects.readonly","https://www.googleapis.com/auth/firebase","https://www.googleapis.com/auth/cloud-platform"]
[debug] [2019-11-22T15:07:36.779Z] > authorizing via signed-in user
[debug] [2019-11-22T15:07:36.779Z] [iam] checking project skylar-social-17190 for permissions ["cloudfunctions.functions.create","cloudfunctions.functions.delete","cloudfunctions.functions.get","cloudfunctions.functions.list","cloudfunctions.functions.update","cloudfunctions.operations.get","firebase.projects.get"]
[debug] [2019-11-22T15:07:36.781Z] >>> HTTP REQUEST POST https://cloudresourcemanager.googleapis.com/v1/projects/skylar-social-17190:testIamPermissions  

[debug] [2019-11-22T15:07:37.136Z] <<< HTTP RESPONSE 200
[info] 
[info] === Deploying to 'skylar-social-17190'...
[info] 
[info] i  deploying functions
[debug] [2019-11-22T15:07:38.983Z] > [functions] package.json contents: {
  "name": "functions",
  "description": "Cloud Functions for Firebase",
  "scripts": {
    "serve": "firebase serve --only functions",
    "shell": "firebase functions:shell",
    "start": "npm run shell",
    "deploy": "firebase deploy --only functions",
    "logs": "firebase functions:log"
  },
  "engines": {
    "node": "8"
  },
  "dependencies": {
    "firebase-admin": "^8.6.0",
    "firebase-functions": "^3.3.0"
  },
  "devDependencies": {
    "firebase-functions-test": "^0.1.6"
  },
  "private": true
}
[info] i  functions: ensuring necessary APIs are enabled...
[debug] [2019-11-22T15:07:38.985Z] >>> HTTP REQUEST GET https://serviceusage.googleapis.com/v1/projects/skylar-social-17190/services/cloudfunctions.googleapis.com  
 
[debug] [2019-11-22T15:07:38.986Z] >>> HTTP REQUEST GET https://serviceusage.googleapis.com/v1/projects/skylar-social-17190/services/runtimeconfig.googleapis.com  
 
[debug] [2019-11-22T15:07:39.353Z] <<< HTTP RESPONSE 200
[debug] [2019-11-22T15:07:39.354Z] <<< HTTP RESPONSE 200
[info] ✔  functions: all necessary APIs are enabled
[debug] [2019-11-22T15:07:39.355Z] >>> HTTP REQUEST GET https://firebase.googleapis.com/v1beta1/projects/skylar-social-17190/adminSdkConfig  
 
[debug] [2019-11-22T15:07:39.563Z] <<< HTTP RESPONSE 200
[info] i  functions: preparing functions directory for uploading...
[debug] [2019-11-22T15:07:39.566Z] >>> HTTP REQUEST GET https://runtimeconfig.googleapis.com/v1beta1/projects/skylar-social-17190/configs  
 
[debug] [2019-11-22T15:07:39.814Z] <<< HTTP RESPONSE 200
[info] i  functions: packaged functions (25.11 KB) for uploading
[debug] [2019-11-22T15:07:40.057Z] >>> HTTP REQUEST POST https://cloudfunctions.googleapis.com/v1/projects/skylar-social-17190/locations/us-central1/functions:generateUploadUrl  
 
[debug] [2019-11-22T15:07:40.620Z] <<< HTTP RESPONSE 200
[debug] [2019-11-22T15:07:40.620Z] >>> HTTP REQUEST PUT https://storage.googleapis.com/gcf-upload-us-central1-13fad88a-a511-4d5c-aa1d-168b38ed74fd/a77c6f83-a0c4-4743-80bf-b90c292af421.zip?GoogleAccessId=service-861778122764@gcf-admin-robot.iam.gserviceaccount.com&Expires=1574437057&Signature=imO5aU0IfDM9WUZUVn3PmIDH6GRBhYKOz9VPCQBE29OzdFqHr2CJVbPbgXzAfu%2Bdts%2BsmoErsWIEYNPeFVqON5DZWSrE5kFzwh%2FvHisSYY3WcOBe2vVs7fUQ1H54qaVsYnBTzPTkLLzic2UqJ9naS9iyr5Jn6Jzx08sQaHYBmXlQ0brM9QYtZzepVaYk48nOCmGVmEfZMZ2scSnYS%2BONzV7w4fQNYpSeiTkvRAyVLmEgqbp68CYY17QDdoY7sQmfAfTGC%2Fhpoi1DBAYp79LA4bKfiqLfz4scwInTh0JtozXg6CB%2FR8%2BZXbnUM5EXxLe0aSd6t3vWXBy6jEmAfZez4A%3D%3D  
 <request body omitted>
[debug] [2019-11-22T15:07:40.929Z] <<< HTTP RESPONSE 200
[info] ✔  functions: functions folder uploaded successfully
[debug] [2019-11-22T15:07:40.932Z] >>> HTTP REQUEST GET https://cloudfunctions.googleapis.com/v1/projects/skylar-social-17190/locations/-/functions  
 
[debug] [2019-11-22T15:07:41.307Z] <<< HTTP RESPONSE 200
[info] i  functions: updating Node.js 8 function countUnread(us-central1)...
[debug] [2019-11-22T15:07:41.309Z] Trigger is:  {"eventTrigger":{"resource":"projects/skylar-social-17190/databases/(default)/documents/chats/{userId}/messages/{message}","eventType":"providers/cloud.firestore/eventTypes/document.create","service":"firestore.googleapis.com"}}
[info] i  functions: updating Node.js 8 function readMonths(us-central1)...
[debug] [2019-11-22T15:07:41.310Z] Trigger is:  {"httpsTrigger":{}}
[info] i  functions: updating Node.js 8 function readClientMessages(us-central1)...
[debug] [2019-11-22T15:07:41.310Z] Trigger is:  {"httpsTrigger":{}}
[info] i  functions: updating Node.js 8 function getNumberOfMonths(us-central1)...
[debug] [2019-11-22T15:07:41.311Z] Trigger is:  {"httpsTrigger":{}}
[debug] [2019-11-22T15:07:41.312Z] >>> HTTP REQUEST GET https://serviceusage.googleapis.com/v1/projects/skylar-social-17190/services/cloudscheduler.googleapis.com  
 
[debug] [2019-11-22T15:07:41.675Z] <<< HTTP RESPONSE 200
[debug] [2019-11-22T15:07:41.678Z] >>> HTTP REQUEST PATCH https://cloudfunctions.googleapis.com/v1/projects/skylar-social-17190/locations/us-central1/functions/countUnread {"updateMask":"sourceUploadUrl,name,labels,runtime,eventTrigger.resource,eventTrigger.eventType,eventTrigger.service"} 

[debug] [2019-11-22T15:07:41.680Z] >>> HTTP REQUEST PATCH https://cloudfunctions.googleapis.com/v1/projects/skylar-social-17190/locations/us-central1/functions/readMonths {"updateMask":"sourceUploadUrl,name,labels,runtime,httpsTrigger"} 

[debug] [2019-11-22T15:07:41.681Z] >>> HTTP REQUEST PATCH https://cloudfunctions.googleapis.com/v1/projects/skylar-social-17190/locations/us-central1/functions/readClientMessages {"updateMask":"sourceUploadUrl,name,labels,runtime,httpsTrigger"} 

[debug] [2019-11-22T15:07:41.681Z] >>> HTTP REQUEST PATCH https://cloudfunctions.googleapis.com/v1/projects/skylar-social-17190/locations/us-central1/functions/getNumberOfMonths {"updateMask":"sourceUploadUrl,name,labels,runtime,httpsTrigger"} 

[debug] [2019-11-22T15:07:42.042Z] <<< HTTP RESPONSE 200
[debug] [2019-11-22T15:07:42.044Z] <<< HTTP RESPONSE 200
[debug] [2019-11-22T15:07:42.045Z] <<< HTTP RESPONSE 200
[debug] [2019-11-22T15:07:42.045Z] <<< HTTP RESPONSE 200
[debug] [2019-11-22T15:07:42.046Z] >>> HTTP REQUEST GET https://cloudfunctions.googleapis.com/v1/projects/skylar-social-17190/locations/-/functions  
 
[debug] [2019-11-22T15:07:42.451Z] <<< HTTP RESPONSE 200
[debug] [2019-11-22T15:07:42.453Z] >>> HTTP REQUEST GET https://cloudfunctions.googleapis.com/v1/operations/c2t5bGFyLXNvY2lhbC0xNzE5MC91cy1jZW50cmFsMS9jb3VudFVucmVhZC9hdHQyemtKSXdUNA  
 
[debug] [2019-11-22T15:07:42.453Z] >>> HTTP REQUEST GET https://cloudfunctions.googleapis.com/v1/operations/c2t5bGFyLXNvY2lhbC0xNzE5MC91cy1jZW50cmFsMS9yZWFkTW9udGhzL2FLVWNCTF9yUjN3  
 
[debug] [2019-11-22T15:07:42.454Z] >>> HTTP REQUEST GET https://cloudfunctions.googleapis.com/v1/operations/c2t5bGFyLXNvY2lhbC0xNzE5MC91cy1jZW50cmFsMS9yZWFkQ2xpZW50TWVzc2FnZXMvUnFHNW9KakQ3bDg  
 
[debug] [2019-11-22T15:07:42.454Z] >>> HTTP REQUEST GET https://cloudfunctions.googleapis.com/v1/operations/c2t5bGFyLXNvY2lhbC0xNzE5MC91cy1jZW50cmFsMS9nZXROdW1iZXJPZk1vbnRocy9EZlNWRTFvU0YwRQ  
 
[debug] [2019-11-22T15:07:42.639Z] <<< HTTP RESPONSE 200
[debug] [2019-11-22T15:07:42.647Z] <<< HTTP RESPONSE 200
[debug] [2019-11-22T15:07:42.656Z] <<< HTTP RESPONSE 200
[debug] [2019-11-22T15:07:42.710Z] <<< HTTP RESPONSE 200
