[debug] [2019-12-08T04:38:07.422Z] ----------------------------------------------------------------------
[debug] [2019-12-08T04:38:07.426Z] Command:       /usr/local/bin/node /usr/local/bin/firebase deploy --only functions
[debug] [2019-12-08T04:38:07.426Z] CLI Version:   7.7.0
[debug] [2019-12-08T04:38:07.427Z] Platform:      darwin
[debug] [2019-12-08T04:38:07.427Z] Node Version:  v10.15.3
[debug] [2019-12-08T04:38:07.428Z] Time:          Sat Dec 07 2019 23:38:07 GMT-0500 (Eastern Standard Time)
[debug] [2019-12-08T04:38:07.428Z] ----------------------------------------------------------------------
[debug] [2019-12-08T04:38:07.428Z] 
[debug] [2019-12-08T04:38:07.451Z] > command requires scopes: ["email","openid","https://www.googleapis.com/auth/cloudplatformprojects.readonly","https://www.googleapis.com/auth/firebase","https://www.googleapis.com/auth/cloud-platform"]
[debug] [2019-12-08T04:38:07.452Z] > authorizing via signed-in user
[debug] [2019-12-08T04:38:07.452Z] [iam] checking project skylar-social-17190 for permissions ["cloudfunctions.functions.create","cloudfunctions.functions.delete","cloudfunctions.functions.get","cloudfunctions.functions.list","cloudfunctions.functions.update","cloudfunctions.operations.get","firebase.projects.get"]
[debug] [2019-12-08T04:38:07.456Z] >>> HTTP REQUEST POST https://cloudresourcemanager.googleapis.com/v1/projects/skylar-social-17190:testIamPermissions  

[debug] [2019-12-08T04:38:07.933Z] <<< HTTP RESPONSE 200
[info] 
[info] === Deploying to 'skylar-social-17190'...
[info] 
[info] i  deploying functions
[debug] [2019-12-08T04:38:12.494Z] > [functions] package.json contents: {
  "name": "functions",
  "description": "Cloud Functions for Firebase",
  "scripts": {
    "serve": "firebase serve --only functions",
    "shell": "firebase functions:shell",
    "start": "npm run shell",
    "deploy": "firebase deploy --only functions",
    "logs": "firebase functions:log"
  },
  "engines": {
    "node": "8"
  },
  "dependencies": {
    "firebase-admin": "^8.6.0",
    "firebase-functions": "^3.3.0"
  },
  "devDependencies": {
    "firebase-functions-test": "^0.1.6"
  },
  "private": true
}
[info] i  functions: ensuring necessary APIs are enabled...
[debug] [2019-12-08T04:38:12.498Z] >>> HTTP REQUEST GET https://serviceusage.googleapis.com/v1/projects/skylar-social-17190/services/cloudfunctions.googleapis.com  
 
[debug] [2019-12-08T04:38:12.499Z] >>> HTTP REQUEST GET https://serviceusage.googleapis.com/v1/projects/skylar-social-17190/services/runtimeconfig.googleapis.com  
 
[debug] [2019-12-08T04:38:12.979Z] <<< HTTP RESPONSE 200
[debug] [2019-12-08T04:38:13.007Z] <<< HTTP RESPONSE 200
[info] ✔  functions: all necessary APIs are enabled
[debug] [2019-12-08T04:38:13.011Z] >>> HTTP REQUEST GET https://firebase.googleapis.com/v1beta1/projects/skylar-social-17190/adminSdkConfig  
 
[debug] [2019-12-08T04:38:13.304Z] <<< HTTP RESPONSE 200
[info] i  functions: preparing functions directory for uploading...
[debug] [2019-12-08T04:38:13.306Z] >>> HTTP REQUEST GET https://runtimeconfig.googleapis.com/v1beta1/projects/skylar-social-17190/configs  
 
[debug] [2019-12-08T04:38:13.726Z] <<< HTTP RESPONSE 200
[info] i  functions: packaged functions (25.83 KB) for uploading
[debug] [2019-12-08T04:38:14.149Z] >>> HTTP REQUEST POST https://cloudfunctions.googleapis.com/v1/projects/skylar-social-17190/locations/us-central1/functions:generateUploadUrl  
 
[debug] [2019-12-08T04:38:14.821Z] <<< HTTP RESPONSE 200
[debug] [2019-12-08T04:38:14.822Z] >>> HTTP REQUEST PUT https://storage.googleapis.com/gcf-upload-us-central1-13fad88a-a511-4d5c-aa1d-168b38ed74fd/95e786d0-b627-4cdb-a7e2-87f2c10e6874.zip?GoogleAccessId=service-861778122764@gcf-admin-robot.iam.gserviceaccount.com&Expires=1575781661&Signature=14rJ9SkdfVxWdEn21onPjwJvJ6M1iLk%2F7va7ONLCL4BRYPqcf1wEe%2BVnx%2BYCp1jBdBXchC0k1gCf3u9eqWcm%2Bptq8yeSJAMSaZ6Vb5MdwwHYs2vkF60t66WVNn%2BxL8ZA6e%2FvVyUgBAMeghdw1JLKMOohpER9L7emmOgPcX%2Ff4ln39pW2RFvUj%2FktvLcoxKrqW6I0X%2FjODCeF7%2B9Jy0o9%2FmXOYUn5l5z2MfrT6J8BiWpGmyL0KVHhuZl3%2BWliHaqdABN%2Fi3795mABVlUZF7VdJLqfswInuAIUbMJxgPbKdJ6i2Vj4qhFIxrxe8o1jrnKoRO0suxmzTrTBt0fvb5wQ1w%3D%3D  
 <request body omitted>
[debug] [2019-12-08T04:38:15.293Z] <<< HTTP RESPONSE 200
[info] ✔  functions: functions folder uploaded successfully
[debug] [2019-12-08T04:38:15.297Z] >>> HTTP REQUEST GET https://cloudfunctions.googleapis.com/v1/projects/skylar-social-17190/locations/-/functions  
 
[debug] [2019-12-08T04:38:15.650Z] <<< HTTP RESPONSE 200
[info] i  functions: updating Node.js 8 function readMonths(us-central1)...
[debug] [2019-12-08T04:38:15.655Z] Trigger is:  {"httpsTrigger":{}}
[info] i  functions: updating Node.js 8 function readMonthsAdmin(us-central1)...
[debug] [2019-12-08T04:38:15.656Z] Trigger is:  {"httpsTrigger":{}}
[info] i  functions: updating Node.js 8 function clearClientMessages(us-central1)...
[debug] [2019-12-08T04:38:15.657Z] Trigger is:  {"httpsTrigger":{}}
[info] i  functions: updating Node.js 8 function createAdmin(us-central1)...
[debug] [2019-12-08T04:38:15.657Z] Trigger is:  {"httpsTrigger":{}}
[info] i  functions: updating Node.js 8 function getUid(us-central1)...
[debug] [2019-12-08T04:38:15.658Z] Trigger is:  {"httpsTrigger":{}}
[info] 
The following functions are found in your project but do not exist in your local source code:
	countUnread(us-central1)
	updateClientMessages(us-central1)
	updateClientNotification(us-central1)
	updateHomeClientMessages(us-central1)

If you are renaming a function or changing its region, it is recommended that you create the new function first before deleting the old one to prevent event loss. For more info, visit https://firebase.google.com/docs/functions/manage-functions#modify

