[debug] [2019-11-22T14:59:22.689Z] ----------------------------------------------------------------------
[debug] [2019-11-22T14:59:22.691Z] Command:       /usr/local/bin/node /usr/local/bin/firebase deploy --only functions
[debug] [2019-11-22T14:59:22.692Z] CLI Version:   7.7.0
[debug] [2019-11-22T14:59:22.692Z] Platform:      darwin
[debug] [2019-11-22T14:59:22.692Z] Node Version:  v10.15.3
[debug] [2019-11-22T14:59:22.693Z] Time:          Fri Nov 22 2019 09:59:22 GMT-0500 (Eastern Standard Time)
[debug] [2019-11-22T14:59:22.693Z] ----------------------------------------------------------------------
[debug] [2019-11-22T14:59:22.693Z] 
[debug] [2019-11-22T14:59:22.703Z] > command requires scopes: ["email","openid","https://www.googleapis.com/auth/cloudplatformprojects.readonly","https://www.googleapis.com/auth/firebase","https://www.googleapis.com/auth/cloud-platform"]
[debug] [2019-11-22T14:59:22.703Z] > authorizing via signed-in user
[debug] [2019-11-22T14:59:22.703Z] [iam] checking project skylar-social-17190 for permissions ["cloudfunctions.functions.create","cloudfunctions.functions.delete","cloudfunctions.functions.get","cloudfunctions.functions.list","cloudfunctions.functions.update","cloudfunctions.operations.get","firebase.projects.get"]
[debug] [2019-11-22T14:59:22.705Z] > refreshing access token with scopes: ["email","https://www.googleapis.com/auth/cloud-platform","https://www.googleapis.com/auth/cloudplatformprojects.readonly","https://www.googleapis.com/auth/firebase","openid"]
[debug] [2019-11-22T14:59:22.705Z] >>> HTTP REQUEST POST https://www.googleapis.com/oauth2/v3/token  
 <request body omitted>
[debug] [2019-11-22T14:59:22.896Z] <<< HTTP RESPONSE 200
[debug] [2019-11-22T14:59:22.923Z] >>> HTTP REQUEST POST https://cloudresourcemanager.googleapis.com/v1/projects/skylar-social-17190:testIamPermissions  

[debug] [2019-11-22T14:59:23.237Z] <<< HTTP RESPONSE 200
[info] 
[info] === Deploying to 'skylar-social-17190'...
[info] 
[info] i  deploying functions
[debug] [2019-11-22T14:59:25.345Z] > [functions] package.json contents: {
  "name": "functions",
  "description": "Cloud Functions for Firebase",
  "scripts": {
    "serve": "firebase serve --only functions",
    "shell": "firebase functions:shell",
    "start": "npm run shell",
    "deploy": "firebase deploy --only functions",
    "logs": "firebase functions:log"
  },
  "engines": {
    "node": "8"
  },
  "dependencies": {
    "firebase-admin": "^8.6.0",
    "firebase-functions": "^3.3.0"
  },
  "devDependencies": {
    "firebase-functions-test": "^0.1.6"
  },
  "private": true
}
[info] i  functions: ensuring necessary APIs are enabled...
[debug] [2019-11-22T14:59:25.347Z] >>> HTTP REQUEST GET https://serviceusage.googleapis.com/v1/projects/skylar-social-17190/services/cloudfunctions.googleapis.com  
 
[debug] [2019-11-22T14:59:25.348Z] >>> HTTP REQUEST GET https://serviceusage.googleapis.com/v1/projects/skylar-social-17190/services/runtimeconfig.googleapis.com  
 
[debug] [2019-11-22T14:59:25.722Z] <<< HTTP RESPONSE 200
[debug] [2019-11-22T14:59:25.725Z] <<< HTTP RESPONSE 200
[info] ✔  functions: all necessary APIs are enabled
[debug] [2019-11-22T14:59:25.726Z] >>> HTTP REQUEST GET https://firebase.googleapis.com/v1beta1/projects/skylar-social-17190/adminSdkConfig  
 
[debug] [2019-11-22T14:59:25.964Z] <<< HTTP RESPONSE 200
[info] i  functions: preparing functions directory for uploading...
[debug] [2019-11-22T14:59:25.968Z] >>> HTTP REQUEST GET https://runtimeconfig.googleapis.com/v1beta1/projects/skylar-social-17190/configs  
 
[debug] [2019-11-22T14:59:26.495Z] <<< HTTP RESPONSE 200
[info] i  functions: packaged functions (25.1 KB) for uploading
[debug] [2019-11-22T14:59:26.714Z] >>> HTTP REQUEST POST https://cloudfunctions.googleapis.com/v1/projects/skylar-social-17190/locations/us-central1/functions:generateUploadUrl  
 
[debug] [2019-11-22T14:59:27.365Z] <<< HTTP RESPONSE 200
[debug] [2019-11-22T14:59:27.366Z] >>> HTTP REQUEST PUT https://storage.googleapis.com/gcf-upload-us-central1-13fad88a-a511-4d5c-aa1d-168b38ed74fd/1566caf6-0fcd-4449-9e1e-f83ff4de91f9.zip?GoogleAccessId=service-861778122764@gcf-admin-robot.iam.gserviceaccount.com&Expires=1574436563&Signature=BpjXB%2F%2F2cXxN8BLo3L2L5WfZUnz%2FuDgSiNEZifMTfShHtFFAZVFjzU%2BYRFxUTQVVRL4H5NUlDHPwGLH4U4om5rtp2G3Ol2YVVAYRJCuopz10xFQPIkEyEyTYzzqzNxanH2VsG%2BOsA1Sf9pXmQjRjP3kS%2Bwj0Zph%2FyWk75foie99aw3AGXouUxpJteaKNC%2F6JN64BxpY6%2Fl0WeyyJrS3zedGt2W57cg9pd6xraphZwgcSGw4Ecd3BQHATNLTDgaOKnUa8yBywcS5LfFiBEfTKRJK4Vf01P1ibKyFA9E%2FUTsB3Ikam7SZUDW9AU3rAYv5t02k4gZTvFjIDauI%2FgZLZoA%3D%3D  
 <request body omitted>
[debug] [2019-11-22T14:59:27.582Z] <<< HTTP RESPONSE 200
[info] ✔  functions: functions folder uploaded successfully
[debug] [2019-11-22T14:59:27.585Z] >>> HTTP REQUEST GET https://cloudfunctions.googleapis.com/v1/projects/skylar-social-17190/locations/-/functions  
 
[debug] [2019-11-22T14:59:27.965Z] <<< HTTP RESPONSE 200
[info] i  functions: updating Node.js 8 function countUnread(us-central1)...
[debug] [2019-11-22T14:59:27.968Z] Trigger is:  {"eventTrigger":{"resource":"projects/skylar-social-17190/databases/(default)/documents/chats/{userId}/messages/{message}","eventType":"providers/cloud.firestore/eventTypes/document.create","service":"firestore.googleapis.com"}}
[info] i  functions: updating Node.js 8 function readMonths(us-central1)...
[debug] [2019-11-22T14:59:27.969Z] Trigger is:  {"httpsTrigger":{}}
[info] i  functions: updating Node.js 8 function readClientMessages(us-central1)...
[debug] [2019-11-22T14:59:27.969Z] Trigger is:  {"httpsTrigger":{}}
[info] i  functions: updating Node.js 8 function getNumberOfMonths(us-central1)...
[debug] [2019-11-22T14:59:27.969Z] Trigger is:  {"httpsTrigger":{}}
[debug] [2019-11-22T14:59:27.970Z] >>> HTTP REQUEST GET https://serviceusage.googleapis.com/v1/projects/skylar-social-17190/services/cloudscheduler.googleapis.com  
 
[debug] [2019-11-22T14:59:28.292Z] <<< HTTP RESPONSE 200
[debug] [2019-11-22T14:59:28.297Z] >>> HTTP REQUEST PATCH https://cloudfunctions.googleapis.com/v1/projects/skylar-social-17190/locations/us-central1/functions/countUnread {"updateMask":"sourceUploadUrl,name,labels,runtime,eventTrigger.resource,eventTrigger.eventType,eventTrigger.service"} 

[debug] [2019-11-22T14:59:28.298Z] >>> HTTP REQUEST PATCH https://cloudfunctions.googleapis.com/v1/projects/skylar-social-17190/locations/us-central1/functions/readMonths {"updateMask":"sourceUploadUrl,name,labels,runtime,httpsTrigger"} 

[debug] [2019-11-22T14:59:28.298Z] >>> HTTP REQUEST PATCH https://cloudfunctions.googleapis.com/v1/projects/skylar-social-17190/locations/us-central1/functions/readClientMessages {"updateMask":"sourceUploadUrl,name,labels,runtime,httpsTrigger"} 

[debug] [2019-11-22T14:59:28.299Z] >>> HTTP REQUEST PATCH https://cloudfunctions.googleapis.com/v1/projects/skylar-social-17190/locations/us-central1/functions/getNumberOfMonths {"updateMask":"sourceUploadUrl,name,labels,runtime,httpsTrigger"} 

[debug] [2019-11-22T14:59:28.697Z] <<< HTTP RESPONSE 200
[debug] [2019-11-22T14:59:28.699Z] <<< HTTP RESPONSE 200
[debug] [2019-11-22T14:59:28.699Z] <<< HTTP RESPONSE 200
[debug] [2019-11-22T14:59:28.769Z] <<< HTTP RESPONSE 200
[debug] [2019-11-22T14:59:28.771Z] >>> HTTP REQUEST GET https://cloudfunctions.googleapis.com/v1/projects/skylar-social-17190/locations/-/functions  
 
[debug] [2019-11-22T14:59:29.209Z] <<< HTTP RESPONSE 200
[debug] [2019-11-22T14:59:29.212Z] >>> HTTP REQUEST GET https://cloudfunctions.googleapis.com/v1/operations/c2t5bGFyLXNvY2lhbC0xNzE5MC91cy1jZW50cmFsMS9jb3VudFVucmVhZC9fdjdGUUhiNnFqMA  
 
[debug] [2019-11-22T14:59:29.213Z] >>> HTTP REQUEST GET https://cloudfunctions.googleapis.com/v1/operations/c2t5bGFyLXNvY2lhbC0xNzE5MC91cy1jZW50cmFsMS9yZWFkTW9udGhzLy01dk5HM1oyWDQ0  
 
[debug] [2019-11-22T14:59:29.213Z] >>> HTTP REQUEST GET https://cloudfunctions.googleapis.com/v1/operations/c2t5bGFyLXNvY2lhbC0xNzE5MC91cy1jZW50cmFsMS9yZWFkQ2xpZW50TWVzc2FnZXMvbnFNNnBGOG5iMlk  
 
[debug] [2019-11-22T14:59:29.214Z] >>> HTTP REQUEST GET https://cloudfunctions.googleapis.com/v1/operations/c2t5bGFyLXNvY2lhbC0xNzE5MC91cy1jZW50cmFsMS9nZXROdW1iZXJPZk1vbnRocy85dVd6SktMOXR6SQ  
 
[debug] [2019-11-22T14:59:29.419Z] <<< HTTP RESPONSE 200
[debug] [2019-11-22T14:59:29.421Z] <<< HTTP RESPONSE 200
[debug] [2019-11-22T14:59:29.437Z] <<< HTTP RESPONSE 200
[debug] [2019-11-22T14:59:29.437Z] <<< HTTP RESPONSE 200
