[debug] [2019-12-08T04:35:44.248Z] ----------------------------------------------------------------------
[debug] [2019-12-08T04:35:44.250Z] Command:       /usr/local/bin/node /usr/local/bin/firebase deploy --only functions
[debug] [2019-12-08T04:35:44.250Z] CLI Version:   7.7.0
[debug] [2019-12-08T04:35:44.250Z] Platform:      darwin
[debug] [2019-12-08T04:35:44.250Z] Node Version:  v10.15.3
[debug] [2019-12-08T04:35:44.251Z] Time:          Sat Dec 07 2019 23:35:44 GMT-0500 (Eastern Standard Time)
[debug] [2019-12-08T04:35:44.251Z] ----------------------------------------------------------------------
[debug] [2019-12-08T04:35:44.251Z] 
[debug] [2019-12-08T04:35:44.261Z] > command requires scopes: ["email","openid","https://www.googleapis.com/auth/cloudplatformprojects.readonly","https://www.googleapis.com/auth/firebase","https://www.googleapis.com/auth/cloud-platform"]
[debug] [2019-12-08T04:35:44.261Z] > authorizing via signed-in user
[debug] [2019-12-08T04:35:44.261Z] [iam] checking project skylar-social-17190 for permissions ["cloudfunctions.functions.create","cloudfunctions.functions.delete","cloudfunctions.functions.get","cloudfunctions.functions.list","cloudfunctions.functions.update","cloudfunctions.operations.get","firebase.projects.get"]
[debug] [2019-12-08T04:35:44.263Z] >>> HTTP REQUEST POST https://cloudresourcemanager.googleapis.com/v1/projects/skylar-social-17190:testIamPermissions  

[debug] [2019-12-08T04:35:44.763Z] <<< HTTP RESPONSE 200
[info] 
[info] === Deploying to 'skylar-social-17190'...
[info] 
[info] i  deploying functions
[debug] [2019-12-08T04:35:46.958Z] > [functions] package.json contents: {
  "name": "functions",
  "description": "Cloud Functions for Firebase",
  "scripts": {
    "serve": "firebase serve --only functions",
    "shell": "firebase functions:shell",
    "start": "npm run shell",
    "deploy": "firebase deploy --only functions",
    "logs": "firebase functions:log"
  },
  "engines": {
    "node": "8"
  },
  "dependencies": {
    "firebase-admin": "^8.6.0",
    "firebase-functions": "^3.3.0"
  },
  "devDependencies": {
    "firebase-functions-test": "^0.1.6"
  },
  "private": true
}
[info] i  functions: ensuring necessary APIs are enabled...
[debug] [2019-12-08T04:35:46.961Z] >>> HTTP REQUEST GET https://serviceusage.googleapis.com/v1/projects/skylar-social-17190/services/cloudfunctions.googleapis.com  
 
[debug] [2019-12-08T04:35:46.962Z] >>> HTTP REQUEST GET https://serviceusage.googleapis.com/v1/projects/skylar-social-17190/services/runtimeconfig.googleapis.com  
 
[debug] [2019-12-08T04:35:47.462Z] <<< HTTP RESPONSE 200
[debug] [2019-12-08T04:35:47.493Z] <<< HTTP RESPONSE 200
[info] ✔  functions: all necessary APIs are enabled
[debug] [2019-12-08T04:35:47.494Z] >>> HTTP REQUEST GET https://firebase.googleapis.com/v1beta1/projects/skylar-social-17190/adminSdkConfig  
 
[debug] [2019-12-08T04:35:47.813Z] <<< HTTP RESPONSE 200
[info] i  functions: preparing functions directory for uploading...
[debug] [2019-12-08T04:35:47.816Z] >>> HTTP REQUEST GET https://runtimeconfig.googleapis.com/v1beta1/projects/skylar-social-17190/configs  
 
[debug] [2019-12-08T04:35:48.309Z] <<< HTTP RESPONSE 200
[info] i  functions: packaged functions (25.83 KB) for uploading
[debug] [2019-12-08T04:35:48.570Z] >>> HTTP REQUEST POST https://cloudfunctions.googleapis.com/v1/projects/skylar-social-17190/locations/us-central1/functions:generateUploadUrl  
 
[debug] [2019-12-08T04:35:49.176Z] <<< HTTP RESPONSE 200
[debug] [2019-12-08T04:35:49.177Z] >>> HTTP REQUEST PUT https://storage.googleapis.com/gcf-upload-us-central1-13fad88a-a511-4d5c-aa1d-168b38ed74fd/2035de74-b03b-48d9-983f-a0d552222540.zip?GoogleAccessId=service-861778122764@gcf-admin-robot.iam.gserviceaccount.com&Expires=1575781515&Signature=g6ru4Iu2yBz2TP4g%2BDj2oxtILSRHaWib3E0EreDzSZXz79mY4S%2Fna%2FnBjU44uMjq6q7siNRfCFGIEjEWRsk%2BnsKl4xoMVmolIHoJGYBwK40iZdc4pkcMjTz8UAzwq6sm5JtryYxeasV3ko%2BB6jIUzdA6PDi8FYW5FvOb1uBKLthKk0ojS3iAhl4OM7X%2BmUsnpGCN7tKT1C7Em2nYyxb8YJWEnITYzkRh%2By%2B6bYFPZ7LKo2sMmXtwMeyXQgjTJsp1HcFmN3fxLIexqlfZeSvNOflytarbUosoF7KSisMOApfI2vHBCImHYqSVAZA3Ssiocnl%2BA2%2FyB6aB%2BUEDmc8sKg%3D%3D  
 <request body omitted>
[debug] [2019-12-08T04:35:49.661Z] <<< HTTP RESPONSE 200
[info] ✔  functions: functions folder uploaded successfully
[debug] [2019-12-08T04:35:49.664Z] >>> HTTP REQUEST GET https://cloudfunctions.googleapis.com/v1/projects/skylar-social-17190/locations/-/functions  
 
[debug] [2019-12-08T04:35:50.258Z] <<< HTTP RESPONSE 200
[info] i  functions: updating Node.js 8 function readMonths(us-central1)...
[debug] [2019-12-08T04:35:50.264Z] Trigger is:  {"httpsTrigger":{}}
[info] i  functions: updating Node.js 8 function readMonthsAdmin(us-central1)...
[debug] [2019-12-08T04:35:50.265Z] Trigger is:  {"httpsTrigger":{}}
[info] i  functions: updating Node.js 8 function clearClientMessages(us-central1)...
[debug] [2019-12-08T04:35:50.265Z] Trigger is:  {"httpsTrigger":{}}
[info] i  functions: updating Node.js 8 function createAdmin(us-central1)...
[debug] [2019-12-08T04:35:50.266Z] Trigger is:  {"httpsTrigger":{}}
[info] i  functions: updating Node.js 8 function getUid(us-central1)...
[debug] [2019-12-08T04:35:50.266Z] Trigger is:  {"httpsTrigger":{}}
[info] 
The following functions are found in your project but do not exist in your local source code:
	countUnread(us-central1)
	updateClientMessages(us-central1)
	updateClientNotification(us-central1)
	updateHomeClientMessages(us-central1)

If you are renaming a function or changing its region, it is recommended that you create the new function first before deleting the old one to prevent event loss. For more info, visit https://firebase.google.com/docs/functions/manage-functions#modify

[info] i  functions: continuing with other deployments.
[debug] [2019-12-08T04:35:52.207Z] >>> HTTP REQUEST GET https://serviceusage.googleapis.com/v1/projects/skylar-social-17190/services/cloudscheduler.googleapis.com  
 
[debug] [2019-12-08T04:35:52.580Z] <<< HTTP RESPONSE 200
[debug] [2019-12-08T04:35:52.582Z] >>> HTTP REQUEST PATCH https://cloudfunctions.googleapis.com/v1/projects/skylar-social-17190/locations/us-central1/functions/readMonths {"updateMask":"sourceUploadUrl,name,labels,runtime,httpsTrigger"} 

[debug] [2019-12-08T04:35:52.584Z] >>> HTTP REQUEST PATCH https://cloudfunctions.googleapis.com/v1/projects/skylar-social-17190/locations/us-central1/functions/readMonthsAdmin {"updateMask":"sourceUploadUrl,name,labels,runtime,httpsTrigger"} 

[debug] [2019-12-08T04:35:52.584Z] >>> HTTP REQUEST PATCH https://cloudfunctions.googleapis.com/v1/projects/skylar-social-17190/locations/us-central1/functions/clearClientMessages {"updateMask":"sourceUploadUrl,name,labels,runtime,httpsTrigger"} 

[debug] [2019-12-08T04:35:52.585Z] >>> HTTP REQUEST PATCH https://cloudfunctions.googleapis.com/v1/projects/skylar-social-17190/locations/us-central1/functions/createAdmin {"updateMask":"sourceUploadUrl,name,labels,runtime,httpsTrigger"} 

[debug] [2019-12-08T04:35:52.585Z] >>> HTTP REQUEST PATCH https://cloudfunctions.googleapis.com/v1/projects/skylar-social-17190/locations/us-central1/functions/getUid {"updateMask":"sourceUploadUrl,name,labels,runtime,httpsTrigger"} 

[debug] [2019-12-08T04:35:52.881Z] <<< HTTP RESPONSE 200
[debug] [2019-12-08T04:35:52.883Z] <<< HTTP RESPONSE 200
[debug] [2019-12-08T04:35:52.910Z] <<< HTTP RESPONSE 200
[debug] [2019-12-08T04:35:52.917Z] <<< HTTP RESPONSE 200
[debug] [2019-12-08T04:35:52.964Z] <<< HTTP RESPONSE 200
[debug] [2019-12-08T04:35:52.966Z] >>> HTTP REQUEST GET https://cloudfunctions.googleapis.com/v1/projects/skylar-social-17190/locations/-/functions  
 
[debug] [2019-12-08T04:35:53.300Z] <<< HTTP RESPONSE 200
[debug] [2019-12-08T04:35:53.302Z] >>> HTTP REQUEST GET https://cloudfunctions.googleapis.com/v1/operations/c2t5bGFyLXNvY2lhbC0xNzE5MC91cy1jZW50cmFsMS9yZWFkTW9udGhzL2FFZnoya2haNWQw  
 
[debug] [2019-12-08T04:35:53.303Z] >>> HTTP REQUEST GET https://cloudfunctions.googleapis.com/v1/operations/c2t5bGFyLXNvY2lhbC0xNzE5MC91cy1jZW50cmFsMS9yZWFkTW9udGhzQWRtaW4vNS1Fa3NlcGZjS2M  
 
[debug] [2019-12-08T04:35:53.303Z] >>> HTTP REQUEST GET https://cloudfunctions.googleapis.com/v1/operations/c2t5bGFyLXNvY2lhbC0xNzE5MC91cy1jZW50cmFsMS9jbGVhckNsaWVudE1lc3NhZ2VzL0x5ajhtY0lMZFd3  
 
[debug] [2019-12-08T04:35:53.304Z] >>> HTTP REQUEST GET https://cloudfunctions.googleapis.com/v1/operations/c2t5bGFyLXNvY2lhbC0xNzE5MC91cy1jZW50cmFsMS9jcmVhdGVBZG1pbi9WQjUxRkRXMHZxdw  
 
[debug] [2019-12-08T04:35:53.304Z] >>> HTTP REQUEST GET https://cloudfunctions.googleapis.com/v1/operations/c2t5bGFyLXNvY2lhbC0xNzE5MC91cy1jZW50cmFsMS9nZXRVaWQvbjY3WlI4ekVZQTg  
 
[debug] [2019-12-08T04:35:53.508Z] <<< HTTP RESPONSE 200
[debug] [2019-12-08T04:35:53.510Z] <<< HTTP RESPONSE 200
[debug] [2019-12-08T04:35:53.514Z] <<< HTTP RESPONSE 200
[debug] [2019-12-08T04:35:53.520Z] <<< HTTP RESPONSE 200
[debug] [2019-12-08T04:35:53.534Z] <<< HTTP RESPONSE 200
[debug] [2019-12-08T04:35:55.517Z] >>> HTTP REQUEST GET https://cloudfunctions.googleapis.com/v1/operations/c2t5bGFyLXNvY2lhbC0xNzE5MC91cy1jZW50cmFsMS9jbGVhckNsaWVudE1lc3NhZ2VzL0x5ajhtY0lMZFd3  
 
[debug] [2019-12-08T04:35:55.523Z] >>> HTTP REQUEST GET https://cloudfunctions.googleapis.com/v1/operations/c2t5bGFyLXNvY2lhbC0xNzE5MC91cy1jZW50cmFsMS9nZXRVaWQvbjY3WlI4ekVZQTg  
 
[debug] [2019-12-08T04:35:55.523Z] >>> HTTP REQUEST GET https://cloudfunctions.googleapis.com/v1/operations/c2t5bGFyLXNvY2lhbC0xNzE5MC91cy1jZW50cmFsMS9yZWFkTW9udGhzQWRtaW4vNS1Fa3NlcGZjS2M  
 
[debug] [2019-12-08T04:35:55.528Z] >>> HTTP REQUEST GET https://cloudfunctions.googleapis.com/v1/operations/c2t5bGFyLXNvY2lhbC0xNzE5MC91cy1jZW50cmFsMS9jcmVhdGVBZG1pbi9WQjUxRkRXMHZxdw  
 
[debug] [2019-12-08T04:35:55.535Z] >>> HTTP REQUEST GET https://cloudfunctions.googleapis.com/v1/operations/c2t5bGFyLXNvY2lhbC0xNzE5MC91cy1jZW50cmFsMS9yZWFkTW9udGhzL2FFZnoya2haNWQw  
 
[debug] [2019-12-08T04:35:55.723Z] <<< HTTP RESPONSE 200
[debug] [2019-12-08T04:35:55.724Z] <<< HTTP RESPONSE 200
[debug] [2019-12-08T04:35:55.730Z] <<< HTTP RESPONSE 200
[debug] [2019-12-08T04:35:55.736Z] <<< HTTP RESPONSE 200
[debug] [2019-12-08T04:35:55.756Z] <<< HTTP RESPONSE 200
