[debug] [2019-12-08T04:19:28.074Z] ----------------------------------------------------------------------
[debug] [2019-12-08T04:19:28.077Z] Command:       /usr/local/bin/node /usr/local/bin/firebase deploy --only functions
[debug] [2019-12-08T04:19:28.077Z] CLI Version:   7.7.0
[debug] [2019-12-08T04:19:28.077Z] Platform:      darwin
[debug] [2019-12-08T04:19:28.077Z] Node Version:  v10.15.3
[debug] [2019-12-08T04:19:28.079Z] Time:          Sat Dec 07 2019 23:19:28 GMT-0500 (Eastern Standard Time)
[debug] [2019-12-08T04:19:28.079Z] ----------------------------------------------------------------------
[debug] [2019-12-08T04:19:28.079Z] 
[debug] [2019-12-08T04:19:28.096Z] > command requires scopes: ["email","openid","https://www.googleapis.com/auth/cloudplatformprojects.readonly","https://www.googleapis.com/auth/firebase","https://www.googleapis.com/auth/cloud-platform"]
[debug] [2019-12-08T04:19:28.098Z] > authorizing via signed-in user
[debug] [2019-12-08T04:19:28.099Z] [iam] checking project skylar-social-17190 for permissions ["cloudfunctions.functions.create","cloudfunctions.functions.delete","cloudfunctions.functions.get","cloudfunctions.functions.list","cloudfunctions.functions.update","cloudfunctions.operations.get","firebase.projects.get"]
[debug] [2019-12-08T04:19:28.104Z] >>> HTTP REQUEST POST https://cloudresourcemanager.googleapis.com/v1/projects/skylar-social-17190:testIamPermissions  

[debug] [2019-12-08T04:19:28.607Z] <<< HTTP RESPONSE 200
[info] 
[info] === Deploying to 'skylar-social-17190'...
[info] 
[info] i  deploying functions
[debug] [2019-12-08T04:19:31.045Z] > [functions] package.json contents: {
  "name": "functions",
  "description": "Cloud Functions for Firebase",
  "scripts": {
    "serve": "firebase serve --only functions",
    "shell": "firebase functions:shell",
    "start": "npm run shell",
    "deploy": "firebase deploy --only functions",
    "logs": "firebase functions:log"
  },
  "engines": {
    "node": "8"
  },
  "dependencies": {
    "firebase-admin": "^8.6.0",
    "firebase-functions": "^3.3.0"
  },
  "devDependencies": {
    "firebase-functions-test": "^0.1.6"
  },
  "private": true
}
[info] i  functions: ensuring necessary APIs are enabled...
[debug] [2019-12-08T04:19:31.047Z] >>> HTTP REQUEST GET https://serviceusage.googleapis.com/v1/projects/skylar-social-17190/services/cloudfunctions.googleapis.com  
 
[debug] [2019-12-08T04:19:31.048Z] >>> HTTP REQUEST GET https://serviceusage.googleapis.com/v1/projects/skylar-social-17190/services/runtimeconfig.googleapis.com  
 
[debug] [2019-12-08T04:19:31.514Z] <<< HTTP RESPONSE 200
[debug] [2019-12-08T04:19:31.534Z] <<< HTTP RESPONSE 200
[info] ✔  functions: all necessary APIs are enabled
[debug] [2019-12-08T04:19:31.536Z] >>> HTTP REQUEST GET https://firebase.googleapis.com/v1beta1/projects/skylar-social-17190/adminSdkConfig  
 
[debug] [2019-12-08T04:19:31.878Z] <<< HTTP RESPONSE 200
[info] i  functions: preparing functions directory for uploading...
[debug] [2019-12-08T04:19:31.883Z] >>> HTTP REQUEST GET https://runtimeconfig.googleapis.com/v1beta1/projects/skylar-social-17190/configs  
 
[debug] [2019-12-08T04:19:32.242Z] <<< HTTP RESPONSE 200
[info] i  functions: packaged functions (25.79 KB) for uploading
[debug] [2019-12-08T04:19:32.532Z] >>> HTTP REQUEST POST https://cloudfunctions.googleapis.com/v1/projects/skylar-social-17190/locations/us-central1/functions:generateUploadUrl  
 
[debug] [2019-12-08T04:19:33.622Z] <<< HTTP RESPONSE 200
[debug] [2019-12-08T04:19:33.623Z] >>> HTTP REQUEST PUT https://storage.googleapis.com/gcf-upload-us-central1-13fad88a-a511-4d5c-aa1d-168b38ed74fd/176082a3-7d0a-4860-9f58-c73354ee9f23.zip?GoogleAccessId=service-861778122764@gcf-admin-robot.iam.gserviceaccount.com&Expires=1575780539&Signature=u74m8OS0c4dSQJ48Gbic2W1GLpuV0ZDkQg5Dh6jKWV4Mk2njpnCGyun33TlyZQdirXnP8jT6JMiP4UgMvQWZebw9%2FYRN3DSXmyFYQaG9%2FKCcj3eEOF2%2FD118iZNdBybtgX8iftGkmIFVRZbylRoo80%2FAWkpRiQ1cjGAQ%2BAK%2Bb34CJQnBbTWkw6d51YD9bo3e7NCKfg1Y7VYrghHja8rrL7Wb5bbEV4Nsxi9oKu80WlZww2iA4%2BOM8Vyu8fY6gcapIWfLwQaHSfrCBqZYrUjMAZGd%2BScguAZyOxuDVGmjoPQG%2BL3CnXsAVDlqStjNeIfYOZjKrZyq0zgftJg5kD09nA%3D%3D  
 <request body omitted>
[debug] [2019-12-08T04:19:33.962Z] <<< HTTP RESPONSE 200
[info] ✔  functions: functions folder uploaded successfully
[debug] [2019-12-08T04:19:33.966Z] >>> HTTP REQUEST GET https://cloudfunctions.googleapis.com/v1/projects/skylar-social-17190/locations/-/functions  
 
[debug] [2019-12-08T04:19:34.430Z] <<< HTTP RESPONSE 200
[info] i  functions: updating Node.js 8 function readMonths(us-central1)...
[debug] [2019-12-08T04:19:34.434Z] Trigger is:  {"httpsTrigger":{}}
[info] i  functions: updating Node.js 8 function readMonthsAdmin(us-central1)...
[debug] [2019-12-08T04:19:34.434Z] Trigger is:  {"httpsTrigger":{}}
[info] i  functions: updating Node.js 8 function clearClientMessages(us-central1)...
[debug] [2019-12-08T04:19:34.435Z] Trigger is:  {"httpsTrigger":{}}
[info] i  functions: updating Node.js 8 function createAdmin(us-central1)...
[debug] [2019-12-08T04:19:34.435Z] Trigger is:  {"httpsTrigger":{}}
[info] i  functions: updating Node.js 8 function getUid(us-central1)...
[debug] [2019-12-08T04:19:34.435Z] Trigger is:  {"httpsTrigger":{}}
[info] 
The following functions are found in your project but do not exist in your local source code:
	countUnread(us-central1)
	updateClientMessages(us-central1)
	updateClientNotification(us-central1)
	updateHomeClientMessages(us-central1)

If you are renaming a function or changing its region, it is recommended that you create the new function first before deleting the old one to prevent event loss. For more info, visit https://firebase.google.com/docs/functions/manage-functions#modify

[info] i  functions: continuing with other deployments.
[debug] [2019-12-08T04:19:37.053Z] >>> HTTP REQUEST GET https://serviceusage.googleapis.com/v1/projects/skylar-social-17190/services/cloudscheduler.googleapis.com  
 
[debug] [2019-12-08T04:19:37.555Z] <<< HTTP RESPONSE 200
[debug] [2019-12-08T04:19:37.559Z] >>> HTTP REQUEST PATCH https://cloudfunctions.googleapis.com/v1/projects/skylar-social-17190/locations/us-central1/functions/readMonths {"updateMask":"sourceUploadUrl,name,labels,runtime,httpsTrigger"} 

[debug] [2019-12-08T04:19:37.560Z] >>> HTTP REQUEST PATCH https://cloudfunctions.googleapis.com/v1/projects/skylar-social-17190/locations/us-central1/functions/readMonthsAdmin {"updateMask":"sourceUploadUrl,name,labels,runtime,httpsTrigger"} 

[debug] [2019-12-08T04:19:37.561Z] >>> HTTP REQUEST PATCH https://cloudfunctions.googleapis.com/v1/projects/skylar-social-17190/locations/us-central1/functions/clearClientMessages {"updateMask":"sourceUploadUrl,name,labels,runtime,httpsTrigger"} 

[debug] [2019-12-08T04:19:37.561Z] >>> HTTP REQUEST PATCH https://cloudfunctions.googleapis.com/v1/projects/skylar-social-17190/locations/us-central1/functions/createAdmin {"updateMask":"sourceUploadUrl,name,labels,runtime,httpsTrigger"} 

[debug] [2019-12-08T04:19:37.562Z] >>> HTTP REQUEST PATCH https://cloudfunctions.googleapis.com/v1/projects/skylar-social-17190/locations/us-central1/functions/getUid {"updateMask":"sourceUploadUrl,name,labels,runtime,httpsTrigger"} 

[debug] [2019-12-08T04:19:37.985Z] <<< HTTP RESPONSE 200
[debug] [2019-12-08T04:19:37.986Z] <<< HTTP RESPONSE 200
[debug] [2019-12-08T04:19:37.990Z] <<< HTTP RESPONSE 200
[debug] [2019-12-08T04:19:37.990Z] <<< HTTP RESPONSE 200
[debug] [2019-12-08T04:19:37.991Z] <<< HTTP RESPONSE 200
[debug] [2019-12-08T04:19:37.992Z] >>> HTTP REQUEST GET https://cloudfunctions.googleapis.com/v1/projects/skylar-social-17190/locations/-/functions  
 
[debug] [2019-12-08T04:19:38.354Z] <<< HTTP RESPONSE 200
[debug] [2019-12-08T04:19:38.356Z] >>> HTTP REQUEST GET https://cloudfunctions.googleapis.com/v1/operations/c2t5bGFyLXNvY2lhbC0xNzE5MC91cy1jZW50cmFsMS9yZWFkTW9udGhzL0wwcDlvNV9hbEIw  
 
[debug] [2019-12-08T04:19:38.357Z] >>> HTTP REQUEST GET https://cloudfunctions.googleapis.com/v1/operations/c2t5bGFyLXNvY2lhbC0xNzE5MC91cy1jZW50cmFsMS9yZWFkTW9udGhzQWRtaW4vdXFISUtLbkM2NUE  
 
[debug] [2019-12-08T04:19:38.358Z] >>> HTTP REQUEST GET https://cloudfunctions.googleapis.com/v1/operations/c2t5bGFyLXNvY2lhbC0xNzE5MC91cy1jZW50cmFsMS9jbGVhckNsaWVudE1lc3NhZ2VzL0pfeE1zQ3BOLUI0  
 
[debug] [2019-12-08T04:19:38.358Z] >>> HTTP REQUEST GET https://cloudfunctions.googleapis.com/v1/operations/c2t5bGFyLXNvY2lhbC0xNzE5MC91cy1jZW50cmFsMS9jcmVhdGVBZG1pbi9MTHN1TS1Zd0tLUQ  
 
[debug] [2019-12-08T04:19:38.359Z] >>> HTTP REQUEST GET https://cloudfunctions.googleapis.com/v1/operations/c2t5bGFyLXNvY2lhbC0xNzE5MC91cy1jZW50cmFsMS9nZXRVaWQvMlBFME83UDA0TXc  
 
[debug] [2019-12-08T04:19:38.604Z] <<< HTTP RESPONSE 200
[debug] [2019-12-08T04:19:38.609Z] <<< HTTP RESPONSE 200
[debug] [2019-12-08T04:19:38.613Z] <<< HTTP RESPONSE 200
[debug] [2019-12-08T04:19:38.614Z] <<< HTTP RESPONSE 200
[debug] [2019-12-08T04:19:38.617Z] <<< HTTP RESPONSE 200
[debug] [2019-12-08T04:19:40.609Z] >>> HTTP REQUEST GET https://cloudfunctions.googleapis.com/v1/operations/c2t5bGFyLXNvY2lhbC0xNzE5MC91cy1jZW50cmFsMS9jcmVhdGVBZG1pbi9MTHN1TS1Zd0tLUQ  
 
[debug] [2019-12-08T04:19:40.615Z] >>> HTTP REQUEST GET https://cloudfunctions.googleapis.com/v1/operations/c2t5bGFyLXNvY2lhbC0xNzE5MC91cy1jZW50cmFsMS9yZWFkTW9udGhzQWRtaW4vdXFISUtLbkM2NUE  
 
[debug] [2019-12-08T04:19:40.617Z] >>> HTTP REQUEST GET https://cloudfunctions.googleapis.com/v1/operations/c2t5bGFyLXNvY2lhbC0xNzE5MC91cy1jZW50cmFsMS9jbGVhckNsaWVudE1lc3NhZ2VzL0pfeE1zQ3BOLUI0  
 
[debug] [2019-12-08T04:19:40.618Z] >>> HTTP REQUEST GET https://cloudfunctions.googleapis.com/v1/operations/c2t5bGFyLXNvY2lhbC0xNzE5MC91cy1jZW50cmFsMS9nZXRVaWQvMlBFME83UDA0TXc  
 
[debug] [2019-12-08T04:19:40.623Z] >>> HTTP REQUEST GET https://cloudfunctions.googleapis.com/v1/operations/c2t5bGFyLXNvY2lhbC0xNzE5MC91cy1jZW50cmFsMS9yZWFkTW9udGhzL0wwcDlvNV9hbEIw  
 
[debug] [2019-12-08T04:19:40.838Z] <<< HTTP RESPONSE 200
[debug] [2019-12-08T04:19:40.840Z] <<< HTTP RESPONSE 200
[debug] [2019-12-08T04:19:40.853Z] <<< HTTP RESPONSE 200
[debug] [2019-12-08T04:19:40.854Z] <<< HTTP RESPONSE 200
[debug] [2019-12-08T04:19:40.909Z] <<< HTTP RESPONSE 200
[debug] [2019-12-08T04:19:42.842Z] >>> HTTP REQUEST GET https://cloudfunctions.googleapis.com/v1/operations/c2t5bGFyLXNvY2lhbC0xNzE5MC91cy1jZW50cmFsMS9yZWFkTW9udGhzQWRtaW4vdXFISUtLbkM2NUE  
 
[debug] [2019-12-08T04:19:42.842Z] >>> HTTP REQUEST GET https://cloudfunctions.googleapis.com/v1/operations/c2t5bGFyLXNvY2lhbC0xNzE5MC91cy1jZW50cmFsMS9jcmVhdGVBZG1pbi9MTHN1TS1Zd0tLUQ  
 
[debug] [2019-12-08T04:19:42.854Z] >>> HTTP REQUEST GET https://cloudfunctions.googleapis.com/v1/operations/c2t5bGFyLXNvY2lhbC0xNzE5MC91cy1jZW50cmFsMS9nZXRVaWQvMlBFME83UDA0TXc  
 
[debug] [2019-12-08T04:19:42.855Z] >>> HTTP REQUEST GET https://cloudfunctions.googleapis.com/v1/operations/c2t5bGFyLXNvY2lhbC0xNzE5MC91cy1jZW50cmFsMS9yZWFkTW9udGhzL0wwcDlvNV9hbEIw  
 
[debug] [2019-12-08T04:19:42.912Z] >>> HTTP REQUEST GET https://cloudfunctions.googleapis.com/v1/operations/c2t5bGFyLXNvY2lhbC0xNzE5MC91cy1jZW50cmFsMS9jbGVhckNsaWVudE1lc3NhZ2VzL0pfeE1zQ3BOLUI0  
 
[debug] [2019-12-08T04:19:43.069Z] <<< HTTP RESPONSE 200
[debug] [2019-12-08T04:19:43.078Z] <<< HTTP RESPONSE 200
[debug] [2019-12-08T04:19:43.096Z] <<< HTTP RESPONSE 200
[debug] [2019-12-08T04:19:43.114Z] <<< HTTP RESPONSE 200
[debug] [2019-12-08T04:19:43.118Z] <<< HTTP RESPONSE 200
[debug] [2019-12-08T04:19:45.073Z] >>> HTTP REQUEST GET https://cloudfunctions.googleapis.com/v1/operations/c2t5bGFyLXNvY2lhbC0xNzE5MC91cy1jZW50cmFsMS9yZWFkTW9udGhzQWRtaW4vdXFISUtLbkM2NUE  
 
[debug] [2019-12-08T04:19:45.078Z] >>> HTTP REQUEST GET https://cloudfunctions.googleapis.com/v1/operations/c2t5bGFyLXNvY2lhbC0xNzE5MC91cy1jZW50cmFsMS9nZXRVaWQvMlBFME83UDA0TXc  
 
[debug] [2019-12-08T04:19:45.097Z] >>> HTTP REQUEST GET https://cloudfunctions.googleapis.com/v1/operations/c2t5bGFyLXNvY2lhbC0xNzE5MC91cy1jZW50cmFsMS9yZWFkTW9udGhzL0wwcDlvNV9hbEIw  
 
[debug] [2019-12-08T04:19:45.115Z] >>> HTTP REQUEST GET https://cloudfunctions.googleapis.com/v1/operations/c2t5bGFyLXNvY2lhbC0xNzE5MC91cy1jZW50cmFsMS9jcmVhdGVBZG1pbi9MTHN1TS1Zd0tLUQ  
 
[debug] [2019-12-08T04:19:45.120Z] >>> HTTP REQUEST GET https://cloudfunctions.googleapis.com/v1/operations/c2t5bGFyLXNvY2lhbC0xNzE5MC91cy1jZW50cmFsMS9jbGVhckNsaWVudE1lc3NhZ2VzL0pfeE1zQ3BOLUI0  
 
[debug] [2019-12-08T04:19:45.261Z] <<< HTTP RESPONSE 200
[debug] [2019-12-08T04:19:45.298Z] <<< HTTP RESPONSE 200
[debug] [2019-12-08T04:19:45.310Z] <<< HTTP RESPONSE 200
[debug] [2019-12-08T04:19:45.323Z] <<< HTTP RESPONSE 200
[debug] [2019-12-08T04:19:45.345Z] <<< HTTP RESPONSE 200
[debug] [2019-12-08T04:19:47.267Z] >>> HTTP REQUEST GET https://cloudfunctions.googleapis.com/v1/operations/c2t5bGFyLXNvY2lhbC0xNzE5MC91cy1jZW50cmFsMS9yZWFkTW9udGhzQWRtaW4vdXFISUtLbkM2NUE  
 
[debug] [2019-12-08T04:19:47.302Z] >>> HTTP REQUEST GET https://cloudfunctions.googleapis.com/v1/operations/c2t5bGFyLXNvY2lhbC0xNzE5MC91cy1jZW50cmFsMS9yZWFkTW9udGhzL0wwcDlvNV9hbEIw  
 
[debug] [2019-12-08T04:19:47.312Z] >>> HTTP REQUEST GET https://cloudfunctions.googleapis.com/v1/operations/c2t5bGFyLXNvY2lhbC0xNzE5MC91cy1jZW50cmFsMS9nZXRVaWQvMlBFME83UDA0TXc  
 
[debug] [2019-12-08T04:19:47.326Z] >>> HTTP REQUEST GET https://cloudfunctions.googleapis.com/v1/operations/c2t5bGFyLXNvY2lhbC0xNzE5MC91cy1jZW50cmFsMS9jcmVhdGVBZG1pbi9MTHN1TS1Zd0tLUQ  
 
[debug] [2019-12-08T04:19:47.349Z] >>> HTTP REQUEST GET https://cloudfunctions.googleapis.com/v1/operations/c2t5bGFyLXNvY2lhbC0xNzE5MC91cy1jZW50cmFsMS9jbGVhckNsaWVudE1lc3NhZ2VzL0pfeE1zQ3BOLUI0  
 
[debug] [2019-12-08T04:19:47.493Z] <<< HTTP RESPONSE 200
[debug] [2019-12-08T04:19:47.524Z] <<< HTTP RESPONSE 200
[debug] [2019-12-08T04:19:47.525Z] <<< HTTP RESPONSE 200
[debug] [2019-12-08T04:19:47.547Z] <<< HTTP RESPONSE 200
[debug] [2019-12-08T04:19:47.582Z] <<< HTTP RESPONSE 200
[debug] [2019-12-08T04:19:49.501Z] >>> HTTP REQUEST GET https://cloudfunctions.googleapis.com/v1/operations/c2t5bGFyLXNvY2lhbC0xNzE5MC91cy1jZW50cmFsMS9yZWFkTW9udGhzQWRtaW4vdXFISUtLbkM2NUE  
 
[debug] [2019-12-08T04:19:49.528Z] >>> HTTP REQUEST GET https://cloudfunctions.googleapis.com/v1/operations/c2t5bGFyLXNvY2lhbC0xNzE5MC91cy1jZW50cmFsMS9yZWFkTW9udGhzL0wwcDlvNV9hbEIw  
 
[debug] [2019-12-08T04:19:49.529Z] >>> HTTP REQUEST GET https://cloudfunctions.googleapis.com/v1/operations/c2t5bGFyLXNvY2lhbC0xNzE5MC91cy1jZW50cmFsMS9jcmVhdGVBZG1pbi9MTHN1TS1Zd0tLUQ  
 
[debug] [2019-12-08T04:19:49.549Z] >>> HTTP REQUEST GET https://cloudfunctions.googleapis.com/v1/operations/c2t5bGFyLXNvY2lhbC0xNzE5MC91cy1jZW50cmFsMS9nZXRVaWQvMlBFME83UDA0TXc  
 
[debug] [2019-12-08T04:19:49.583Z] >>> HTTP REQUEST GET https://cloudfunctions.googleapis.com/v1/operations/c2t5bGFyLXNvY2lhbC0xNzE5MC91cy1jZW50cmFsMS9jbGVhckNsaWVudE1lc3NhZ2VzL0pfeE1zQ3BOLUI0  
 
[debug] [2019-12-08T04:19:49.749Z] <<< HTTP RESPONSE 200
[debug] [2019-12-08T04:19:49.776Z] <<< HTTP RESPONSE 200
[debug] [2019-12-08T04:19:49.784Z] <<< HTTP RESPONSE 200
[debug] [2019-12-08T04:19:49.794Z] <<< HTTP RESPONSE 200
[debug] [2019-12-08T04:19:49.797Z] <<< HTTP RESPONSE 200
