[debug] [2019-11-22T15:13:48.896Z] ----------------------------------------------------------------------
[debug] [2019-11-22T15:13:48.898Z] Command:       /usr/local/bin/node /usr/local/bin/firebase deploy --only functions
[debug] [2019-11-22T15:13:48.899Z] CLI Version:   7.7.0
[debug] [2019-11-22T15:13:48.899Z] Platform:      darwin
[debug] [2019-11-22T15:13:48.899Z] Node Version:  v10.15.3
[debug] [2019-11-22T15:13:48.900Z] Time:          Fri Nov 22 2019 10:13:48 GMT-0500 (Eastern Standard Time)
[debug] [2019-11-22T15:13:48.900Z] ----------------------------------------------------------------------
[debug] [2019-11-22T15:13:48.900Z] 
[debug] [2019-11-22T15:13:48.911Z] > command requires scopes: ["email","openid","https://www.googleapis.com/auth/cloudplatformprojects.readonly","https://www.googleapis.com/auth/firebase","https://www.googleapis.com/auth/cloud-platform"]
[debug] [2019-11-22T15:13:48.912Z] > authorizing via signed-in user
[debug] [2019-11-22T15:13:48.912Z] [iam] checking project skylar-social-17190 for permissions ["cloudfunctions.functions.create","cloudfunctions.functions.delete","cloudfunctions.functions.get","cloudfunctions.functions.list","cloudfunctions.functions.update","cloudfunctions.operations.get","firebase.projects.get"]
[debug] [2019-11-22T15:13:48.914Z] >>> HTTP REQUEST POST https://cloudresourcemanager.googleapis.com/v1/projects/skylar-social-17190:testIamPermissions  

[debug] [2019-11-22T15:13:49.263Z] <<< HTTP RESPONSE 200
[info] 
[info] === Deploying to 'skylar-social-17190'...
[info] 
[info] i  deploying functions
[debug] [2019-11-22T15:13:51.076Z] > [functions] package.json contents: {
  "name": "functions",
  "description": "Cloud Functions for Firebase",
  "scripts": {
    "serve": "firebase serve --only functions",
    "shell": "firebase functions:shell",
    "start": "npm run shell",
    "deploy": "firebase deploy --only functions",
    "logs": "firebase functions:log"
  },
  "engines": {
    "node": "8"
  },
  "dependencies": {
    "firebase-admin": "^8.6.0",
    "firebase-functions": "^3.3.0"
  },
  "devDependencies": {
    "firebase-functions-test": "^0.1.6"
  },
  "private": true
}
[info] i  functions: ensuring necessary APIs are enabled...
[debug] [2019-11-22T15:13:51.078Z] >>> HTTP REQUEST GET https://serviceusage.googleapis.com/v1/projects/skylar-social-17190/services/cloudfunctions.googleapis.com  
 
[debug] [2019-11-22T15:13:51.079Z] >>> HTTP REQUEST GET https://serviceusage.googleapis.com/v1/projects/skylar-social-17190/services/runtimeconfig.googleapis.com  
 
[debug] [2019-11-22T15:13:51.493Z] <<< HTTP RESPONSE 200
[debug] [2019-11-22T15:13:51.504Z] <<< HTTP RESPONSE 200
[info] ✔  functions: all necessary APIs are enabled
[debug] [2019-11-22T15:13:51.505Z] >>> HTTP REQUEST GET https://firebase.googleapis.com/v1beta1/projects/skylar-social-17190/adminSdkConfig  
 
[debug] [2019-11-22T15:13:51.730Z] <<< HTTP RESPONSE 200
[info] i  functions: preparing functions directory for uploading...
[debug] [2019-11-22T15:13:51.734Z] >>> HTTP REQUEST GET https://runtimeconfig.googleapis.com/v1beta1/projects/skylar-social-17190/configs  
 
[debug] [2019-11-22T15:13:51.883Z] <<< HTTP RESPONSE 200
[info] i  functions: packaged functions (25.12 KB) for uploading
[debug] [2019-11-22T15:13:52.103Z] >>> HTTP REQUEST POST https://cloudfunctions.googleapis.com/v1/projects/skylar-social-17190/locations/us-central1/functions:generateUploadUrl  
 
[debug] [2019-11-22T15:13:52.645Z] <<< HTTP RESPONSE 200
[debug] [2019-11-22T15:13:52.646Z] >>> HTTP REQUEST PUT https://storage.googleapis.com/gcf-upload-us-central1-13fad88a-a511-4d5c-aa1d-168b38ed74fd/fce26a3a-813f-49a9-8597-405633657026.zip?GoogleAccessId=service-861778122764@gcf-admin-robot.iam.gserviceaccount.com&Expires=1574437429&Signature=FB9jqmVkdkYRv%2F1ud%2BBLffEDIUeQACN7OrR8iHs7O1Zr8v3SSETDv105tpv30%2FEA2Sq6LmWUkAjTZuvA%2Fn0l%2BvGgUlobCer8AHIZLdZ9JawqoA6gd8a32YYfh7ZxYyL7UIjVL349iQmg%2F9hRcliYkeIocpZ6xBhuodIBz3Fea0pe48nA9CBUOc2H4TV4DCIcVLNR52UOnRTRNvjezVsl751yixvnINy%2F44k3vMTny%2FQYb1vAtRTkeszKQmGpglpqtjG7JL5xs5dMfDogJKQuozXM5xpIYatz3fPYZLO%2B5DWzlz9%2Bs6lPgLxiYdRrbj1XtHZmyN%2BxrjgkXBXfgwuS1Q%3D%3D  
 <request body omitted>
[debug] [2019-11-22T15:13:52.893Z] <<< HTTP RESPONSE 200
[info] ✔  functions: functions folder uploaded successfully
[debug] [2019-11-22T15:13:52.896Z] >>> HTTP REQUEST GET https://cloudfunctions.googleapis.com/v1/projects/skylar-social-17190/locations/-/functions  
 
[debug] [2019-11-22T15:13:53.249Z] <<< HTTP RESPONSE 200
[info] i  functions: updating Node.js 8 function countUnread(us-central1)...
[debug] [2019-11-22T15:13:53.252Z] Trigger is:  {"eventTrigger":{"resource":"projects/skylar-social-17190/databases/(default)/documents/chats/{userId}/messages/{message}","eventType":"providers/cloud.firestore/eventTypes/document.create","service":"firestore.googleapis.com"}}
[info] i  functions: updating Node.js 8 function readMonths(us-central1)...
[debug] [2019-11-22T15:13:53.253Z] Trigger is:  {"httpsTrigger":{}}
[info] i  functions: updating Node.js 8 function readClientMessages(us-central1)...
[debug] [2019-11-22T15:13:53.254Z] Trigger is:  {"httpsTrigger":{}}
[info] i  functions: updating Node.js 8 function getNumberOfMonths(us-central1)...
[debug] [2019-11-22T15:13:53.254Z] Trigger is:  {"httpsTrigger":{}}
[debug] [2019-11-22T15:13:53.255Z] >>> HTTP REQUEST GET https://serviceusage.googleapis.com/v1/projects/skylar-social-17190/services/cloudscheduler.googleapis.com  
 
[debug] [2019-11-22T15:13:53.411Z] <<< HTTP RESPONSE 200
[debug] [2019-11-22T15:13:53.415Z] >>> HTTP REQUEST PATCH https://cloudfunctions.googleapis.com/v1/projects/skylar-social-17190/locations/us-central1/functions/countUnread {"updateMask":"sourceUploadUrl,name,labels,runtime,eventTrigger.resource,eventTrigger.eventType,eventTrigger.service"} 

[debug] [2019-11-22T15:13:53.417Z] >>> HTTP REQUEST PATCH https://cloudfunctions.googleapis.com/v1/projects/skylar-social-17190/locations/us-central1/functions/readMonths {"updateMask":"sourceUploadUrl,name,labels,runtime,httpsTrigger"} 

[debug] [2019-11-22T15:13:53.417Z] >>> HTTP REQUEST PATCH https://cloudfunctions.googleapis.com/v1/projects/skylar-social-17190/locations/us-central1/functions/readClientMessages {"updateMask":"sourceUploadUrl,name,labels,runtime,httpsTrigger"} 

[debug] [2019-11-22T15:13:53.418Z] >>> HTTP REQUEST PATCH https://cloudfunctions.googleapis.com/v1/projects/skylar-social-17190/locations/us-central1/functions/getNumberOfMonths {"updateMask":"sourceUploadUrl,name,labels,runtime,httpsTrigger"} 

[debug] [2019-11-22T15:13:53.696Z] <<< HTTP RESPONSE 200
[debug] [2019-11-22T15:13:53.721Z] <<< HTTP RESPONSE 200
[debug] [2019-11-22T15:13:53.742Z] <<< HTTP RESPONSE 200
[debug] [2019-11-22T15:13:53.758Z] <<< HTTP RESPONSE 200
[debug] [2019-11-22T15:13:53.759Z] >>> HTTP REQUEST GET https://cloudfunctions.googleapis.com/v1/projects/skylar-social-17190/locations/-/functions  
 
[debug] [2019-11-22T15:13:54.134Z] <<< HTTP RESPONSE 200
[debug] [2019-11-22T15:13:54.135Z] >>> HTTP REQUEST GET https://cloudfunctions.googleapis.com/v1/operations/c2t5bGFyLXNvY2lhbC0xNzE5MC91cy1jZW50cmFsMS9jb3VudFVucmVhZC9nVXBBcEdpNmtMbw  
 
[debug] [2019-11-22T15:13:54.136Z] >>> HTTP REQUEST GET https://cloudfunctions.googleapis.com/v1/operations/c2t5bGFyLXNvY2lhbC0xNzE5MC91cy1jZW50cmFsMS9yZWFkTW9udGhzLzBLeFRQbzRRMmJv  
 
[debug] [2019-11-22T15:13:54.136Z] >>> HTTP REQUEST GET https://cloudfunctions.googleapis.com/v1/operations/c2t5bGFyLXNvY2lhbC0xNzE5MC91cy1jZW50cmFsMS9yZWFkQ2xpZW50TWVzc2FnZXMvWU4yam9nekFjb1U  
 
[debug] [2019-11-22T15:13:54.136Z] >>> HTTP REQUEST GET https://cloudfunctions.googleapis.com/v1/operations/c2t5bGFyLXNvY2lhbC0xNzE5MC91cy1jZW50cmFsMS9nZXROdW1iZXJPZk1vbnRocy9jWnBfdnZURTktMA  
 
[debug] [2019-11-22T15:13:54.328Z] <<< HTTP RESPONSE 200
[debug] [2019-11-22T15:13:54.330Z] <<< HTTP RESPONSE 200
[debug] [2019-11-22T15:13:54.349Z] <<< HTTP RESPONSE 200
[debug] [2019-11-22T15:13:54.352Z] <<< HTTP RESPONSE 200
[debug] [2019-11-22T15:13:56.331Z] >>> HTTP REQUEST GET https://cloudfunctions.googleapis.com/v1/operations/c2t5bGFyLXNvY2lhbC0xNzE5MC91cy1jZW50cmFsMS9jb3VudFVucmVhZC9nVXBBcEdpNmtMbw  
 
[debug] [2019-11-22T15:13:56.333Z] >>> HTTP REQUEST GET https://cloudfunctions.googleapis.com/v1/operations/c2t5bGFyLXNvY2lhbC0xNzE5MC91cy1jZW50cmFsMS9yZWFkTW9udGhzLzBLeFRQbzRRMmJv  
 
[debug] [2019-11-22T15:13:56.353Z] >>> HTTP REQUEST GET https://cloudfunctions.googleapis.com/v1/operations/c2t5bGFyLXNvY2lhbC0xNzE5MC91cy1jZW50cmFsMS9yZWFkQ2xpZW50TWVzc2FnZXMvWU4yam9nekFjb1U  
 
[debug] [2019-11-22T15:13:56.358Z] >>> HTTP REQUEST GET https://cloudfunctions.googleapis.com/v1/operations/c2t5bGFyLXNvY2lhbC0xNzE5MC91cy1jZW50cmFsMS9nZXROdW1iZXJPZk1vbnRocy9jWnBfdnZURTktMA  
 
[debug] [2019-11-22T15:13:56.475Z] <<< HTTP RESPONSE 200
[debug] [2019-11-22T15:13:56.521Z] <<< HTTP RESPONSE 200
[debug] [2019-11-22T15:13:56.557Z] <<< HTTP RESPONSE 200
[debug] [2019-11-22T15:13:56.590Z] <<< HTTP RESPONSE 200
[debug] [2019-11-22T15:13:58.480Z] >>> HTTP REQUEST GET https://cloudfunctions.googleapis.com/v1/operations/c2t5bGFyLXNvY2lhbC0xNzE5MC91cy1jZW50cmFsMS9jb3VudFVucmVhZC9nVXBBcEdpNmtMbw  
 
[debug] [2019-11-22T15:13:58.521Z] >>> HTTP REQUEST GET https://cloudfunctions.googleapis.com/v1/operations/c2t5bGFyLXNvY2lhbC0xNzE5MC91cy1jZW50cmFsMS9yZWFkTW9udGhzLzBLeFRQbzRRMmJv  
 
[debug] [2019-11-22T15:13:58.562Z] >>> HTTP REQUEST GET https://cloudfunctions.googleapis.com/v1/operations/c2t5bGFyLXNvY2lhbC0xNzE5MC91cy1jZW50cmFsMS9yZWFkQ2xpZW50TWVzc2FnZXMvWU4yam9nekFjb1U  
 
[debug] [2019-11-22T15:13:58.593Z] >>> HTTP REQUEST GET https://cloudfunctions.googleapis.com/v1/operations/c2t5bGFyLXNvY2lhbC0xNzE5MC91cy1jZW50cmFsMS9nZXROdW1iZXJPZk1vbnRocy9jWnBfdnZURTktMA  
 
[debug] [2019-11-22T15:13:58.608Z] <<< HTTP RESPONSE 200
[debug] [2019-11-22T15:13:58.708Z] <<< HTTP RESPONSE 200
[debug] [2019-11-22T15:13:58.725Z] <<< HTTP RESPONSE 200
[debug] [2019-11-22T15:13:58.760Z] <<< HTTP RESPONSE 200
[debug] [2019-11-22T15:14:00.614Z] >>> HTTP REQUEST GET https://cloudfunctions.googleapis.com/v1/operations/c2t5bGFyLXNvY2lhbC0xNzE5MC91cy1jZW50cmFsMS9jb3VudFVucmVhZC9nVXBBcEdpNmtMbw  
 
[debug] [2019-11-22T15:14:00.711Z] >>> HTTP REQUEST GET https://cloudfunctions.googleapis.com/v1/operations/c2t5bGFyLXNvY2lhbC0xNzE5MC91cy1jZW50cmFsMS9yZWFkTW9udGhzLzBLeFRQbzRRMmJv  
 
[debug] [2019-11-22T15:14:00.727Z] >>> HTTP REQUEST GET https://cloudfunctions.googleapis.com/v1/operations/c2t5bGFyLXNvY2lhbC0xNzE5MC91cy1jZW50cmFsMS9yZWFkQ2xpZW50TWVzc2FnZXMvWU4yam9nekFjb1U  
 
[debug] [2019-11-22T15:14:00.763Z] >>> HTTP REQUEST GET https://cloudfunctions.googleapis.com/v1/operations/c2t5bGFyLXNvY2lhbC0xNzE5MC91cy1jZW50cmFsMS9nZXROdW1iZXJPZk1vbnRocy9jWnBfdnZURTktMA  
 
[debug] [2019-11-22T15:14:00.788Z] <<< HTTP RESPONSE 200
[debug] [2019-11-22T15:14:00.883Z] <<< HTTP RESPONSE 200
[debug] [2019-11-22T15:14:00.896Z] <<< HTTP RESPONSE 200
[debug] [2019-11-22T15:14:00.918Z] <<< HTTP RESPONSE 200
[debug] [2019-11-22T15:14:02.793Z] >>> HTTP REQUEST GET https://cloudfunctions.googleapis.com/v1/operations/c2t5bGFyLXNvY2lhbC0xNzE5MC91cy1jZW50cmFsMS9jb3VudFVucmVhZC9nVXBBcEdpNmtMbw  
 
[debug] [2019-11-22T15:14:02.885Z] >>> HTTP REQUEST GET https://cloudfunctions.googleapis.com/v1/operations/c2t5bGFyLXNvY2lhbC0xNzE5MC91cy1jZW50cmFsMS9yZWFkTW9udGhzLzBLeFRQbzRRMmJv  
 
[debug] [2019-11-22T15:14:02.896Z] >>> HTTP REQUEST GET https://cloudfunctions.googleapis.com/v1/operations/c2t5bGFyLXNvY2lhbC0xNzE5MC91cy1jZW50cmFsMS9yZWFkQ2xpZW50TWVzc2FnZXMvWU4yam9nekFjb1U  
 
[debug] [2019-11-22T15:14:02.918Z] >>> HTTP REQUEST GET https://cloudfunctions.googleapis.com/v1/operations/c2t5bGFyLXNvY2lhbC0xNzE5MC91cy1jZW50cmFsMS9nZXROdW1iZXJPZk1vbnRocy9jWnBfdnZURTktMA  
 
[debug] [2019-11-22T15:14:02.985Z] <<< HTTP RESPONSE 200
[debug] [2019-11-22T15:14:03.009Z] <<< HTTP RESPONSE 200
[debug] [2019-11-22T15:14:03.078Z] <<< HTTP RESPONSE 200
[debug] [2019-11-22T15:14:03.090Z] <<< HTTP RESPONSE 200
[debug] [2019-11-22T15:14:04.989Z] >>> HTTP REQUEST GET https://cloudfunctions.googleapis.com/v1/operations/c2t5bGFyLXNvY2lhbC0xNzE5MC91cy1jZW50cmFsMS9jb3VudFVucmVhZC9nVXBBcEdpNmtMbw  
 
[debug] [2019-11-22T15:14:05.009Z] >>> HTTP REQUEST GET https://cloudfunctions.googleapis.com/v1/operations/c2t5bGFyLXNvY2lhbC0xNzE5MC91cy1jZW50cmFsMS9yZWFkQ2xpZW50TWVzc2FnZXMvWU4yam9nekFjb1U  
 
[debug] [2019-11-22T15:14:05.084Z] >>> HTTP REQUEST GET https://cloudfunctions.googleapis.com/v1/operations/c2t5bGFyLXNvY2lhbC0xNzE5MC91cy1jZW50cmFsMS9yZWFkTW9udGhzLzBLeFRQbzRRMmJv  
 
[debug] [2019-11-22T15:14:05.091Z] >>> HTTP REQUEST GET https://cloudfunctions.googleapis.com/v1/operations/c2t5bGFyLXNvY2lhbC0xNzE5MC91cy1jZW50cmFsMS9nZXROdW1iZXJPZk1vbnRocy9jWnBfdnZURTktMA  
 
[debug] [2019-11-22T15:14:05.145Z] <<< HTTP RESPONSE 200
[debug] [2019-11-22T15:14:05.189Z] <<< HTTP RESPONSE 200
[debug] [2019-11-22T15:14:05.207Z] <<< HTTP RESPONSE 200
[debug] [2019-11-22T15:14:05.210Z] <<< HTTP RESPONSE 200
[debug] [2019-11-22T15:14:07.146Z] >>> HTTP REQUEST GET https://cloudfunctions.googleapis.com/v1/operations/c2t5bGFyLXNvY2lhbC0xNzE5MC91cy1jZW50cmFsMS9jb3VudFVucmVhZC9nVXBBcEdpNmtMbw  
 
[debug] [2019-11-22T15:14:07.193Z] >>> HTTP REQUEST GET https://cloudfunctions.googleapis.com/v1/operations/c2t5bGFyLXNvY2lhbC0xNzE5MC91cy1jZW50cmFsMS9yZWFkQ2xpZW50TWVzc2FnZXMvWU4yam9nekFjb1U  
 
[debug] [2019-11-22T15:14:07.208Z] >>> HTTP REQUEST GET https://cloudfunctions.googleapis.com/v1/operations/c2t5bGFyLXNvY2lhbC0xNzE5MC91cy1jZW50cmFsMS9nZXROdW1iZXJPZk1vbnRocy9jWnBfdnZURTktMA  
 
[debug] [2019-11-22T15:14:07.211Z] >>> HTTP REQUEST GET https://cloudfunctions.googleapis.com/v1/operations/c2t5bGFyLXNvY2lhbC0xNzE5MC91cy1jZW50cmFsMS9yZWFkTW9udGhzLzBLeFRQbzRRMmJv  
 
[debug] [2019-11-22T15:14:07.316Z] <<< HTTP RESPONSE 200
[debug] [2019-11-22T15:14:07.362Z] <<< HTTP RESPONSE 200
[debug] [2019-11-22T15:14:07.367Z] <<< HTTP RESPONSE 200
[debug] [2019-11-22T15:14:07.379Z] <<< HTTP RESPONSE 200
[debug] [2019-11-22T15:14:09.317Z] >>> HTTP REQUEST GET https://cloudfunctions.googleapis.com/v1/operations/c2t5bGFyLXNvY2lhbC0xNzE5MC91cy1jZW50cmFsMS9jb3VudFVucmVhZC9nVXBBcEdpNmtMbw  
 
[debug] [2019-11-22T15:14:09.367Z] >>> HTTP REQUEST GET https://cloudfunctions.googleapis.com/v1/operations/c2t5bGFyLXNvY2lhbC0xNzE5MC91cy1jZW50cmFsMS9yZWFkQ2xpZW50TWVzc2FnZXMvWU4yam9nekFjb1U  
 
[debug] [2019-11-22T15:14:09.370Z] >>> HTTP REQUEST GET https://cloudfunctions.googleapis.com/v1/operations/c2t5bGFyLXNvY2lhbC0xNzE5MC91cy1jZW50cmFsMS9nZXROdW1iZXJPZk1vbnRocy9jWnBfdnZURTktMA  
 
[debug] [2019-11-22T15:14:09.380Z] >>> HTTP REQUEST GET https://cloudfunctions.googleapis.com/v1/operations/c2t5bGFyLXNvY2lhbC0xNzE5MC91cy1jZW50cmFsMS9yZWFkTW9udGhzLzBLeFRQbzRRMmJv  
 
[debug] [2019-11-22T15:14:09.476Z] <<< HTTP RESPONSE 200
[debug] [2019-11-22T15:14:09.478Z] <<< HTTP RESPONSE 200
[debug] [2019-11-22T15:14:09.531Z] <<< HTTP RESPONSE 200
[debug] [2019-11-22T15:14:09.540Z] <<< HTTP RESPONSE 200
[debug] [2019-11-22T15:14:11.482Z] >>> HTTP REQUEST GET https://cloudfunctions.googleapis.com/v1/operations/c2t5bGFyLXNvY2lhbC0xNzE5MC91cy1jZW50cmFsMS9jb3VudFVucmVhZC9nVXBBcEdpNmtMbw  
 
[debug] [2019-11-22T15:14:11.482Z] >>> HTTP REQUEST GET https://cloudfunctions.googleapis.com/v1/operations/c2t5bGFyLXNvY2lhbC0xNzE5MC91cy1jZW50cmFsMS9yZWFkQ2xpZW50TWVzc2FnZXMvWU4yam9nekFjb1U  
 
[debug] [2019-11-22T15:14:11.535Z] >>> HTTP REQUEST GET https://cloudfunctions.googleapis.com/v1/operations/c2t5bGFyLXNvY2lhbC0xNzE5MC91cy1jZW50cmFsMS9yZWFkTW9udGhzLzBLeFRQbzRRMmJv  
 
[debug] [2019-11-22T15:14:11.541Z] >>> HTTP REQUEST GET https://cloudfunctions.googleapis.com/v1/operations/c2t5bGFyLXNvY2lhbC0xNzE5MC91cy1jZW50cmFsMS9nZXROdW1iZXJPZk1vbnRocy9jWnBfdnZURTktMA  
 
[debug] [2019-11-22T15:14:11.588Z] <<< HTTP RESPONSE 200
[debug] [2019-11-22T15:14:11.654Z] <<< HTTP RESPONSE 200
[debug] [2019-11-22T15:14:11.698Z] <<< HTTP RESPONSE 200
[debug] [2019-11-22T15:14:11.705Z] <<< HTTP RESPONSE 200
[debug] [2019-11-22T15:14:13.590Z] >>> HTTP REQUEST GET https://cloudfunctions.googleapis.com/v1/operations/c2t5bGFyLXNvY2lhbC0xNzE5MC91cy1jZW50cmFsMS9yZWFkQ2xpZW50TWVzc2FnZXMvWU4yam9nekFjb1U  
 
[debug] [2019-11-22T15:14:13.659Z] >>> HTTP REQUEST GET https://cloudfunctions.googleapis.com/v1/operations/c2t5bGFyLXNvY2lhbC0xNzE5MC91cy1jZW50cmFsMS9jb3VudFVucmVhZC9nVXBBcEdpNmtMbw  
 
[debug] [2019-11-22T15:14:13.703Z] >>> HTTP REQUEST GET https://cloudfunctions.googleapis.com/v1/operations/c2t5bGFyLXNvY2lhbC0xNzE5MC91cy1jZW50cmFsMS9yZWFkTW9udGhzLzBLeFRQbzRRMmJv  
 
[debug] [2019-11-22T15:14:13.705Z] >>> HTTP REQUEST GET https://cloudfunctions.googleapis.com/v1/operations/c2t5bGFyLXNvY2lhbC0xNzE5MC91cy1jZW50cmFsMS9nZXROdW1iZXJPZk1vbnRocy9jWnBfdnZURTktMA  
 
[debug] [2019-11-22T15:14:13.749Z] <<< HTTP RESPONSE 200
[debug] [2019-11-22T15:14:13.817Z] <<< HTTP RESPONSE 200
[debug] [2019-11-22T15:14:13.822Z] <<< HTTP RESPONSE 200
[debug] [2019-11-22T15:14:13.857Z] <<< HTTP RESPONSE 200
[debug] [2019-11-22T15:14:15.751Z] >>> HTTP REQUEST GET https://cloudfunctions.googleapis.com/v1/operations/c2t5bGFyLXNvY2lhbC0xNzE5MC91cy1jZW50cmFsMS9yZWFkQ2xpZW50TWVzc2FnZXMvWU4yam9nekFjb1U  
 
[debug] [2019-11-22T15:14:15.823Z] >>> HTTP REQUEST GET https://cloudfunctions.googleapis.com/v1/operations/c2t5bGFyLXNvY2lhbC0xNzE5MC91cy1jZW50cmFsMS9jb3VudFVucmVhZC9nVXBBcEdpNmtMbw  
 
[debug] [2019-11-22T15:14:15.823Z] >>> HTTP REQUEST GET https://cloudfunctions.googleapis.com/v1/operations/c2t5bGFyLXNvY2lhbC0xNzE5MC91cy1jZW50cmFsMS9yZWFkTW9udGhzLzBLeFRQbzRRMmJv  
 
[debug] [2019-11-22T15:14:15.858Z] >>> HTTP REQUEST GET https://cloudfunctions.googleapis.com/v1/operations/c2t5bGFyLXNvY2lhbC0xNzE5MC91cy1jZW50cmFsMS9nZXROdW1iZXJPZk1vbnRocy9jWnBfdnZURTktMA  
 
[debug] [2019-11-22T15:14:15.872Z] <<< HTTP RESPONSE 200
[debug] [2019-11-22T15:14:15.980Z] <<< HTTP RESPONSE 200
[debug] [2019-11-22T15:14:15.982Z] <<< HTTP RESPONSE 200
[debug] [2019-11-22T15:14:16.003Z] <<< HTTP RESPONSE 200
[debug] [2019-11-22T15:14:17.878Z] >>> HTTP REQUEST GET https://cloudfunctions.googleapis.com/v1/operations/c2t5bGFyLXNvY2lhbC0xNzE5MC91cy1jZW50cmFsMS9yZWFkQ2xpZW50TWVzc2FnZXMvWU4yam9nekFjb1U  
 
[debug] [2019-11-22T15:14:17.986Z] >>> HTTP REQUEST GET https://cloudfunctions.googleapis.com/v1/operations/c2t5bGFyLXNvY2lhbC0xNzE5MC91cy1jZW50cmFsMS9jb3VudFVucmVhZC9nVXBBcEdpNmtMbw  
 
[debug] [2019-11-22T15:14:17.987Z] >>> HTTP REQUEST GET https://cloudfunctions.googleapis.com/v1/operations/c2t5bGFyLXNvY2lhbC0xNzE5MC91cy1jZW50cmFsMS9nZXROdW1iZXJPZk1vbnRocy9jWnBfdnZURTktMA  
 
[debug] [2019-11-22T15:14:18.004Z] >>> HTTP REQUEST GET https://cloudfunctions.googleapis.com/v1/operations/c2t5bGFyLXNvY2lhbC0xNzE5MC91cy1jZW50cmFsMS9yZWFkTW9udGhzLzBLeFRQbzRRMmJv  
 
[debug] [2019-11-22T15:14:18.043Z] <<< HTTP RESPONSE 200
[debug] [2019-11-22T15:14:18.160Z] <<< HTTP RESPONSE 200
[debug] [2019-11-22T15:14:18.163Z] <<< HTTP RESPONSE 200
[debug] [2019-11-22T15:14:18.166Z] <<< HTTP RESPONSE 200
[debug] [2019-11-22T15:14:20.048Z] >>> HTTP REQUEST GET https://cloudfunctions.googleapis.com/v1/operations/c2t5bGFyLXNvY2lhbC0xNzE5MC91cy1jZW50cmFsMS9yZWFkQ2xpZW50TWVzc2FnZXMvWU4yam9nekFjb1U  
 
[debug] [2019-11-22T15:14:20.163Z] >>> HTTP REQUEST GET https://cloudfunctions.googleapis.com/v1/operations/c2t5bGFyLXNvY2lhbC0xNzE5MC91cy1jZW50cmFsMS9yZWFkTW9udGhzLzBLeFRQbzRRMmJv  
 
[debug] [2019-11-22T15:14:20.165Z] >>> HTTP REQUEST GET https://cloudfunctions.googleapis.com/v1/operations/c2t5bGFyLXNvY2lhbC0xNzE5MC91cy1jZW50cmFsMS9jb3VudFVucmVhZC9nVXBBcEdpNmtMbw  
 
[debug] [2019-11-22T15:14:20.167Z] >>> HTTP REQUEST GET https://cloudfunctions.googleapis.com/v1/operations/c2t5bGFyLXNvY2lhbC0xNzE5MC91cy1jZW50cmFsMS9nZXROdW1iZXJPZk1vbnRocy9jWnBfdnZURTktMA  
 
[debug] [2019-11-22T15:14:20.211Z] <<< HTTP RESPONSE 200
[debug] [2019-11-22T15:14:20.322Z] <<< HTTP RESPONSE 200
[debug] [2019-11-22T15:14:20.323Z] <<< HTTP RESPONSE 200
[debug] [2019-11-22T15:14:20.324Z] <<< HTTP RESPONSE 200
[debug] [2019-11-22T15:14:22.216Z] >>> HTTP REQUEST GET https://cloudfunctions.googleapis.com/v1/operations/c2t5bGFyLXNvY2lhbC0xNzE5MC91cy1jZW50cmFsMS9yZWFkQ2xpZW50TWVzc2FnZXMvWU4yam9nekFjb1U  
 
[debug] [2019-11-22T15:14:22.326Z] >>> HTTP REQUEST GET https://cloudfunctions.googleapis.com/v1/operations/c2t5bGFyLXNvY2lhbC0xNzE5MC91cy1jZW50cmFsMS9nZXROdW1iZXJPZk1vbnRocy9jWnBfdnZURTktMA  
 
[debug] [2019-11-22T15:14:22.326Z] >>> HTTP REQUEST GET https://cloudfunctions.googleapis.com/v1/operations/c2t5bGFyLXNvY2lhbC0xNzE5MC91cy1jZW50cmFsMS9yZWFkTW9udGhzLzBLeFRQbzRRMmJv  
 
[debug] [2019-11-22T15:14:22.328Z] >>> HTTP REQUEST GET https://cloudfunctions.googleapis.com/v1/operations/c2t5bGFyLXNvY2lhbC0xNzE5MC91cy1jZW50cmFsMS9jb3VudFVucmVhZC9nVXBBcEdpNmtMbw  
 
[debug] [2019-11-22T15:14:22.381Z] <<< HTTP RESPONSE 200
[debug] [2019-11-22T15:14:22.492Z] <<< HTTP RESPONSE 200
[debug] [2019-11-22T15:14:22.501Z] <<< HTTP RESPONSE 200
[debug] [2019-11-22T15:14:22.507Z] <<< HTTP RESPONSE 200
[info] ✔  functions[getNumberOfMonths(us-central1)]: Successful update operation. 
[debug] [2019-11-22T15:14:24.386Z] >>> HTTP REQUEST GET https://cloudfunctions.googleapis.com/v1/operations/c2t5bGFyLXNvY2lhbC0xNzE5MC91cy1jZW50cmFsMS9yZWFkQ2xpZW50TWVzc2FnZXMvWU4yam9nekFjb1U  
 
[debug] [2019-11-22T15:14:24.493Z] >>> HTTP REQUEST GET https://cloudfunctions.googleapis.com/v1/operations/c2t5bGFyLXNvY2lhbC0xNzE5MC91cy1jZW50cmFsMS9yZWFkTW9udGhzLzBLeFRQbzRRMmJv  
 
[debug] [2019-11-22T15:14:24.502Z] >>> HTTP REQUEST GET https://cloudfunctions.googleapis.com/v1/operations/c2t5bGFyLXNvY2lhbC0xNzE5MC91cy1jZW50cmFsMS9jb3VudFVucmVhZC9nVXBBcEdpNmtMbw  
 
[debug] [2019-11-22T15:14:24.542Z] <<< HTTP RESPONSE 200
[debug] [2019-11-22T15:14:24.677Z] <<< HTTP RESPONSE 200
[debug] [2019-11-22T15:14:24.690Z] <<< HTTP RESPONSE 200
[debug] [2019-11-22T15:14:26.546Z] >>> HTTP REQUEST GET https://cloudfunctions.googleapis.com/v1/operations/c2t5bGFyLXNvY2lhbC0xNzE5MC91cy1jZW50cmFsMS9yZWFkQ2xpZW50TWVzc2FnZXMvWU4yam9nekFjb1U  
 
[debug] [2019-11-22T15:14:26.671Z] <<< HTTP RESPONSE 200
[debug] [2019-11-22T15:14:26.677Z] >>> HTTP REQUEST GET https://cloudfunctions.googleapis.com/v1/operations/c2t5bGFyLXNvY2lhbC0xNzE5MC91cy1jZW50cmFsMS9yZWFkTW9udGhzLzBLeFRQbzRRMmJv  
 
[debug] [2019-11-22T15:14:26.693Z] >>> HTTP REQUEST GET https://cloudfunctions.googleapis.com/v1/operations/c2t5bGFyLXNvY2lhbC0xNzE5MC91cy1jZW50cmFsMS9jb3VudFVucmVhZC9nVXBBcEdpNmtMbw  
 
[debug] [2019-11-22T15:14:26.809Z] <<< HTTP RESPONSE 200
[debug] [2019-11-22T15:14:26.828Z] <<< HTTP RESPONSE 200
[debug] [2019-11-22T15:14:28.675Z] >>> HTTP REQUEST GET https://cloudfunctions.googleapis.com/v1/operations/c2t5bGFyLXNvY2lhbC0xNzE5MC91cy1jZW50cmFsMS9yZWFkQ2xpZW50TWVzc2FnZXMvWU4yam9nekFjb1U  
 
[debug] [2019-11-22T15:14:28.813Z] >>> HTTP REQUEST GET https://cloudfunctions.googleapis.com/v1/operations/c2t5bGFyLXNvY2lhbC0xNzE5MC91cy1jZW50cmFsMS9jb3VudFVucmVhZC9nVXBBcEdpNmtMbw  
 
[debug] [2019-11-22T15:14:28.829Z] >>> HTTP REQUEST GET https://cloudfunctions.googleapis.com/v1/operations/c2t5bGFyLXNvY2lhbC0xNzE5MC91cy1jZW50cmFsMS9yZWFkTW9udGhzLzBLeFRQbzRRMmJv  
 
[debug] [2019-11-22T15:14:28.853Z] <<< HTTP RESPONSE 200
[info] ✔  functions[readClientMessages(us-central1)]: Successful update operation. 
[debug] [2019-11-22T15:14:28.950Z] <<< HTTP RESPONSE 200
[debug] [2019-11-22T15:14:28.993Z] <<< HTTP RESPONSE 200
[debug] [2019-11-22T15:14:30.952Z] >>> HTTP REQUEST GET https://cloudfunctions.googleapis.com/v1/operations/c2t5bGFyLXNvY2lhbC0xNzE5MC91cy1jZW50cmFsMS9jb3VudFVucmVhZC9nVXBBcEdpNmtMbw  
 
[debug] [2019-11-22T15:14:30.998Z] >>> HTTP REQUEST GET https://cloudfunctions.googleapis.com/v1/operations/c2t5bGFyLXNvY2lhbC0xNzE5MC91cy1jZW50cmFsMS9yZWFkTW9udGhzLzBLeFRQbzRRMmJv  
 
[debug] [2019-11-22T15:14:31.085Z] <<< HTTP RESPONSE 200
[info] ✔  functions[countUnread(us-central1)]: Successful update operation. 
[debug] [2019-11-22T15:14:31.114Z] <<< HTTP RESPONSE 200
[debug] [2019-11-22T15:14:33.118Z] >>> HTTP REQUEST GET https://cloudfunctions.googleapis.com/v1/operations/c2t5bGFyLXNvY2lhbC0xNzE5MC91cy1jZW50cmFsMS9yZWFkTW9udGhzLzBLeFRQbzRRMmJv  
 
[debug] [2019-11-22T15:14:33.288Z] <<< HTTP RESPONSE 200
[debug] [2019-11-22T15:14:35.292Z] >>> HTTP REQUEST GET https://cloudfunctions.googleapis.com/v1/operations/c2t5bGFyLXNvY2lhbC0xNzE5MC91cy1jZW50cmFsMS9yZWFkTW9udGhzLzBLeFRQbzRRMmJv  
 
[debug] [2019-11-22T15:14:35.442Z] <<< HTTP RESPONSE 200
[debug] [2019-11-22T15:14:37.444Z] >>> HTTP REQUEST GET https://cloudfunctions.googleapis.com/v1/operations/c2t5bGFyLXNvY2lhbC0xNzE5MC91cy1jZW50cmFsMS9yZWFkTW9udGhzLzBLeFRQbzRRMmJv  
 
[debug] [2019-11-22T15:14:37.601Z] <<< HTTP RESPONSE 200
[debug] [2019-11-22T15:14:39.604Z] >>> HTTP REQUEST GET https://cloudfunctions.googleapis.com/v1/operations/c2t5bGFyLXNvY2lhbC0xNzE5MC91cy1jZW50cmFsMS9yZWFkTW9udGhzLzBLeFRQbzRRMmJv  
 
[debug] [2019-11-22T15:14:39.789Z] <<< HTTP RESPONSE 200
[debug] [2019-11-22T15:14:41.796Z] >>> HTTP REQUEST GET https://cloudfunctions.googleapis.com/v1/operations/c2t5bGFyLXNvY2lhbC0xNzE5MC91cy1jZW50cmFsMS9yZWFkTW9udGhzLzBLeFRQbzRRMmJv  
 
[debug] [2019-11-22T15:14:41.909Z] <<< HTTP RESPONSE 200
[debug] [2019-11-22T15:14:43.915Z] >>> HTTP REQUEST GET https://cloudfunctions.googleapis.com/v1/operations/c2t5bGFyLXNvY2lhbC0xNzE5MC91cy1jZW50cmFsMS9yZWFkTW9udGhzLzBLeFRQbzRRMmJv  
 
[debug] [2019-11-22T15:14:44.028Z] <<< HTTP RESPONSE 200
[debug] [2019-11-22T15:14:46.030Z] >>> HTTP REQUEST GET https://cloudfunctions.googleapis.com/v1/operations/c2t5bGFyLXNvY2lhbC0xNzE5MC91cy1jZW50cmFsMS9yZWFkTW9udGhzLzBLeFRQbzRRMmJv  
 
[debug] [2019-11-22T15:14:46.202Z] <<< HTTP RESPONSE 200
[debug] [2019-11-22T15:14:48.208Z] >>> HTTP REQUEST GET https://cloudfunctions.googleapis.com/v1/operations/c2t5bGFyLXNvY2lhbC0xNzE5MC91cy1jZW50cmFsMS9yZWFkTW9udGhzLzBLeFRQbzRRMmJv  
 
[debug] [2019-11-22T15:14:48.403Z] <<< HTTP RESPONSE 200
[debug] [2019-11-22T15:14:50.405Z] >>> HTTP REQUEST GET https://cloudfunctions.googleapis.com/v1/operations/c2t5bGFyLXNvY2lhbC0xNzE5MC91cy1jZW50cmFsMS9yZWFkTW9udGhzLzBLeFRQbzRRMmJv  
 
[debug] [2019-11-22T15:14:50.582Z] <<< HTTP RESPONSE 200
[debug] [2019-11-22T15:14:52.587Z] >>> HTTP REQUEST GET https://cloudfunctions.googleapis.com/v1/operations/c2t5bGFyLXNvY2lhbC0xNzE5MC91cy1jZW50cmFsMS9yZWFkTW9udGhzLzBLeFRQbzRRMmJv  
 
[debug] [2019-11-22T15:14:52.694Z] <<< HTTP RESPONSE 200
[debug] [2019-11-22T15:14:54.695Z] >>> HTTP REQUEST GET https://cloudfunctions.googleapis.com/v1/operations/c2t5bGFyLXNvY2lhbC0xNzE5MC91cy1jZW50cmFsMS9yZWFkTW9udGhzLzBLeFRQbzRRMmJv  
 
[debug] [2019-11-22T15:14:54.854Z] <<< HTTP RESPONSE 200
[debug] [2019-11-22T15:14:56.860Z] >>> HTTP REQUEST GET https://cloudfunctions.googleapis.com/v1/operations/c2t5bGFyLXNvY2lhbC0xNzE5MC91cy1jZW50cmFsMS9yZWFkTW9udGhzLzBLeFRQbzRRMmJv  
 
[debug] [2019-11-22T15:14:57.028Z] <<< HTTP RESPONSE 200
[debug] [2019-11-22T15:14:59.034Z] >>> HTTP REQUEST GET https://cloudfunctions.googleapis.com/v1/operations/c2t5bGFyLXNvY2lhbC0xNzE5MC91cy1jZW50cmFsMS9yZWFkTW9udGhzLzBLeFRQbzRRMmJv  
 
[debug] [2019-11-22T15:14:59.190Z] <<< HTTP RESPONSE 200
[debug] [2019-11-22T15:15:01.192Z] >>> HTTP REQUEST GET https://cloudfunctions.googleapis.com/v1/operations/c2t5bGFyLXNvY2lhbC0xNzE5MC91cy1jZW50cmFsMS9yZWFkTW9udGhzLzBLeFRQbzRRMmJv  
 
[debug] [2019-11-22T15:15:01.358Z] <<< HTTP RESPONSE 200
[debug] [2019-11-22T15:15:03.363Z] >>> HTTP REQUEST GET https://cloudfunctions.googleapis.com/v1/operations/c2t5bGFyLXNvY2lhbC0xNzE5MC91cy1jZW50cmFsMS9yZWFkTW9udGhzLzBLeFRQbzRRMmJv  
 
[debug] [2019-11-22T15:15:03.534Z] <<< HTTP RESPONSE 200
[debug] [2019-11-22T15:15:05.536Z] >>> HTTP REQUEST GET https://cloudfunctions.googleapis.com/v1/operations/c2t5bGFyLXNvY2lhbC0xNzE5MC91cy1jZW50cmFsMS9yZWFkTW9udGhzLzBLeFRQbzRRMmJv  
 
[debug] [2019-11-22T15:15:05.698Z] <<< HTTP RESPONSE 200
[debug] [2019-11-22T15:15:07.704Z] >>> HTTP REQUEST GET https://cloudfunctions.googleapis.com/v1/operations/c2t5bGFyLXNvY2lhbC0xNzE5MC91cy1jZW50cmFsMS9yZWFkTW9udGhzLzBLeFRQbzRRMmJv  
 
[debug] [2019-11-22T15:15:07.849Z] <<< HTTP RESPONSE 200
[debug] [2019-11-22T15:15:09.852Z] >>> HTTP REQUEST GET https://cloudfunctions.googleapis.com/v1/operations/c2t5bGFyLXNvY2lhbC0xNzE5MC91cy1jZW50cmFsMS9yZWFkTW9udGhzLzBLeFRQbzRRMmJv  
 
[debug] [2019-11-22T15:15:10.015Z] <<< HTTP RESPONSE 200
[debug] [2019-11-22T15:15:12.019Z] >>> HTTP REQUEST GET https://cloudfunctions.googleapis.com/v1/operations/c2t5bGFyLXNvY2lhbC0xNzE5MC91cy1jZW50cmFsMS9yZWFkTW9udGhzLzBLeFRQbzRRMmJv  
 
[debug] [2019-11-22T15:15:12.193Z] <<< HTTP RESPONSE 200
[debug] [2019-11-22T15:15:14.197Z] >>> HTTP REQUEST GET https://cloudfunctions.googleapis.com/v1/operations/c2t5bGFyLXNvY2lhbC0xNzE5MC91cy1jZW50cmFsMS9yZWFkTW9udGhzLzBLeFRQbzRRMmJv  
 
[debug] [2019-11-22T15:15:14.362Z] <<< HTTP RESPONSE 200
[debug] [2019-11-22T15:15:16.366Z] >>> HTTP REQUEST GET https://cloudfunctions.googleapis.com/v1/operations/c2t5bGFyLXNvY2lhbC0xNzE5MC91cy1jZW50cmFsMS9yZWFkTW9udGhzLzBLeFRQbzRRMmJv  
 
[debug] [2019-11-22T15:15:16.507Z] <<< HTTP RESPONSE 200
[debug] [2019-11-22T15:15:18.513Z] >>> HTTP REQUEST GET https://cloudfunctions.googleapis.com/v1/operations/c2t5bGFyLXNvY2lhbC0xNzE5MC91cy1jZW50cmFsMS9yZWFkTW9udGhzLzBLeFRQbzRRMmJv  
 
[debug] [2019-11-22T15:15:18.672Z] <<< HTTP RESPONSE 200
[debug] [2019-11-22T15:15:20.678Z] >>> HTTP REQUEST GET https://cloudfunctions.googleapis.com/v1/operations/c2t5bGFyLXNvY2lhbC0xNzE5MC91cy1jZW50cmFsMS9yZWFkTW9udGhzLzBLeFRQbzRRMmJv  
 
[debug] [2019-11-22T15:15:20.867Z] <<< HTTP RESPONSE 200
[debug] [2019-11-22T15:15:22.870Z] >>> HTTP REQUEST GET https://cloudfunctions.googleapis.com/v1/operations/c2t5bGFyLXNvY2lhbC0xNzE5MC91cy1jZW50cmFsMS9yZWFkTW9udGhzLzBLeFRQbzRRMmJv  
 
[debug] [2019-11-22T15:15:23.024Z] <<< HTTP RESPONSE 200
[debug] [2019-11-22T15:15:25.026Z] >>> HTTP REQUEST GET https://cloudfunctions.googleapis.com/v1/operations/c2t5bGFyLXNvY2lhbC0xNzE5MC91cy1jZW50cmFsMS9yZWFkTW9udGhzLzBLeFRQbzRRMmJv  
 
[debug] [2019-11-22T15:15:25.195Z] <<< HTTP RESPONSE 200
[debug] [2019-11-22T15:15:27.197Z] >>> HTTP REQUEST GET https://cloudfunctions.googleapis.com/v1/operations/c2t5bGFyLXNvY2lhbC0xNzE5MC91cy1jZW50cmFsMS9yZWFkTW9udGhzLzBLeFRQbzRRMmJv  
 
[debug] [2019-11-22T15:15:27.368Z] <<< HTTP RESPONSE 200
[debug] [2019-11-22T15:15:29.373Z] >>> HTTP REQUEST GET https://cloudfunctions.googleapis.com/v1/operations/c2t5bGFyLXNvY2lhbC0xNzE5MC91cy1jZW50cmFsMS9yZWFkTW9udGhzLzBLeFRQbzRRMmJv  
 
[debug] [2019-11-22T15:15:29.514Z] <<< HTTP RESPONSE 200
[debug] [2019-11-22T15:15:31.517Z] >>> HTTP REQUEST GET https://cloudfunctions.googleapis.com/v1/operations/c2t5bGFyLXNvY2lhbC0xNzE5MC91cy1jZW50cmFsMS9yZWFkTW9udGhzLzBLeFRQbzRRMmJv  
 
[debug] [2019-11-22T15:15:31.626Z] <<< HTTP RESPONSE 200
[debug] [2019-11-22T15:15:33.629Z] >>> HTTP REQUEST GET https://cloudfunctions.googleapis.com/v1/operations/c2t5bGFyLXNvY2lhbC0xNzE5MC91cy1jZW50cmFsMS9yZWFkTW9udGhzLzBLeFRQbzRRMmJv  
 
[debug] [2019-11-22T15:15:33.739Z] <<< HTTP RESPONSE 200
[debug] [2019-11-22T15:15:35.742Z] >>> HTTP REQUEST GET https://cloudfunctions.googleapis.com/v1/operations/c2t5bGFyLXNvY2lhbC0xNzE5MC91cy1jZW50cmFsMS9yZWFkTW9udGhzLzBLeFRQbzRRMmJv  
 
[debug] [2019-11-22T15:15:35.906Z] <<< HTTP RESPONSE 200
[debug] [2019-11-22T15:15:37.909Z] >>> HTTP REQUEST GET https://cloudfunctions.googleapis.com/v1/operations/c2t5bGFyLXNvY2lhbC0xNzE5MC91cy1jZW50cmFsMS9yZWFkTW9udGhzLzBLeFRQbzRRMmJv  
 
[debug] [2019-11-22T15:15:38.078Z] <<< HTTP RESPONSE 200
[debug] [2019-11-22T15:15:40.085Z] >>> HTTP REQUEST GET https://cloudfunctions.googleapis.com/v1/operations/c2t5bGFyLXNvY2lhbC0xNzE5MC91cy1jZW50cmFsMS9yZWFkTW9udGhzLzBLeFRQbzRRMmJv  
 
[debug] [2019-11-22T15:15:40.263Z] <<< HTTP RESPONSE 200
[debug] [2019-11-22T15:15:42.267Z] >>> HTTP REQUEST GET https://cloudfunctions.googleapis.com/v1/operations/c2t5bGFyLXNvY2lhbC0xNzE5MC91cy1jZW50cmFsMS9yZWFkTW9udGhzLzBLeFRQbzRRMmJv  
 
[debug] [2019-11-22T15:15:42.452Z] <<< HTTP RESPONSE 200
[debug] [2019-11-22T15:15:44.456Z] >>> HTTP REQUEST GET https://cloudfunctions.googleapis.com/v1/operations/c2t5bGFyLXNvY2lhbC0xNzE5MC91cy1jZW50cmFsMS9yZWFkTW9udGhzLzBLeFRQbzRRMmJv  
 
[debug] [2019-11-22T15:15:44.631Z] <<< HTTP RESPONSE 200
[debug] [2019-11-22T15:15:46.636Z] >>> HTTP REQUEST GET https://cloudfunctions.googleapis.com/v1/operations/c2t5bGFyLXNvY2lhbC0xNzE5MC91cy1jZW50cmFsMS9yZWFkTW9udGhzLzBLeFRQbzRRMmJv  
 
[debug] [2019-11-22T15:15:46.813Z] <<< HTTP RESPONSE 200
[debug] [2019-11-22T15:15:48.820Z] >>> HTTP REQUEST GET https://cloudfunctions.googleapis.com/v1/operations/c2t5bGFyLXNvY2lhbC0xNzE5MC91cy1jZW50cmFsMS9yZWFkTW9udGhzLzBLeFRQbzRRMmJv  
 
[debug] [2019-11-22T15:15:48.997Z] <<< HTTP RESPONSE 200
[debug] [2019-11-22T15:15:51.001Z] >>> HTTP REQUEST GET https://cloudfunctions.googleapis.com/v1/operations/c2t5bGFyLXNvY2lhbC0xNzE5MC91cy1jZW50cmFsMS9yZWFkTW9udGhzLzBLeFRQbzRRMmJv  
 
[debug] [2019-11-22T15:15:51.183Z] <<< HTTP RESPONSE 200
[debug] [2019-11-22T15:15:53.187Z] >>> HTTP REQUEST GET https://cloudfunctions.googleapis.com/v1/operations/c2t5bGFyLXNvY2lhbC0xNzE5MC91cy1jZW50cmFsMS9yZWFkTW9udGhzLzBLeFRQbzRRMmJv  
 
[debug] [2019-11-22T15:15:53.293Z] <<< HTTP RESPONSE 200
[debug] [2019-11-22T15:15:55.299Z] >>> HTTP REQUEST GET https://cloudfunctions.googleapis.com/v1/operations/c2t5bGFyLXNvY2lhbC0xNzE5MC91cy1jZW50cmFsMS9yZWFkTW9udGhzLzBLeFRQbzRRMmJv  
 
[debug] [2019-11-22T15:15:55.468Z] <<< HTTP RESPONSE 200
[debug] [2019-11-22T15:15:57.473Z] >>> HTTP REQUEST GET https://cloudfunctions.googleapis.com/v1/operations/c2t5bGFyLXNvY2lhbC0xNzE5MC91cy1jZW50cmFsMS9yZWFkTW9udGhzLzBLeFRQbzRRMmJv  
 
[debug] [2019-11-22T15:15:57.690Z] <<< HTTP RESPONSE 200
[debug] [2019-11-22T15:15:59.693Z] >>> HTTP REQUEST GET https://cloudfunctions.googleapis.com/v1/operations/c2t5bGFyLXNvY2lhbC0xNzE5MC91cy1jZW50cmFsMS9yZWFkTW9udGhzLzBLeFRQbzRRMmJv  
 
[debug] [2019-11-22T15:15:59.850Z] <<< HTTP RESPONSE 200
[debug] [2019-11-22T15:16:01.855Z] >>> HTTP REQUEST GET https://cloudfunctions.googleapis.com/v1/operations/c2t5bGFyLXNvY2lhbC0xNzE5MC91cy1jZW50cmFsMS9yZWFkTW9udGhzLzBLeFRQbzRRMmJv  
 
[debug] [2019-11-22T15:16:02.022Z] <<< HTTP RESPONSE 200
[debug] [2019-11-22T15:16:04.024Z] >>> HTTP REQUEST GET https://cloudfunctions.googleapis.com/v1/operations/c2t5bGFyLXNvY2lhbC0xNzE5MC91cy1jZW50cmFsMS9yZWFkTW9udGhzLzBLeFRQbzRRMmJv  
 
[debug] [2019-11-22T15:16:04.217Z] <<< HTTP RESPONSE 200
[debug] [2019-11-22T15:16:06.221Z] >>> HTTP REQUEST GET https://cloudfunctions.googleapis.com/v1/operations/c2t5bGFyLXNvY2lhbC0xNzE5MC91cy1jZW50cmFsMS9yZWFkTW9udGhzLzBLeFRQbzRRMmJv  
 
[debug] [2019-11-22T15:16:06.338Z] <<< HTTP RESPONSE 200
[debug] [2019-11-22T15:16:08.343Z] >>> HTTP REQUEST GET https://cloudfunctions.googleapis.com/v1/operations/c2t5bGFyLXNvY2lhbC0xNzE5MC91cy1jZW50cmFsMS9yZWFkTW9udGhzLzBLeFRQbzRRMmJv  
 
[debug] [2019-11-22T15:16:08.520Z] <<< HTTP RESPONSE 200
[debug] [2019-11-22T15:16:10.523Z] >>> HTTP REQUEST GET https://cloudfunctions.googleapis.com/v1/operations/c2t5bGFyLXNvY2lhbC0xNzE5MC91cy1jZW50cmFsMS9yZWFkTW9udGhzLzBLeFRQbzRRMmJv  
 
[debug] [2019-11-22T15:16:10.717Z] <<< HTTP RESPONSE 200
[debug] [2019-11-22T15:16:12.720Z] >>> HTTP REQUEST GET https://cloudfunctions.googleapis.com/v1/operations/c2t5bGFyLXNvY2lhbC0xNzE5MC91cy1jZW50cmFsMS9yZWFkTW9udGhzLzBLeFRQbzRRMmJv  
 
[debug] [2019-11-22T15:16:12.885Z] <<< HTTP RESPONSE 200
[debug] [2019-11-22T15:16:14.889Z] >>> HTTP REQUEST GET https://cloudfunctions.googleapis.com/v1/operations/c2t5bGFyLXNvY2lhbC0xNzE5MC91cy1jZW50cmFsMS9yZWFkTW9udGhzLzBLeFRQbzRRMmJv  
 
[debug] [2019-11-22T15:16:15.111Z] <<< HTTP RESPONSE 200
[debug] [2019-11-22T15:16:17.113Z] >>> HTTP REQUEST GET https://cloudfunctions.googleapis.com/v1/operations/c2t5bGFyLXNvY2lhbC0xNzE5MC91cy1jZW50cmFsMS9yZWFkTW9udGhzLzBLeFRQbzRRMmJv  
 
[debug] [2019-11-22T15:16:17.283Z] <<< HTTP RESPONSE 200
[debug] [2019-11-22T15:16:19.285Z] >>> HTTP REQUEST GET https://cloudfunctions.googleapis.com/v1/operations/c2t5bGFyLXNvY2lhbC0xNzE5MC91cy1jZW50cmFsMS9yZWFkTW9udGhzLzBLeFRQbzRRMmJv  
 
[debug] [2019-11-22T15:16:19.401Z] <<< HTTP RESPONSE 200
[debug] [2019-11-22T15:16:21.406Z] >>> HTTP REQUEST GET https://cloudfunctions.googleapis.com/v1/operations/c2t5bGFyLXNvY2lhbC0xNzE5MC91cy1jZW50cmFsMS9yZWFkTW9udGhzLzBLeFRQbzRRMmJv  
 
[debug] [2019-11-22T15:16:21.570Z] <<< HTTP RESPONSE 200
[debug] [2019-11-22T15:16:23.575Z] >>> HTTP REQUEST GET https://cloudfunctions.googleapis.com/v1/operations/c2t5bGFyLXNvY2lhbC0xNzE5MC91cy1jZW50cmFsMS9yZWFkTW9udGhzLzBLeFRQbzRRMmJv  
 
[debug] [2019-11-22T15:16:23.673Z] <<< HTTP RESPONSE 200
[debug] [2019-11-22T15:16:25.678Z] >>> HTTP REQUEST GET https://cloudfunctions.googleapis.com/v1/operations/c2t5bGFyLXNvY2lhbC0xNzE5MC91cy1jZW50cmFsMS9yZWFkTW9udGhzLzBLeFRQbzRRMmJv  
 
[debug] [2019-11-22T15:16:25.842Z] <<< HTTP RESPONSE 200
[debug] [2019-11-22T15:16:27.846Z] >>> HTTP REQUEST GET https://cloudfunctions.googleapis.com/v1/operations/c2t5bGFyLXNvY2lhbC0xNzE5MC91cy1jZW50cmFsMS9yZWFkTW9udGhzLzBLeFRQbzRRMmJv  
 
[debug] [2019-11-22T15:16:28.002Z] <<< HTTP RESPONSE 200
[debug] [2019-11-22T15:16:30.007Z] >>> HTTP REQUEST GET https://cloudfunctions.googleapis.com/v1/operations/c2t5bGFyLXNvY2lhbC0xNzE5MC91cy1jZW50cmFsMS9yZWFkTW9udGhzLzBLeFRQbzRRMmJv  
 
[debug] [2019-11-22T15:16:30.179Z] <<< HTTP RESPONSE 200
[debug] [2019-11-22T15:16:32.185Z] >>> HTTP REQUEST GET https://cloudfunctions.googleapis.com/v1/operations/c2t5bGFyLXNvY2lhbC0xNzE5MC91cy1jZW50cmFsMS9yZWFkTW9udGhzLzBLeFRQbzRRMmJv  
 
[debug] [2019-11-22T15:16:32.350Z] <<< HTTP RESPONSE 200
[debug] [2019-11-22T15:16:34.352Z] >>> HTTP REQUEST GET https://cloudfunctions.googleapis.com/v1/operations/c2t5bGFyLXNvY2lhbC0xNzE5MC91cy1jZW50cmFsMS9yZWFkTW9udGhzLzBLeFRQbzRRMmJv  
 
[debug] [2019-11-22T15:16:34.527Z] <<< HTTP RESPONSE 200
[debug] [2019-11-22T15:16:36.532Z] >>> HTTP REQUEST GET https://cloudfunctions.googleapis.com/v1/operations/c2t5bGFyLXNvY2lhbC0xNzE5MC91cy1jZW50cmFsMS9yZWFkTW9udGhzLzBLeFRQbzRRMmJv  
 
[debug] [2019-11-22T15:16:36.699Z] <<< HTTP RESPONSE 200
[debug] [2019-11-22T15:16:38.705Z] >>> HTTP REQUEST GET https://cloudfunctions.googleapis.com/v1/operations/c2t5bGFyLXNvY2lhbC0xNzE5MC91cy1jZW50cmFsMS9yZWFkTW9udGhzLzBLeFRQbzRRMmJv  
 
[debug] [2019-11-22T15:16:38.872Z] <<< HTTP RESPONSE 200
[debug] [2019-11-22T15:16:40.874Z] >>> HTTP REQUEST GET https://cloudfunctions.googleapis.com/v1/operations/c2t5bGFyLXNvY2lhbC0xNzE5MC91cy1jZW50cmFsMS9yZWFkTW9udGhzLzBLeFRQbzRRMmJv  
 
[debug] [2019-11-22T15:16:41.044Z] <<< HTTP RESPONSE 200
[debug] [2019-11-22T15:16:43.047Z] >>> HTTP REQUEST GET https://cloudfunctions.googleapis.com/v1/operations/c2t5bGFyLXNvY2lhbC0xNzE5MC91cy1jZW50cmFsMS9yZWFkTW9udGhzLzBLeFRQbzRRMmJv  
 
[debug] [2019-11-22T15:16:43.217Z] <<< HTTP RESPONSE 200
[debug] [2019-11-22T15:16:45.219Z] >>> HTTP REQUEST GET https://cloudfunctions.googleapis.com/v1/operations/c2t5bGFyLXNvY2lhbC0xNzE5MC91cy1jZW50cmFsMS9yZWFkTW9udGhzLzBLeFRQbzRRMmJv  
 
[debug] [2019-11-22T15:16:45.386Z] <<< HTTP RESPONSE 200
[debug] [2019-11-22T15:16:47.387Z] >>> HTTP REQUEST GET https://cloudfunctions.googleapis.com/v1/operations/c2t5bGFyLXNvY2lhbC0xNzE5MC91cy1jZW50cmFsMS9yZWFkTW9udGhzLzBLeFRQbzRRMmJv  
 
[debug] [2019-11-22T15:16:47.552Z] <<< HTTP RESPONSE 200
[debug] [2019-11-22T15:16:49.553Z] >>> HTTP REQUEST GET https://cloudfunctions.googleapis.com/v1/operations/c2t5bGFyLXNvY2lhbC0xNzE5MC91cy1jZW50cmFsMS9yZWFkTW9udGhzLzBLeFRQbzRRMmJv  
 
[debug] [2019-11-22T15:16:49.714Z] <<< HTTP RESPONSE 200
[debug] [2019-11-22T15:16:51.718Z] >>> HTTP REQUEST GET https://cloudfunctions.googleapis.com/v1/operations/c2t5bGFyLXNvY2lhbC0xNzE5MC91cy1jZW50cmFsMS9yZWFkTW9udGhzLzBLeFRQbzRRMmJv  
 
[debug] [2019-11-22T15:16:51.891Z] <<< HTTP RESPONSE 200
[debug] [2019-11-22T15:16:53.895Z] >>> HTTP REQUEST GET https://cloudfunctions.googleapis.com/v1/operations/c2t5bGFyLXNvY2lhbC0xNzE5MC91cy1jZW50cmFsMS9yZWFkTW9udGhzLzBLeFRQbzRRMmJv  
 
[debug] [2019-11-22T15:16:54.058Z] <<< HTTP RESPONSE 200
[debug] [2019-11-22T15:16:56.062Z] >>> HTTP REQUEST GET https://cloudfunctions.googleapis.com/v1/operations/c2t5bGFyLXNvY2lhbC0xNzE5MC91cy1jZW50cmFsMS9yZWFkTW9udGhzLzBLeFRQbzRRMmJv  
 
[debug] [2019-11-22T15:16:56.227Z] <<< HTTP RESPONSE 200
[debug] [2019-11-22T15:16:58.231Z] >>> HTTP REQUEST GET https://cloudfunctions.googleapis.com/v1/operations/c2t5bGFyLXNvY2lhbC0xNzE5MC91cy1jZW50cmFsMS9yZWFkTW9udGhzLzBLeFRQbzRRMmJv  
 
[debug] [2019-11-22T15:16:58.397Z] <<< HTTP RESPONSE 200
[debug] [2019-11-22T15:17:00.402Z] >>> HTTP REQUEST GET https://cloudfunctions.googleapis.com/v1/operations/c2t5bGFyLXNvY2lhbC0xNzE5MC91cy1jZW50cmFsMS9yZWFkTW9udGhzLzBLeFRQbzRRMmJv  
 
[debug] [2019-11-22T15:17:00.509Z] <<< HTTP RESPONSE 200
[debug] [2019-11-22T15:17:02.509Z] >>> HTTP REQUEST GET https://cloudfunctions.googleapis.com/v1/operations/c2t5bGFyLXNvY2lhbC0xNzE5MC91cy1jZW50cmFsMS9yZWFkTW9udGhzLzBLeFRQbzRRMmJv  
 
[debug] [2019-11-22T15:17:02.685Z] <<< HTTP RESPONSE 200
[debug] [2019-11-22T15:17:04.692Z] >>> HTTP REQUEST GET https://cloudfunctions.googleapis.com/v1/operations/c2t5bGFyLXNvY2lhbC0xNzE5MC91cy1jZW50cmFsMS9yZWFkTW9udGhzLzBLeFRQbzRRMmJv  
 
[debug] [2019-11-22T15:17:04.819Z] <<< HTTP RESPONSE 200
[debug] [2019-11-22T15:17:06.822Z] >>> HTTP REQUEST GET https://cloudfunctions.googleapis.com/v1/operations/c2t5bGFyLXNvY2lhbC0xNzE5MC91cy1jZW50cmFsMS9yZWFkTW9udGhzLzBLeFRQbzRRMmJv  
 
[debug] [2019-11-22T15:17:06.980Z] <<< HTTP RESPONSE 200
[debug] [2019-11-22T15:17:08.986Z] >>> HTTP REQUEST GET https://cloudfunctions.googleapis.com/v1/operations/c2t5bGFyLXNvY2lhbC0xNzE5MC91cy1jZW50cmFsMS9yZWFkTW9udGhzLzBLeFRQbzRRMmJv  
 
[debug] [2019-11-22T15:17:09.172Z] <<< HTTP RESPONSE 200
[debug] [2019-11-22T15:17:11.176Z] >>> HTTP REQUEST GET https://cloudfunctions.googleapis.com/v1/operations/c2t5bGFyLXNvY2lhbC0xNzE5MC91cy1jZW50cmFsMS9yZWFkTW9udGhzLzBLeFRQbzRRMmJv  
 
[debug] [2019-11-22T15:17:11.346Z] <<< HTTP RESPONSE 200
[debug] [2019-11-22T15:17:13.350Z] >>> HTTP REQUEST GET https://cloudfunctions.googleapis.com/v1/operations/c2t5bGFyLXNvY2lhbC0xNzE5MC91cy1jZW50cmFsMS9yZWFkTW9udGhzLzBLeFRQbzRRMmJv  
 
[debug] [2019-11-22T15:17:13.554Z] <<< HTTP RESPONSE 200
[debug] [2019-11-22T15:17:15.558Z] >>> HTTP REQUEST GET https://cloudfunctions.googleapis.com/v1/operations/c2t5bGFyLXNvY2lhbC0xNzE5MC91cy1jZW50cmFsMS9yZWFkTW9udGhzLzBLeFRQbzRRMmJv  
 
[debug] [2019-11-22T15:17:15.730Z] <<< HTTP RESPONSE 200
[debug] [2019-11-22T15:17:17.736Z] >>> HTTP REQUEST GET https://cloudfunctions.googleapis.com/v1/operations/c2t5bGFyLXNvY2lhbC0xNzE5MC91cy1jZW50cmFsMS9yZWFkTW9udGhzLzBLeFRQbzRRMmJv  
 
[debug] [2019-11-22T15:17:17.915Z] <<< HTTP RESPONSE 200
[debug] [2019-11-22T15:17:19.919Z] >>> HTTP REQUEST GET https://cloudfunctions.googleapis.com/v1/operations/c2t5bGFyLXNvY2lhbC0xNzE5MC91cy1jZW50cmFsMS9yZWFkTW9udGhzLzBLeFRQbzRRMmJv  
 
[debug] [2019-11-22T15:17:20.097Z] <<< HTTP RESPONSE 200
[debug] [2019-11-22T15:17:22.101Z] >>> HTTP REQUEST GET https://cloudfunctions.googleapis.com/v1/operations/c2t5bGFyLXNvY2lhbC0xNzE5MC91cy1jZW50cmFsMS9yZWFkTW9udGhzLzBLeFRQbzRRMmJv  
 
[debug] [2019-11-22T15:17:22.279Z] <<< HTTP RESPONSE 200
[debug] [2019-11-22T15:17:24.284Z] >>> HTTP REQUEST GET https://cloudfunctions.googleapis.com/v1/operations/c2t5bGFyLXNvY2lhbC0xNzE5MC91cy1jZW50cmFsMS9yZWFkTW9udGhzLzBLeFRQbzRRMmJv  
 
[debug] [2019-11-22T15:17:24.459Z] <<< HTTP RESPONSE 200
[debug] [2019-11-22T15:17:26.464Z] >>> HTTP REQUEST GET https://cloudfunctions.googleapis.com/v1/operations/c2t5bGFyLXNvY2lhbC0xNzE5MC91cy1jZW50cmFsMS9yZWFkTW9udGhzLzBLeFRQbzRRMmJv  
 
[debug] [2019-11-22T15:17:26.727Z] <<< HTTP RESPONSE 200
[debug] [2019-11-22T15:17:28.731Z] >>> HTTP REQUEST GET https://cloudfunctions.googleapis.com/v1/operations/c2t5bGFyLXNvY2lhbC0xNzE5MC91cy1jZW50cmFsMS9yZWFkTW9udGhzLzBLeFRQbzRRMmJv  
 
[debug] [2019-11-22T15:17:28.900Z] <<< HTTP RESPONSE 200
[debug] [2019-11-22T15:17:30.906Z] >>> HTTP REQUEST GET https://cloudfunctions.googleapis.com/v1/operations/c2t5bGFyLXNvY2lhbC0xNzE5MC91cy1jZW50cmFsMS9yZWFkTW9udGhzLzBLeFRQbzRRMmJv  
 
[debug] [2019-11-22T15:17:31.105Z] <<< HTTP RESPONSE 200
[debug] [2019-11-22T15:17:33.109Z] >>> HTTP REQUEST GET https://cloudfunctions.googleapis.com/v1/operations/c2t5bGFyLXNvY2lhbC0xNzE5MC91cy1jZW50cmFsMS9yZWFkTW9udGhzLzBLeFRQbzRRMmJv  
 
[debug] [2019-11-22T15:17:33.293Z] <<< HTTP RESPONSE 200
[debug] [2019-11-22T15:17:35.296Z] >>> HTTP REQUEST GET https://cloudfunctions.googleapis.com/v1/operations/c2t5bGFyLXNvY2lhbC0xNzE5MC91cy1jZW50cmFsMS9yZWFkTW9udGhzLzBLeFRQbzRRMmJv  
 
[debug] [2019-11-22T15:17:35.495Z] <<< HTTP RESPONSE 200
[debug] [2019-11-22T15:17:37.497Z] >>> HTTP REQUEST GET https://cloudfunctions.googleapis.com/v1/operations/c2t5bGFyLXNvY2lhbC0xNzE5MC91cy1jZW50cmFsMS9yZWFkTW9udGhzLzBLeFRQbzRRMmJv  
 
[debug] [2019-11-22T15:17:37.703Z] <<< HTTP RESPONSE 200
[debug] [2019-11-22T15:17:39.705Z] >>> HTTP REQUEST GET https://cloudfunctions.googleapis.com/v1/operations/c2t5bGFyLXNvY2lhbC0xNzE5MC91cy1jZW50cmFsMS9yZWFkTW9udGhzLzBLeFRQbzRRMmJv  
 
[debug] [2019-11-22T15:17:39.871Z] <<< HTTP RESPONSE 200
[debug] [2019-11-22T15:17:41.876Z] >>> HTTP REQUEST GET https://cloudfunctions.googleapis.com/v1/operations/c2t5bGFyLXNvY2lhbC0xNzE5MC91cy1jZW50cmFsMS9yZWFkTW9udGhzLzBLeFRQbzRRMmJv  
 
[debug] [2019-11-22T15:17:42.039Z] <<< HTTP RESPONSE 200
[debug] [2019-11-22T15:17:44.044Z] >>> HTTP REQUEST GET https://cloudfunctions.googleapis.com/v1/operations/c2t5bGFyLXNvY2lhbC0xNzE5MC91cy1jZW50cmFsMS9yZWFkTW9udGhzLzBLeFRQbzRRMmJv  
 
[debug] [2019-11-22T15:17:44.214Z] <<< HTTP RESPONSE 200
[debug] [2019-11-22T15:17:46.215Z] >>> HTTP REQUEST GET https://cloudfunctions.googleapis.com/v1/operations/c2t5bGFyLXNvY2lhbC0xNzE5MC91cy1jZW50cmFsMS9yZWFkTW9udGhzLzBLeFRQbzRRMmJv  
 
[debug] [2019-11-22T15:17:46.385Z] <<< HTTP RESPONSE 200
[debug] [2019-11-22T15:17:48.389Z] >>> HTTP REQUEST GET https://cloudfunctions.googleapis.com/v1/operations/c2t5bGFyLXNvY2lhbC0xNzE5MC91cy1jZW50cmFsMS9yZWFkTW9udGhzLzBLeFRQbzRRMmJv  
 
[debug] [2019-11-22T15:17:48.551Z] <<< HTTP RESPONSE 200
[debug] [2019-11-22T15:17:50.554Z] >>> HTTP REQUEST GET https://cloudfunctions.googleapis.com/v1/operations/c2t5bGFyLXNvY2lhbC0xNzE5MC91cy1jZW50cmFsMS9yZWFkTW9udGhzLzBLeFRQbzRRMmJv  
 
[debug] [2019-11-22T15:17:50.722Z] <<< HTTP RESPONSE 200
[debug] [2019-11-22T15:17:52.723Z] >>> HTTP REQUEST GET https://cloudfunctions.googleapis.com/v1/operations/c2t5bGFyLXNvY2lhbC0xNzE5MC91cy1jZW50cmFsMS9yZWFkTW9udGhzLzBLeFRQbzRRMmJv  
 
[debug] [2019-11-22T15:17:52.893Z] <<< HTTP RESPONSE 200
[debug] [2019-11-22T15:17:54.896Z] >>> HTTP REQUEST GET https://cloudfunctions.googleapis.com/v1/operations/c2t5bGFyLXNvY2lhbC0xNzE5MC91cy1jZW50cmFsMS9yZWFkTW9udGhzLzBLeFRQbzRRMmJv  
 
[debug] [2019-11-22T15:17:55.057Z] <<< HTTP RESPONSE 200
[debug] [2019-11-22T15:17:57.061Z] >>> HTTP REQUEST GET https://cloudfunctions.googleapis.com/v1/operations/c2t5bGFyLXNvY2lhbC0xNzE5MC91cy1jZW50cmFsMS9yZWFkTW9udGhzLzBLeFRQbzRRMmJv  
 
[debug] [2019-11-22T15:17:57.221Z] <<< HTTP RESPONSE 200
[debug] [2019-11-22T15:17:59.224Z] >>> HTTP REQUEST GET https://cloudfunctions.googleapis.com/v1/operations/c2t5bGFyLXNvY2lhbC0xNzE5MC91cy1jZW50cmFsMS9yZWFkTW9udGhzLzBLeFRQbzRRMmJv  
 
[debug] [2019-11-22T15:17:59.327Z] <<< HTTP RESPONSE 200
[debug] [2019-11-22T15:18:01.331Z] >>> HTTP REQUEST GET https://cloudfunctions.googleapis.com/v1/operations/c2t5bGFyLXNvY2lhbC0xNzE5MC91cy1jZW50cmFsMS9yZWFkTW9udGhzLzBLeFRQbzRRMmJv  
 
[debug] [2019-11-22T15:18:01.497Z] <<< HTTP RESPONSE 200
[debug] [2019-11-22T15:18:03.502Z] >>> HTTP REQUEST GET https://cloudfunctions.googleapis.com/v1/operations/c2t5bGFyLXNvY2lhbC0xNzE5MC91cy1jZW50cmFsMS9yZWFkTW9udGhzLzBLeFRQbzRRMmJv  
 
[debug] [2019-11-22T15:18:03.678Z] <<< HTTP RESPONSE 200
[debug] [2019-11-22T15:18:05.682Z] >>> HTTP REQUEST GET https://cloudfunctions.googleapis.com/v1/operations/c2t5bGFyLXNvY2lhbC0xNzE5MC91cy1jZW50cmFsMS9yZWFkTW9udGhzLzBLeFRQbzRRMmJv  
 
[debug] [2019-11-22T15:18:05.804Z] <<< HTTP RESPONSE 200
[debug] [2019-11-22T15:18:07.809Z] >>> HTTP REQUEST GET https://cloudfunctions.googleapis.com/v1/operations/c2t5bGFyLXNvY2lhbC0xNzE5MC91cy1jZW50cmFsMS9yZWFkTW9udGhzLzBLeFRQbzRRMmJv  
 
[debug] [2019-11-22T15:18:07.978Z] <<< HTTP RESPONSE 200
[debug] [2019-11-22T15:18:09.980Z] >>> HTTP REQUEST GET https://cloudfunctions.googleapis.com/v1/operations/c2t5bGFyLXNvY2lhbC0xNzE5MC91cy1jZW50cmFsMS9yZWFkTW9udGhzLzBLeFRQbzRRMmJv  
 
[debug] [2019-11-22T15:18:10.145Z] <<< HTTP RESPONSE 200
[debug] [2019-11-22T15:18:12.148Z] >>> HTTP REQUEST GET https://cloudfunctions.googleapis.com/v1/operations/c2t5bGFyLXNvY2lhbC0xNzE5MC91cy1jZW50cmFsMS9yZWFkTW9udGhzLzBLeFRQbzRRMmJv  
 
[debug] [2019-11-22T15:18:12.309Z] <<< HTTP RESPONSE 200
[debug] [2019-11-22T15:18:14.311Z] >>> HTTP REQUEST GET https://cloudfunctions.googleapis.com/v1/operations/c2t5bGFyLXNvY2lhbC0xNzE5MC91cy1jZW50cmFsMS9yZWFkTW9udGhzLzBLeFRQbzRRMmJv  
 
[debug] [2019-11-22T15:18:14.471Z] <<< HTTP RESPONSE 200
[debug] [2019-11-22T15:18:16.472Z] >>> HTTP REQUEST GET https://cloudfunctions.googleapis.com/v1/operations/c2t5bGFyLXNvY2lhbC0xNzE5MC91cy1jZW50cmFsMS9yZWFkTW9udGhzLzBLeFRQbzRRMmJv  
 
[debug] [2019-11-22T15:18:16.592Z] <<< HTTP RESPONSE 200
[debug] [2019-11-22T15:18:18.595Z] >>> HTTP REQUEST GET https://cloudfunctions.googleapis.com/v1/operations/c2t5bGFyLXNvY2lhbC0xNzE5MC91cy1jZW50cmFsMS9yZWFkTW9udGhzLzBLeFRQbzRRMmJv  
 
[debug] [2019-11-22T15:18:18.696Z] <<< HTTP RESPONSE 200
[debug] [2019-11-22T15:18:20.701Z] >>> HTTP REQUEST GET https://cloudfunctions.googleapis.com/v1/operations/c2t5bGFyLXNvY2lhbC0xNzE5MC91cy1jZW50cmFsMS9yZWFkTW9udGhzLzBLeFRQbzRRMmJv  
 
[debug] [2019-11-22T15:18:20.869Z] <<< HTTP RESPONSE 200
[debug] [2019-11-22T15:18:22.874Z] >>> HTTP REQUEST GET https://cloudfunctions.googleapis.com/v1/operations/c2t5bGFyLXNvY2lhbC0xNzE5MC91cy1jZW50cmFsMS9yZWFkTW9udGhzLzBLeFRQbzRRMmJv  
 
[debug] [2019-11-22T15:18:23.058Z] <<< HTTP RESPONSE 200
[debug] [2019-11-22T15:18:25.062Z] >>> HTTP REQUEST GET https://cloudfunctions.googleapis.com/v1/operations/c2t5bGFyLXNvY2lhbC0xNzE5MC91cy1jZW50cmFsMS9yZWFkTW9udGhzLzBLeFRQbzRRMmJv  
 
[debug] [2019-11-22T15:18:25.280Z] <<< HTTP RESPONSE 200
[debug] [2019-11-22T15:18:27.284Z] >>> HTTP REQUEST GET https://cloudfunctions.googleapis.com/v1/operations/c2t5bGFyLXNvY2lhbC0xNzE5MC91cy1jZW50cmFsMS9yZWFkTW9udGhzLzBLeFRQbzRRMmJv  
 
[debug] [2019-11-22T15:18:27.402Z] <<< HTTP RESPONSE 200
[debug] [2019-11-22T15:18:29.407Z] >>> HTTP REQUEST GET https://cloudfunctions.googleapis.com/v1/operations/c2t5bGFyLXNvY2lhbC0xNzE5MC91cy1jZW50cmFsMS9yZWFkTW9udGhzLzBLeFRQbzRRMmJv  
 
[debug] [2019-11-22T15:18:29.588Z] <<< HTTP RESPONSE 200
[debug] [2019-11-22T15:18:31.592Z] >>> HTTP REQUEST GET https://cloudfunctions.googleapis.com/v1/operations/c2t5bGFyLXNvY2lhbC0xNzE5MC91cy1jZW50cmFsMS9yZWFkTW9udGhzLzBLeFRQbzRRMmJv  
 
[debug] [2019-11-22T15:18:31.761Z] <<< HTTP RESPONSE 200
[debug] [2019-11-22T15:18:33.764Z] >>> HTTP REQUEST GET https://cloudfunctions.googleapis.com/v1/operations/c2t5bGFyLXNvY2lhbC0xNzE5MC91cy1jZW50cmFsMS9yZWFkTW9udGhzLzBLeFRQbzRRMmJv  
 
[debug] [2019-11-22T15:18:33.943Z] <<< HTTP RESPONSE 200
[debug] [2019-11-22T15:18:35.948Z] >>> HTTP REQUEST GET https://cloudfunctions.googleapis.com/v1/operations/c2t5bGFyLXNvY2lhbC0xNzE5MC91cy1jZW50cmFsMS9yZWFkTW9udGhzLzBLeFRQbzRRMmJv  
 
[debug] [2019-11-22T15:18:36.108Z] <<< HTTP RESPONSE 200
[debug] [2019-11-22T15:18:38.110Z] >>> HTTP REQUEST GET https://cloudfunctions.googleapis.com/v1/operations/c2t5bGFyLXNvY2lhbC0xNzE5MC91cy1jZW50cmFsMS9yZWFkTW9udGhzLzBLeFRQbzRRMmJv  
 
[debug] [2019-11-22T15:18:38.276Z] <<< HTTP RESPONSE 200
[debug] [2019-11-22T15:18:40.282Z] >>> HTTP REQUEST GET https://cloudfunctions.googleapis.com/v1/operations/c2t5bGFyLXNvY2lhbC0xNzE5MC91cy1jZW50cmFsMS9yZWFkTW9udGhzLzBLeFRQbzRRMmJv  
 
[debug] [2019-11-22T15:18:40.460Z] <<< HTTP RESPONSE 200
[debug] [2019-11-22T15:18:42.466Z] >>> HTTP REQUEST GET https://cloudfunctions.googleapis.com/v1/operations/c2t5bGFyLXNvY2lhbC0xNzE5MC91cy1jZW50cmFsMS9yZWFkTW9udGhzLzBLeFRQbzRRMmJv  
 
[debug] [2019-11-22T15:18:42.634Z] <<< HTTP RESPONSE 200
[debug] [2019-11-22T15:18:44.640Z] >>> HTTP REQUEST GET https://cloudfunctions.googleapis.com/v1/operations/c2t5bGFyLXNvY2lhbC0xNzE5MC91cy1jZW50cmFsMS9yZWFkTW9udGhzLzBLeFRQbzRRMmJv  
 
[debug] [2019-11-22T15:18:44.801Z] <<< HTTP RESPONSE 200
[debug] [2019-11-22T15:18:46.807Z] >>> HTTP REQUEST GET https://cloudfunctions.googleapis.com/v1/operations/c2t5bGFyLXNvY2lhbC0xNzE5MC91cy1jZW50cmFsMS9yZWFkTW9udGhzLzBLeFRQbzRRMmJv  
 
[debug] [2019-11-22T15:18:46.969Z] <<< HTTP RESPONSE 200
[debug] [2019-11-22T15:18:48.971Z] >>> HTTP REQUEST GET https://cloudfunctions.googleapis.com/v1/operations/c2t5bGFyLXNvY2lhbC0xNzE5MC91cy1jZW50cmFsMS9yZWFkTW9udGhzLzBLeFRQbzRRMmJv  
 
[debug] [2019-11-22T15:18:49.153Z] <<< HTTP RESPONSE 200
[debug] [2019-11-22T15:18:51.157Z] >>> HTTP REQUEST GET https://cloudfunctions.googleapis.com/v1/operations/c2t5bGFyLXNvY2lhbC0xNzE5MC91cy1jZW50cmFsMS9yZWFkTW9udGhzLzBLeFRQbzRRMmJv  
 
[debug] [2019-11-22T15:18:51.325Z] <<< HTTP RESPONSE 200
[debug] [2019-11-22T15:18:53.332Z] >>> HTTP REQUEST GET https://cloudfunctions.googleapis.com/v1/operations/c2t5bGFyLXNvY2lhbC0xNzE5MC91cy1jZW50cmFsMS9yZWFkTW9udGhzLzBLeFRQbzRRMmJv  
 
[debug] [2019-11-22T15:18:53.522Z] <<< HTTP RESPONSE 200
[debug] [2019-11-22T15:18:55.527Z] >>> HTTP REQUEST GET https://cloudfunctions.googleapis.com/v1/operations/c2t5bGFyLXNvY2lhbC0xNzE5MC91cy1jZW50cmFsMS9yZWFkTW9udGhzLzBLeFRQbzRRMmJv  
 
[debug] [2019-11-22T15:18:55.703Z] <<< HTTP RESPONSE 200
[debug] [2019-11-22T15:18:57.708Z] >>> HTTP REQUEST GET https://cloudfunctions.googleapis.com/v1/operations/c2t5bGFyLXNvY2lhbC0xNzE5MC91cy1jZW50cmFsMS9yZWFkTW9udGhzLzBLeFRQbzRRMmJv  
 
[debug] [2019-11-22T15:18:57.885Z] <<< HTTP RESPONSE 200
[debug] [2019-11-22T15:18:59.887Z] >>> HTTP REQUEST GET https://cloudfunctions.googleapis.com/v1/operations/c2t5bGFyLXNvY2lhbC0xNzE5MC91cy1jZW50cmFsMS9yZWFkTW9udGhzLzBLeFRQbzRRMmJv  
 
[debug] [2019-11-22T15:19:00.055Z] <<< HTTP RESPONSE 200
[debug] [2019-11-22T15:19:02.061Z] >>> HTTP REQUEST GET https://cloudfunctions.googleapis.com/v1/operations/c2t5bGFyLXNvY2lhbC0xNzE5MC91cy1jZW50cmFsMS9yZWFkTW9udGhzLzBLeFRQbzRRMmJv  
 
[debug] [2019-11-22T15:19:02.232Z] <<< HTTP RESPONSE 200
[debug] [2019-11-22T15:19:04.237Z] >>> HTTP REQUEST GET https://cloudfunctions.googleapis.com/v1/operations/c2t5bGFyLXNvY2lhbC0xNzE5MC91cy1jZW50cmFsMS9yZWFkTW9udGhzLzBLeFRQbzRRMmJv  
 
[debug] [2019-11-22T15:19:04.405Z] <<< HTTP RESPONSE 200
[debug] [2019-11-22T15:19:06.407Z] >>> HTTP REQUEST GET https://cloudfunctions.googleapis.com/v1/operations/c2t5bGFyLXNvY2lhbC0xNzE5MC91cy1jZW50cmFsMS9yZWFkTW9udGhzLzBLeFRQbzRRMmJv  
 
[debug] [2019-11-22T15:19:06.572Z] <<< HTTP RESPONSE 200
[debug] [2019-11-22T15:19:08.576Z] >>> HTTP REQUEST GET https://cloudfunctions.googleapis.com/v1/operations/c2t5bGFyLXNvY2lhbC0xNzE5MC91cy1jZW50cmFsMS9yZWFkTW9udGhzLzBLeFRQbzRRMmJv  
 
[debug] [2019-11-22T15:19:08.747Z] <<< HTTP RESPONSE 200
[debug] [2019-11-22T15:19:10.753Z] >>> HTTP REQUEST GET https://cloudfunctions.googleapis.com/v1/operations/c2t5bGFyLXNvY2lhbC0xNzE5MC91cy1jZW50cmFsMS9yZWFkTW9udGhzLzBLeFRQbzRRMmJv  
 
[debug] [2019-11-22T15:19:10.916Z] <<< HTTP RESPONSE 200
[debug] [2019-11-22T15:19:12.920Z] >>> HTTP REQUEST GET https://cloudfunctions.googleapis.com/v1/operations/c2t5bGFyLXNvY2lhbC0xNzE5MC91cy1jZW50cmFsMS9yZWFkTW9udGhzLzBLeFRQbzRRMmJv  
 
[debug] [2019-11-22T15:19:13.090Z] <<< HTTP RESPONSE 200
[debug] [2019-11-22T15:19:15.091Z] >>> HTTP REQUEST GET https://cloudfunctions.googleapis.com/v1/operations/c2t5bGFyLXNvY2lhbC0xNzE5MC91cy1jZW50cmFsMS9yZWFkTW9udGhzLzBLeFRQbzRRMmJv  
 
[debug] [2019-11-22T15:19:15.201Z] <<< HTTP RESPONSE 200
[debug] [2019-11-22T15:19:17.206Z] >>> HTTP REQUEST GET https://cloudfunctions.googleapis.com/v1/operations/c2t5bGFyLXNvY2lhbC0xNzE5MC91cy1jZW50cmFsMS9yZWFkTW9udGhzLzBLeFRQbzRRMmJv  
 
[debug] [2019-11-22T15:19:17.406Z] <<< HTTP RESPONSE 200
[debug] [2019-11-22T15:19:19.410Z] >>> HTTP REQUEST GET https://cloudfunctions.googleapis.com/v1/operations/c2t5bGFyLXNvY2lhbC0xNzE5MC91cy1jZW50cmFsMS9yZWFkTW9udGhzLzBLeFRQbzRRMmJv  
 
[debug] [2019-11-22T15:19:19.532Z] <<< HTTP RESPONSE 200
[debug] [2019-11-22T15:19:21.536Z] >>> HTTP REQUEST GET https://cloudfunctions.googleapis.com/v1/operations/c2t5bGFyLXNvY2lhbC0xNzE5MC91cy1jZW50cmFsMS9yZWFkTW9udGhzLzBLeFRQbzRRMmJv  
 
[debug] [2019-11-22T15:19:21.690Z] <<< HTTP RESPONSE 200
[debug] [2019-11-22T15:19:23.692Z] >>> HTTP REQUEST GET https://cloudfunctions.googleapis.com/v1/operations/c2t5bGFyLXNvY2lhbC0xNzE5MC91cy1jZW50cmFsMS9yZWFkTW9udGhzLzBLeFRQbzRRMmJv  
 
[debug] [2019-11-22T15:19:23.871Z] <<< HTTP RESPONSE 200
[debug] [2019-11-22T15:19:25.875Z] >>> HTTP REQUEST GET https://cloudfunctions.googleapis.com/v1/operations/c2t5bGFyLXNvY2lhbC0xNzE5MC91cy1jZW50cmFsMS9yZWFkTW9udGhzLzBLeFRQbzRRMmJv  
 
[debug] [2019-11-22T15:19:26.057Z] <<< HTTP RESPONSE 200
[debug] [2019-11-22T15:19:28.058Z] >>> HTTP REQUEST GET https://cloudfunctions.googleapis.com/v1/operations/c2t5bGFyLXNvY2lhbC0xNzE5MC91cy1jZW50cmFsMS9yZWFkTW9udGhzLzBLeFRQbzRRMmJv  
 
[debug] [2019-11-22T15:19:28.228Z] <<< HTTP RESPONSE 200
[debug] [2019-11-22T15:19:31.273Z] ----------------------------------------------------------------------
[debug] [2019-11-22T15:19:31.275Z] Command:       /usr/local/bin/node /usr/local/bin/firebase deploy --only functions
[debug] [2019-11-22T15:19:31.275Z] CLI Version:   7.7.0
[debug] [2019-11-22T15:19:31.275Z] Platform:      darwin
[debug] [2019-11-22T15:19:31.276Z] Node Version:  v10.15.3
[debug] [2019-11-22T15:19:31.277Z] Time:          Fri Nov 22 2019 10:19:31 GMT-0500 (Eastern Standard Time)
[debug] [2019-11-22T15:19:31.277Z] ----------------------------------------------------------------------
[debug] [2019-11-22T15:19:31.277Z] 
[debug] [2019-11-22T15:19:31.286Z] > command requires scopes: ["email","openid","https://www.googleapis.com/auth/cloudplatformprojects.readonly","https://www.googleapis.com/auth/firebase","https://www.googleapis.com/auth/cloud-platform"]
[debug] [2019-11-22T15:19:31.286Z] > authorizing via signed-in user
[debug] [2019-11-22T15:19:31.287Z] [iam] checking project skylar-social-17190 for permissions ["cloudfunctions.functions.create","cloudfunctions.functions.delete","cloudfunctions.functions.get","cloudfunctions.functions.list","cloudfunctions.functions.update","cloudfunctions.operations.get","firebase.projects.get"]
[debug] [2019-11-22T15:19:31.288Z] >>> HTTP REQUEST POST https://cloudresourcemanager.googleapis.com/v1/projects/skylar-social-17190:testIamPermissions  

[debug] [2019-11-22T15:19:31.601Z] <<< HTTP RESPONSE 200
[info] 
[info] === Deploying to 'skylar-social-17190'...
[info] 
[info] i  deploying functions
[debug] [2019-11-22T15:19:33.286Z] > [functions] package.json contents: {
  "name": "functions",
  "description": "Cloud Functions for Firebase",
  "scripts": {
    "serve": "firebase serve --only functions",
    "shell": "firebase functions:shell",
    "start": "npm run shell",
    "deploy": "firebase deploy --only functions",
    "logs": "firebase functions:log"
  },
  "engines": {
    "node": "8"
  },
  "dependencies": {
    "firebase-admin": "^8.6.0",
    "firebase-functions": "^3.3.0"
  },
  "devDependencies": {
    "firebase-functions-test": "^0.1.6"
  },
  "private": true
}
[info] i  functions: ensuring necessary APIs are enabled...
[debug] [2019-11-22T15:19:33.289Z] >>> HTTP REQUEST GET https://serviceusage.googleapis.com/v1/projects/skylar-social-17190/services/cloudfunctions.googleapis.com  
 
[debug] [2019-11-22T15:19:33.290Z] >>> HTTP REQUEST GET https://serviceusage.googleapis.com/v1/projects/skylar-social-17190/services/runtimeconfig.googleapis.com  
 
[debug] [2019-11-22T15:19:33.698Z] <<< HTTP RESPONSE 200
[debug] [2019-11-22T15:19:33.708Z] <<< HTTP RESPONSE 200
[info] ✔  functions: all necessary APIs are enabled
[debug] [2019-11-22T15:19:33.709Z] >>> HTTP REQUEST GET https://firebase.googleapis.com/v1beta1/projects/skylar-social-17190/adminSdkConfig  
 
[debug] [2019-11-22T15:19:33.920Z] <<< HTTP RESPONSE 200
[info] i  functions: preparing functions directory for uploading...
[debug] [2019-11-22T15:19:33.924Z] >>> HTTP REQUEST GET https://runtimeconfig.googleapis.com/v1beta1/projects/skylar-social-17190/configs  
 
[debug] [2019-11-22T15:19:34.123Z] <<< HTTP RESPONSE 200
[info] i  functions: packaged functions (25.14 KB) for uploading
[debug] [2019-11-22T15:19:34.333Z] >>> HTTP REQUEST POST https://cloudfunctions.googleapis.com/v1/projects/skylar-social-17190/locations/us-central1/functions:generateUploadUrl  
 
[debug] [2019-11-22T15:19:34.926Z] <<< HTTP RESPONSE 200
[debug] [2019-11-22T15:19:34.927Z] >>> HTTP REQUEST PUT https://storage.googleapis.com/gcf-upload-us-central1-13fad88a-a511-4d5c-aa1d-168b38ed74fd/18c04202-711f-45a9-8420-dd3c283361c7.zip?GoogleAccessId=service-861778122764@gcf-admin-robot.iam.gserviceaccount.com&Expires=1574437771&Signature=ZrkM5t%2FLH8FzqaJWd1ocIH5wkkM5DAIG6g8Qr0bLBmY5oczYe6TKTR9VfKaSjO0%2FXKgBHdWtZstoFhv3OHZG%2FzFqCyDrlgaNfbTASnfWwAW%2F2N%2Bw90ELxWca%2BPETC%2BMAR4s3clRB22lTF5qvk0NDWzVWGZRJ2VYE%2BBNMwVyPpckRjkChSRx83klPufkXpRVIFUNd7Rrh4RceO4PeqgaC2lYVJWyHZviR7wvLCgO5ekhAXqzG0iuAdth2rYQQGNVE0b8jxca2IPsEpMcZ1Xp9slib7aRZwuZOXpZqDIQvC9CJmVgD98Hfc%2BYTraQLuyuiv0HBtusOQbez8DV6RYWj%2Bw%3D%3D  
 <request body omitted>
[debug] [2019-11-22T15:19:35.222Z] <<< HTTP RESPONSE 200
[info] ✔  functions: functions folder uploaded successfully
[debug] [2019-11-22T15:19:35.225Z] >>> HTTP REQUEST GET https://cloudfunctions.googleapis.com/v1/projects/skylar-social-17190/locations/-/functions  
 
[debug] [2019-11-22T15:19:35.645Z] <<< HTTP RESPONSE 200
[info] i  functions: updating Node.js 8 function countUnread(us-central1)...
[debug] [2019-11-22T15:19:35.648Z] Trigger is:  {"eventTrigger":{"resource":"projects/skylar-social-17190/databases/(default)/documents/chats/{userId}/messages/{message}","eventType":"providers/cloud.firestore/eventTypes/document.create","service":"firestore.googleapis.com"}}
[info] i  functions: updating Node.js 8 function readMonths(us-central1)...
[debug] [2019-11-22T15:19:35.649Z] Trigger is:  {"httpsTrigger":{}}
[info] i  functions: updating Node.js 8 function readClientMessages(us-central1)...
[debug] [2019-11-22T15:19:35.649Z] Trigger is:  {"httpsTrigger":{}}
[info] i  functions: updating Node.js 8 function getNumberOfMonths(us-central1)...
[debug] [2019-11-22T15:19:35.649Z] Trigger is:  {"httpsTrigger":{}}
[debug] [2019-11-22T15:19:35.651Z] >>> HTTP REQUEST GET https://serviceusage.googleapis.com/v1/projects/skylar-social-17190/services/cloudscheduler.googleapis.com  
 
[debug] [2019-11-22T15:19:35.989Z] <<< HTTP RESPONSE 200
[debug] [2019-11-22T15:19:35.991Z] >>> HTTP REQUEST PATCH https://cloudfunctions.googleapis.com/v1/projects/skylar-social-17190/locations/us-central1/functions/countUnread {"updateMask":"sourceUploadUrl,name,labels,runtime,eventTrigger.resource,eventTrigger.eventType,eventTrigger.service"} 

[debug] [2019-11-22T15:19:35.993Z] >>> HTTP REQUEST PATCH https://cloudfunctions.googleapis.com/v1/projects/skylar-social-17190/locations/us-central1/functions/readMonths {"updateMask":"sourceUploadUrl,name,labels,runtime,httpsTrigger"} 

[debug] [2019-11-22T15:19:35.994Z] >>> HTTP REQUEST PATCH https://cloudfunctions.googleapis.com/v1/projects/skylar-social-17190/locations/us-central1/functions/readClientMessages {"updateMask":"sourceUploadUrl,name,labels,runtime,httpsTrigger"} 

[debug] [2019-11-22T15:19:35.994Z] >>> HTTP REQUEST PATCH https://cloudfunctions.googleapis.com/v1/projects/skylar-social-17190/locations/us-central1/functions/getNumberOfMonths {"updateMask":"sourceUploadUrl,name,labels,runtime,httpsTrigger"} 

[debug] [2019-11-22T15:19:36.197Z] <<< HTTP RESPONSE 400
[debug] [2019-11-22T15:19:36.197Z] <<< HTTP RESPONSE BODY
[warn] ⚠  functions: failed to update function readMonths
[info] HTTP Error: 400, An operation on function readMonths in region us-central1 in project skylar-social-17190 is already in progress. Please try again later.
[debug] [2019-11-22T15:19:36.276Z] <<< HTTP RESPONSE 200
[debug] [2019-11-22T15:19:36.278Z] <<< HTTP RESPONSE 200
[debug] [2019-11-22T15:19:36.325Z] <<< HTTP RESPONSE 200
[debug] [2019-11-22T15:19:36.327Z] >>> HTTP REQUEST GET https://cloudfunctions.googleapis.com/v1/projects/skylar-social-17190/locations/-/functions  
 
[debug] [2019-11-22T15:19:36.769Z] <<< HTTP RESPONSE 200
[debug] [2019-11-22T15:19:36.771Z] >>> HTTP REQUEST GET https://cloudfunctions.googleapis.com/v1/operations/c2t5bGFyLXNvY2lhbC0xNzE5MC91cy1jZW50cmFsMS9jb3VudFVucmVhZC91bTlJWUY3ZE1ocw  
 
[debug] [2019-11-22T15:19:36.771Z] >>> HTTP REQUEST GET https://cloudfunctions.googleapis.com/v1/operations/c2t5bGFyLXNvY2lhbC0xNzE5MC91cy1jZW50cmFsMS9yZWFkQ2xpZW50TWVzc2FnZXMvS3pjckhQTy0zcmc  
 
[debug] [2019-11-22T15:19:36.771Z] >>> HTTP REQUEST GET https://cloudfunctions.googleapis.com/v1/operations/c2t5bGFyLXNvY2lhbC0xNzE5MC91cy1jZW50cmFsMS9nZXROdW1iZXJPZk1vbnRocy9tSC1RdDdVblBTaw  
 
[debug] [2019-11-22T15:19:36.942Z] <<< HTTP RESPONSE 200
[debug] [2019-11-22T15:19:36.953Z] <<< HTTP RESPONSE 200
[debug] [2019-11-22T15:19:36.961Z] <<< HTTP RESPONSE 200
[debug] [2019-11-22T15:19:38.948Z] >>> HTTP REQUEST GET https://cloudfunctions.googleapis.com/v1/operations/c2t5bGFyLXNvY2lhbC0xNzE5MC91cy1jZW50cmFsMS9yZWFkQ2xpZW50TWVzc2FnZXMvS3pjckhQTy0zcmc  
 
[debug] [2019-11-22T15:19:38.955Z] >>> HTTP REQUEST GET https://cloudfunctions.googleapis.com/v1/operations/c2t5bGFyLXNvY2lhbC0xNzE5MC91cy1jZW50cmFsMS9jb3VudFVucmVhZC91bTlJWUY3ZE1ocw  
 
[debug] [2019-11-22T15:19:38.963Z] >>> HTTP REQUEST GET https://cloudfunctions.googleapis.com/v1/operations/c2t5bGFyLXNvY2lhbC0xNzE5MC91cy1jZW50cmFsMS9nZXROdW1iZXJPZk1vbnRocy9tSC1RdDdVblBTaw  
 
[debug] [2019-11-22T15:19:39.102Z] <<< HTTP RESPONSE 200
[debug] [2019-11-22T15:19:39.118Z] <<< HTTP RESPONSE 200
[debug] [2019-11-22T15:19:39.120Z] <<< HTTP RESPONSE 200
[debug] [2019-11-22T15:19:41.107Z] >>> HTTP REQUEST GET https://cloudfunctions.googleapis.com/v1/operations/c2t5bGFyLXNvY2lhbC0xNzE5MC91cy1jZW50cmFsMS9yZWFkQ2xpZW50TWVzc2FnZXMvS3pjckhQTy0zcmc  
 
[debug] [2019-11-22T15:19:41.120Z] >>> HTTP REQUEST GET https://cloudfunctions.googleapis.com/v1/operations/c2t5bGFyLXNvY2lhbC0xNzE5MC91cy1jZW50cmFsMS9nZXROdW1iZXJPZk1vbnRocy9tSC1RdDdVblBTaw  
 
[debug] [2019-11-22T15:19:41.121Z] >>> HTTP REQUEST GET https://cloudfunctions.googleapis.com/v1/operations/c2t5bGFyLXNvY2lhbC0xNzE5MC91cy1jZW50cmFsMS9jb3VudFVucmVhZC91bTlJWUY3ZE1ocw  
 
[debug] [2019-11-22T15:19:41.252Z] <<< HTTP RESPONSE 200
[debug] [2019-11-22T15:19:41.283Z] <<< HTTP RESPONSE 200
[debug] [2019-11-22T15:19:41.292Z] <<< HTTP RESPONSE 200
[debug] [2019-11-22T15:19:43.257Z] >>> HTTP REQUEST GET https://cloudfunctions.googleapis.com/v1/operations/c2t5bGFyLXNvY2lhbC0xNzE5MC91cy1jZW50cmFsMS9jb3VudFVucmVhZC91bTlJWUY3ZE1ocw  
 
[debug] [2019-11-22T15:19:43.286Z] >>> HTTP REQUEST GET https://cloudfunctions.googleapis.com/v1/operations/c2t5bGFyLXNvY2lhbC0xNzE5MC91cy1jZW50cmFsMS9nZXROdW1iZXJPZk1vbnRocy9tSC1RdDdVblBTaw  
 
[debug] [2019-11-22T15:19:43.293Z] >>> HTTP REQUEST GET https://cloudfunctions.googleapis.com/v1/operations/c2t5bGFyLXNvY2lhbC0xNzE5MC91cy1jZW50cmFsMS9yZWFkQ2xpZW50TWVzc2FnZXMvS3pjckhQTy0zcmc  
 
[debug] [2019-11-22T15:19:43.427Z] <<< HTTP RESPONSE 200
[debug] [2019-11-22T15:19:43.462Z] <<< HTTP RESPONSE 200
[debug] [2019-11-22T15:19:43.463Z] <<< HTTP RESPONSE 200
[debug] [2019-11-22T15:19:45.432Z] >>> HTTP REQUEST GET https://cloudfunctions.googleapis.com/v1/operations/c2t5bGFyLXNvY2lhbC0xNzE5MC91cy1jZW50cmFsMS9jb3VudFVucmVhZC91bTlJWUY3ZE1ocw  
 
[debug] [2019-11-22T15:19:45.465Z] >>> HTTP REQUEST GET https://cloudfunctions.googleapis.com/v1/operations/c2t5bGFyLXNvY2lhbC0xNzE5MC91cy1jZW50cmFsMS9nZXROdW1iZXJPZk1vbnRocy9tSC1RdDdVblBTaw  
 
[debug] [2019-11-22T15:19:45.466Z] >>> HTTP REQUEST GET https://cloudfunctions.googleapis.com/v1/operations/c2t5bGFyLXNvY2lhbC0xNzE5MC91cy1jZW50cmFsMS9yZWFkQ2xpZW50TWVzc2FnZXMvS3pjckhQTy0zcmc  
 
[debug] [2019-11-22T15:19:45.623Z] <<< HTTP RESPONSE 200
[debug] [2019-11-22T15:19:45.630Z] <<< HTTP RESPONSE 200
[debug] [2019-11-22T15:19:45.631Z] <<< HTTP RESPONSE 200
[debug] [2019-11-22T15:19:47.627Z] >>> HTTP REQUEST GET https://cloudfunctions.googleapis.com/v1/operations/c2t5bGFyLXNvY2lhbC0xNzE5MC91cy1jZW50cmFsMS9jb3VudFVucmVhZC91bTlJWUY3ZE1ocw  
 
[debug] [2019-11-22T15:19:47.631Z] >>> HTTP REQUEST GET https://cloudfunctions.googleapis.com/v1/operations/c2t5bGFyLXNvY2lhbC0xNzE5MC91cy1jZW50cmFsMS9yZWFkQ2xpZW50TWVzc2FnZXMvS3pjckhQTy0zcmc  
 
[debug] [2019-11-22T15:19:47.634Z] >>> HTTP REQUEST GET https://cloudfunctions.googleapis.com/v1/operations/c2t5bGFyLXNvY2lhbC0xNzE5MC91cy1jZW50cmFsMS9nZXROdW1iZXJPZk1vbnRocy9tSC1RdDdVblBTaw  
 
[debug] [2019-11-22T15:19:47.745Z] <<< HTTP RESPONSE 200
[debug] [2019-11-22T15:19:47.756Z] <<< HTTP RESPONSE 200
[debug] [2019-11-22T15:19:47.784Z] <<< HTTP RESPONSE 200
[debug] [2019-11-22T15:19:49.749Z] >>> HTTP REQUEST GET https://cloudfunctions.googleapis.com/v1/operations/c2t5bGFyLXNvY2lhbC0xNzE5MC91cy1jZW50cmFsMS9nZXROdW1iZXJPZk1vbnRocy9tSC1RdDdVblBTaw  
 
[debug] [2019-11-22T15:19:49.757Z] >>> HTTP REQUEST GET https://cloudfunctions.googleapis.com/v1/operations/c2t5bGFyLXNvY2lhbC0xNzE5MC91cy1jZW50cmFsMS9jb3VudFVucmVhZC91bTlJWUY3ZE1ocw  
 
[debug] [2019-11-22T15:19:49.785Z] >>> HTTP REQUEST GET https://cloudfunctions.googleapis.com/v1/operations/c2t5bGFyLXNvY2lhbC0xNzE5MC91cy1jZW50cmFsMS9yZWFkQ2xpZW50TWVzc2FnZXMvS3pjckhQTy0zcmc  
 
[debug] [2019-11-22T15:19:49.859Z] <<< HTTP RESPONSE 200
[debug] [2019-11-22T15:19:49.945Z] <<< HTTP RESPONSE 200
[debug] [2019-11-22T15:19:49.958Z] <<< HTTP RESPONSE 200
[debug] [2019-11-22T15:19:51.863Z] >>> HTTP REQUEST GET https://cloudfunctions.googleapis.com/v1/operations/c2t5bGFyLXNvY2lhbC0xNzE5MC91cy1jZW50cmFsMS9nZXROdW1iZXJPZk1vbnRocy9tSC1RdDdVblBTaw  
 
[debug] [2019-11-22T15:19:51.951Z] >>> HTTP REQUEST GET https://cloudfunctions.googleapis.com/v1/operations/c2t5bGFyLXNvY2lhbC0xNzE5MC91cy1jZW50cmFsMS9jb3VudFVucmVhZC91bTlJWUY3ZE1ocw  
 
[debug] [2019-11-22T15:19:51.959Z] >>> HTTP REQUEST GET https://cloudfunctions.googleapis.com/v1/operations/c2t5bGFyLXNvY2lhbC0xNzE5MC91cy1jZW50cmFsMS9yZWFkQ2xpZW50TWVzc2FnZXMvS3pjckhQTy0zcmc  
 
[debug] [2019-11-22T15:19:52.035Z] <<< HTTP RESPONSE 200
[debug] [2019-11-22T15:19:52.069Z] <<< HTTP RESPONSE 200
[debug] [2019-11-22T15:19:52.110Z] <<< HTTP RESPONSE 200
[debug] [2019-11-22T15:19:54.038Z] >>> HTTP REQUEST GET https://cloudfunctions.googleapis.com/v1/operations/c2t5bGFyLXNvY2lhbC0xNzE5MC91cy1jZW50cmFsMS9nZXROdW1iZXJPZk1vbnRocy9tSC1RdDdVblBTaw  
 
[debug] [2019-11-22T15:19:54.071Z] >>> HTTP REQUEST GET https://cloudfunctions.googleapis.com/v1/operations/c2t5bGFyLXNvY2lhbC0xNzE5MC91cy1jZW50cmFsMS9jb3VudFVucmVhZC91bTlJWUY3ZE1ocw  
 
[debug] [2019-11-22T15:19:54.113Z] >>> HTTP REQUEST GET https://cloudfunctions.googleapis.com/v1/operations/c2t5bGFyLXNvY2lhbC0xNzE5MC91cy1jZW50cmFsMS9yZWFkQ2xpZW50TWVzc2FnZXMvS3pjckhQTy0zcmc  
 
[debug] [2019-11-22T15:19:54.189Z] <<< HTTP RESPONSE 200
[debug] [2019-11-22T15:19:54.205Z] <<< HTTP RESPONSE 200
[debug] [2019-11-22T15:19:54.278Z] <<< HTTP RESPONSE 200
[debug] [2019-11-22T15:19:56.194Z] >>> HTTP REQUEST GET https://cloudfunctions.googleapis.com/v1/operations/c2t5bGFyLXNvY2lhbC0xNzE5MC91cy1jZW50cmFsMS9jb3VudFVucmVhZC91bTlJWUY3ZE1ocw  
 
[debug] [2019-11-22T15:19:56.206Z] >>> HTTP REQUEST GET https://cloudfunctions.googleapis.com/v1/operations/c2t5bGFyLXNvY2lhbC0xNzE5MC91cy1jZW50cmFsMS9nZXROdW1iZXJPZk1vbnRocy9tSC1RdDdVblBTaw  
 
[debug] [2019-11-22T15:19:56.282Z] >>> HTTP REQUEST GET https://cloudfunctions.googleapis.com/v1/operations/c2t5bGFyLXNvY2lhbC0xNzE5MC91cy1jZW50cmFsMS9yZWFkQ2xpZW50TWVzc2FnZXMvS3pjckhQTy0zcmc  
 
[debug] [2019-11-22T15:19:56.367Z] <<< HTTP RESPONSE 200
[debug] [2019-11-22T15:19:56.373Z] <<< HTTP RESPONSE 200
[debug] [2019-11-22T15:19:56.455Z] <<< HTTP RESPONSE 200
[debug] [2019-11-22T15:20:00.108Z] ----------------------------------------------------------------------
[debug] [2019-11-22T15:20:00.110Z] Command:       /usr/local/bin/node /usr/local/bin/firebase deploy --only functions
[debug] [2019-11-22T15:20:00.110Z] CLI Version:   7.7.0
[debug] [2019-11-22T15:20:00.110Z] Platform:      darwin
[debug] [2019-11-22T15:20:00.110Z] Node Version:  v10.15.3
[debug] [2019-11-22T15:20:00.111Z] Time:          Fri Nov 22 2019 10:20:00 GMT-0500 (Eastern Standard Time)
[debug] [2019-11-22T15:20:00.111Z] ----------------------------------------------------------------------
[debug] [2019-11-22T15:20:00.111Z] 
[debug] [2019-11-22T15:20:00.120Z] > command requires scopes: ["email","openid","https://www.googleapis.com/auth/cloudplatformprojects.readonly","https://www.googleapis.com/auth/firebase","https://www.googleapis.com/auth/cloud-platform"]
[debug] [2019-11-22T15:20:00.120Z] > authorizing via signed-in user
[debug] [2019-11-22T15:20:00.120Z] [iam] checking project skylar-social-17190 for permissions ["cloudfunctions.functions.create","cloudfunctions.functions.delete","cloudfunctions.functions.get","cloudfunctions.functions.list","cloudfunctions.functions.update","cloudfunctions.operations.get","firebase.projects.get"]
[debug] [2019-11-22T15:20:00.122Z] >>> HTTP REQUEST POST https://cloudresourcemanager.googleapis.com/v1/projects/skylar-social-17190:testIamPermissions  

[debug] [2019-11-22T15:20:00.531Z] <<< HTTP RESPONSE 200
[info] 
[info] === Deploying to 'skylar-social-17190'...
[info] 
[info] i  deploying functions
[debug] [2019-11-22T15:20:02.260Z] > [functions] package.json contents: {
  "name": "functions",
  "description": "Cloud Functions for Firebase",
  "scripts": {
    "serve": "firebase serve --only functions",
    "shell": "firebase functions:shell",
    "start": "npm run shell",
    "deploy": "firebase deploy --only functions",
    "logs": "firebase functions:log"
  },
  "engines": {
    "node": "8"
  },
  "dependencies": {
    "firebase-admin": "^8.6.0",
    "firebase-functions": "^3.3.0"
  },
  "devDependencies": {
    "firebase-functions-test": "^0.1.6"
  },
  "private": true
}
[info] i  functions: ensuring necessary APIs are enabled...
[debug] [2019-11-22T15:20:02.262Z] >>> HTTP REQUEST GET https://serviceusage.googleapis.com/v1/projects/skylar-social-17190/services/cloudfunctions.googleapis.com  
 
[debug] [2019-11-22T15:20:02.263Z] >>> HTTP REQUEST GET https://serviceusage.googleapis.com/v1/projects/skylar-social-17190/services/runtimeconfig.googleapis.com  
 
[debug] [2019-11-22T15:20:02.677Z] <<< HTTP RESPONSE 200
[debug] [2019-11-22T15:20:02.687Z] <<< HTTP RESPONSE 200
[info] ✔  functions: all necessary APIs are enabled
[debug] [2019-11-22T15:20:02.689Z] >>> HTTP REQUEST GET https://firebase.googleapis.com/v1beta1/projects/skylar-social-17190/adminSdkConfig  
 
[debug] [2019-11-22T15:20:02.883Z] <<< HTTP RESPONSE 200
[info] i  functions: preparing functions directory for uploading...
[debug] [2019-11-22T15:20:02.887Z] >>> HTTP REQUEST GET https://runtimeconfig.googleapis.com/v1beta1/projects/skylar-social-17190/configs  
 
[debug] [2019-11-22T15:20:03.104Z] <<< HTTP RESPONSE 200
[info] i  functions: packaged functions (25.14 KB) for uploading
[debug] [2019-11-22T15:20:03.294Z] >>> HTTP REQUEST POST https://cloudfunctions.googleapis.com/v1/projects/skylar-social-17190/locations/us-central1/functions:generateUploadUrl  
 
[debug] [2019-11-22T15:20:03.903Z] <<< HTTP RESPONSE 200
[debug] [2019-11-22T15:20:03.904Z] >>> HTTP REQUEST PUT https://storage.googleapis.com/gcf-upload-us-central1-13fad88a-a511-4d5c-aa1d-168b38ed74fd/475978e0-bccc-4f74-b7b0-28868acb0958.zip?GoogleAccessId=service-861778122764@gcf-admin-robot.iam.gserviceaccount.com&Expires=1574437800&Signature=GkGYVZHpxG5Gsg5e%2F70NDtUMOZLg8hAmX%2Fij2Nln0D3XsRP%2B%2FeVZJt3DvZppfcyjPO93kcLUCGfnw1%2FA%2FR1uIIyAdwJfH5DRCunN%2BVIT0f%2BbgvyhTvBsxE160iAuUQt4JU0Elmn9bkhS%2Fts7k9FxPy4M577hspF86WRXRex9t133GhORSix8UKFGRkuwcFbpd1tjs552Mo6HbngI4jl%2BUMkGvfMuHMcXV4%2FI4UA8thDhGo9W3DR6OkB1jjl54f3xXiW1A%2FRe2OiKOoOmBPcru2j8XU1XRk06GMKaHnw6kfocKRzrG8g6b4dN9%2Fn8mg6CVG2N6ob3vNLV1Yh1wyu%2Few%3D%3D  
 <request body omitted>
[debug] [2019-11-22T15:20:04.161Z] <<< HTTP RESPONSE 200
[info] ✔  functions: functions folder uploaded successfully
[debug] [2019-11-22T15:20:04.165Z] >>> HTTP REQUEST GET https://cloudfunctions.googleapis.com/v1/projects/skylar-social-17190/locations/-/functions  
 
[debug] [2019-11-22T15:20:04.501Z] <<< HTTP RESPONSE 200
[info] i  functions: updating Node.js 8 function countUnread(us-central1)...
[debug] [2019-11-22T15:20:04.504Z] Trigger is:  {"eventTrigger":{"resource":"projects/skylar-social-17190/databases/(default)/documents/chats/{userId}/messages/{message}","eventType":"providers/cloud.firestore/eventTypes/document.create","service":"firestore.googleapis.com"}}
[info] i  functions: updating Node.js 8 function readMonths(us-central1)...
[debug] [2019-11-22T15:20:04.505Z] Trigger is:  {"httpsTrigger":{}}
[info] i  functions: updating Node.js 8 function readClientMessages(us-central1)...
[debug] [2019-11-22T15:20:04.505Z] Trigger is:  {"httpsTrigger":{}}
[info] i  functions: updating Node.js 8 function getNumberOfMonths(us-central1)...
[debug] [2019-11-22T15:20:04.506Z] Trigger is:  {"httpsTrigger":{}}
[debug] [2019-11-22T15:20:04.507Z] >>> HTTP REQUEST GET https://serviceusage.googleapis.com/v1/projects/skylar-social-17190/services/cloudscheduler.googleapis.com  
 
[debug] [2019-11-22T15:20:04.827Z] <<< HTTP RESPONSE 200
[debug] [2019-11-22T15:20:04.831Z] >>> HTTP REQUEST PATCH https://cloudfunctions.googleapis.com/v1/projects/skylar-social-17190/locations/us-central1/functions/countUnread {"updateMask":"sourceUploadUrl,name,labels,runtime,eventTrigger.resource,eventTrigger.eventType,eventTrigger.service"} 

[debug] [2019-11-22T15:20:04.832Z] >>> HTTP REQUEST PATCH https://cloudfunctions.googleapis.com/v1/projects/skylar-social-17190/locations/us-central1/functions/readMonths {"updateMask":"sourceUploadUrl,name,labels,runtime,httpsTrigger"} 

[debug] [2019-11-22T15:20:04.833Z] >>> HTTP REQUEST PATCH https://cloudfunctions.googleapis.com/v1/projects/skylar-social-17190/locations/us-central1/functions/readClientMessages {"updateMask":"sourceUploadUrl,name,labels,runtime,httpsTrigger"} 

[debug] [2019-11-22T15:20:04.834Z] >>> HTTP REQUEST PATCH https://cloudfunctions.googleapis.com/v1/projects/skylar-social-17190/locations/us-central1/functions/getNumberOfMonths {"updateMask":"sourceUploadUrl,name,labels,runtime,httpsTrigger"} 

[debug] [2019-11-22T15:20:05.069Z] <<< HTTP RESPONSE 400
[debug] [2019-11-22T15:20:05.069Z] <<< HTTP RESPONSE BODY
[warn] ⚠  functions: failed to update function getNumberOfMonths
[info] HTTP Error: 400, An operation on function getNumberOfMonths in region us-central1 in project skylar-social-17190 is already in progress. Please try again later.
[debug] [2019-11-22T15:20:05.073Z] <<< HTTP RESPONSE 400
[debug] [2019-11-22T15:20:05.073Z] <<< HTTP RESPONSE BODY
[warn] ⚠  functions: failed to update function readMonths
[info] HTTP Error: 400, An operation on function readMonths in region us-central1 in project skylar-social-17190 is already in progress. Please try again later.
[debug] [2019-11-22T15:20:05.084Z] <<< HTTP RESPONSE 400
[debug] [2019-11-22T15:20:05.084Z] <<< HTTP RESPONSE BODY
[warn] ⚠  functions: failed to update function countUnread
[info] HTTP Error: 400, An operation on function countUnread in region us-central1 in project skylar-social-17190 is already in progress. Please try again later.
[debug] [2019-11-22T15:20:05.132Z] <<< HTTP RESPONSE 200
[debug] [2019-11-22T15:20:05.133Z] >>> HTTP REQUEST GET https://cloudfunctions.googleapis.com/v1/projects/skylar-social-17190/locations/-/functions  
 
[debug] [2019-11-22T15:20:05.542Z] <<< HTTP RESPONSE 200
[debug] [2019-11-22T15:20:05.544Z] >>> HTTP REQUEST GET https://cloudfunctions.googleapis.com/v1/operations/c2t5bGFyLXNvY2lhbC0xNzE5MC91cy1jZW50cmFsMS9yZWFkQ2xpZW50TWVzc2FnZXMvT0dZWEtKcnBPMjQ  
 
[debug] [2019-11-22T15:20:05.707Z] <<< HTTP RESPONSE 200
[debug] [2019-11-22T15:20:07.712Z] >>> HTTP REQUEST GET https://cloudfunctions.googleapis.com/v1/operations/c2t5bGFyLXNvY2lhbC0xNzE5MC91cy1jZW50cmFsMS9yZWFkQ2xpZW50TWVzc2FnZXMvT0dZWEtKcnBPMjQ  
 
[debug] [2019-11-22T15:20:07.902Z] <<< HTTP RESPONSE 200
[debug] [2019-11-22T15:20:09.903Z] >>> HTTP REQUEST GET https://cloudfunctions.googleapis.com/v1/operations/c2t5bGFyLXNvY2lhbC0xNzE5MC91cy1jZW50cmFsMS9yZWFkQ2xpZW50TWVzc2FnZXMvT0dZWEtKcnBPMjQ  
 
[debug] [2019-11-22T15:20:10.098Z] <<< HTTP RESPONSE 200
[debug] [2019-11-22T15:20:12.099Z] >>> HTTP REQUEST GET https://cloudfunctions.googleapis.com/v1/operations/c2t5bGFyLXNvY2lhbC0xNzE5MC91cy1jZW50cmFsMS9yZWFkQ2xpZW50TWVzc2FnZXMvT0dZWEtKcnBPMjQ  
 
[debug] [2019-11-22T15:20:12.270Z] <<< HTTP RESPONSE 200
[debug] [2019-11-22T15:20:14.276Z] >>> HTTP REQUEST GET https://cloudfunctions.googleapis.com/v1/operations/c2t5bGFyLXNvY2lhbC0xNzE5MC91cy1jZW50cmFsMS9yZWFkQ2xpZW50TWVzc2FnZXMvT0dZWEtKcnBPMjQ  
 
[debug] [2019-11-22T15:20:14.468Z] <<< HTTP RESPONSE 200
[debug] [2019-11-22T15:20:16.471Z] >>> HTTP REQUEST GET https://cloudfunctions.googleapis.com/v1/operations/c2t5bGFyLXNvY2lhbC0xNzE5MC91cy1jZW50cmFsMS9yZWFkQ2xpZW50TWVzc2FnZXMvT0dZWEtKcnBPMjQ  
 
[debug] [2019-11-22T15:20:16.649Z] <<< HTTP RESPONSE 200
[debug] [2019-11-22T15:20:18.654Z] >>> HTTP REQUEST GET https://cloudfunctions.googleapis.com/v1/operations/c2t5bGFyLXNvY2lhbC0xNzE5MC91cy1jZW50cmFsMS9yZWFkQ2xpZW50TWVzc2FnZXMvT0dZWEtKcnBPMjQ  
 
[debug] [2019-11-22T15:20:18.845Z] <<< HTTP RESPONSE 200
[debug] [2019-11-22T15:20:20.851Z] >>> HTTP REQUEST GET https://cloudfunctions.googleapis.com/v1/operations/c2t5bGFyLXNvY2lhbC0xNzE5MC91cy1jZW50cmFsMS9yZWFkQ2xpZW50TWVzc2FnZXMvT0dZWEtKcnBPMjQ  
 
[debug] [2019-11-22T15:20:21.030Z] <<< HTTP RESPONSE 200
